;  LST file generated by mikroListExporter - v.2.0 
; Date/Time: 09/03/2026 13:34:13
;----------------------------------------------

;Address Opcode 	ASM
0x0000	0xF000EF46  	GOTO        140
_interrupt:
;p5b.c,4 :: 		void interrupt(){
0x0008	0xF016C000  	MOVFF       R0, 22
0x000C	0xF015C001  	MOVFF       R1, 21
;p5b.c,12 :: 		char a = PORTA.B0;
0x0010	0x0E00      	MOVLW       0
0x0012	0xB080      	BTFSC       PORTA, 0 
0x0014	0x0E01      	MOVLW       1
0x0016	0x6E02      	MOVWF       R2 
;p5b.c,13 :: 		if(Q == 0){
0x0018	0x5017      	MOVF        _Q, 0 
0x001A	0x0A00      	XORLW       0
0x001C	0xE109      	BNZ         L_interrupt0
;p5b.c,14 :: 		if(a == 0){
0x001E	0x5002      	MOVF        R2, 0 
0x0020	0x0A00      	XORLW       0
0x0022	0xB4D8      	BTFSC       STATUS, 2 
;p5b.c,16 :: 		Q = 0;
0x0024	0x6A17      	CLRF        _Q 
;p5b.c,17 :: 		}
L_interrupt1:
;p5b.c,18 :: 		if(a == 1){
0x0026	0x5002      	MOVF        R2, 0 
0x0028	0x0A01      	XORLW       1
0x002A	0xE102      	BNZ         L_interrupt2
;p5b.c,19 :: 		Q = 1;
0x002C	0x0E01      	MOVLW       1
0x002E	0x6E17      	MOVWF       _Q 
;p5b.c,20 :: 		}
L_interrupt2:
;p5b.c,21 :: 		}
L_interrupt0:
;p5b.c,22 :: 		if(Q == 1){
0x0030	0x5017      	MOVF        _Q, 0 
0x0032	0x0A01      	XORLW       1
0x0034	0xE116      	BNZ         L_interrupt3
;p5b.c,23 :: 		if(a == 0){
0x0036	0x5002      	MOVF        R2, 0 
0x0038	0x0A00      	XORLW       0
0x003A	0xE10E      	BNZ         L_interrupt4
;p5b.c,24 :: 		Q = 2;
0x003C	0x0E02      	MOVLW       2
0x003E	0x6E17      	MOVWF       _Q 
;p5b.c,25 :: 		PORTA.B3++;
0x0040	0x6A00      	CLRF        R0 
0x0042	0xB680      	BTFSC       PORTA, 3 
0x0044	0x2A00      	INCF        R0, 1 
0x0046	0x0E00      	MOVLW       0
0x0048	0x6E01      	MOVWF       R1 
0x004A	0x4A00      	INFSNZ      R0, 1 
0x004C	0x2A01      	INCF        R1, 1 
0x004E	0xB000      	BTFSC       R0, 0 
0x0050	0xD002      	BRA         L__interrupt11
0x0052	0x9680      	BCF         PORTA, 3 
0x0054	0xD001      	BRA         L__interrupt12
L__interrupt11:
0x0056	0x8680      	BSF         PORTA, 3 
L__interrupt12:
;p5b.c,26 :: 		}
L_interrupt4:
;p5b.c,27 :: 		if(a == 1){
0x0058	0x5002      	MOVF        R2, 0 
0x005A	0x0A01      	XORLW       1
0x005C	0xE102      	BNZ         L_interrupt5
;p5b.c,29 :: 		Q = 1;
0x005E	0x0E01      	MOVLW       1
0x0060	0x6E17      	MOVWF       _Q 
;p5b.c,30 :: 		}
L_interrupt5:
;p5b.c,31 :: 		}
L_interrupt3:
;p5b.c,32 :: 		if(Q == 2){
0x0062	0x5017      	MOVF        _Q, 0 
0x0064	0x0A02      	XORLW       2
0x0066	0xB4D8      	BTFSC       STATUS, 2 
;p5b.c,33 :: 		Q = 0;
0x0068	0x6A17      	CLRF        _Q 
;p5b.c,34 :: 		}
L_interrupt6:
;p5b.c,35 :: 		INTCON.TMR0IF = 0;
0x006A	0x94F2      	BCF         INTCON, 2 
;p5b.c,36 :: 		TMR0H = (alfa >> 8);
0x006C	0x6AD7      	CLRF        TMR0H 
;p5b.c,37 :: 		TMR0L = alfa;
0x006E	0xFFD6C018  	MOVFF       _alfa, TMR0L
;p5b.c,39 :: 		}
L_end_interrupt:
L__interrupt10:
0x0072	0xF000C016  	MOVFF       22, R0
0x0076	0xF001C015  	MOVFF       21, R1
0x007A	0x0011      	RETFIE      1
; end of _interrupt
___CC2DW:
;__Lib_System.c,21 :: 		
;__Lib_System.c,23 :: 		
_CC2DL_Loop1:
;__Lib_System.c,24 :: 		
0x007C	0x0009      	TBLRD*+
;__Lib_System.c,25 :: 		
0x007E	0xFFE6CFF5  	MOVFF       TABLAT, POSTINC1
;__Lib_System.c,26 :: 		
0x0082	0x0600      	DECF        R0, 1, 0
;__Lib_System.c,27 :: 		
0x0084	0xE1FB      	BNZ         _CC2DL_Loop1
;__Lib_System.c,28 :: 		
0x0086	0x0601      	DECF        R1, 1, 0
;__Lib_System.c,29 :: 		
0x0088	0xE1F9      	BNZ         _CC2DL_Loop1
;__Lib_System.c,31 :: 		
L_end___CC2DW:
0x008A	0x0012      	RETURN      0
; end of ___CC2DW
_main:
0x008C	0x6A17      	CLRF        _Q 
0x008E	0x0E48      	MOVLW       72
0x0090	0x6E18      	MOVWF       _alfa 
;p5b.c,41 :: 		void main() {
;p5b.c,42 :: 		ADCON1 = 0x07;
0x0092	0x0E07      	MOVLW       7
0x0094	0x6EC1      	MOVWF       ADCON1 
;p5b.c,43 :: 		TRISA.B0 = 1;
0x0096	0x8092      	BSF         TRISA, 0 
;p5b.c,44 :: 		TRISA.B3 = 0;
0x0098	0x9692      	BCF         TRISA, 3 
;p5b.c,46 :: 		T0CON = 0b10010001;
0x009A	0x0E91      	MOVLW       145
0x009C	0x6ED5      	MOVWF       T0CON 
;p5b.c,47 :: 		INTCON.TMR0IF = 0; // se pone el flag a 0
0x009E	0x94F2      	BCF         INTCON, 2 
;p5b.c,48 :: 		INTCON.TMR0IE = 1; // se habilita la interrupción del Timer 0
0x00A0	0x8AF2      	BSF         INTCON, 5 
;p5b.c,49 :: 		INTCON.GIE = 1; // se habilitan las interrupciones en general
0x00A2	0x8EF2      	BSF         INTCON, 7 
;p5b.c,51 :: 		TMR0H = (alfa >> 8);
0x00A4	0x6AD7      	CLRF        TMR0H 
;p5b.c,52 :: 		TMR0L = alfa;
0x00A6	0xFFD6C018  	MOVFF       _alfa, TMR0L
;p5b.c,56 :: 		while(1){
L_main7:
;p5b.c,58 :: 		}
0x00AA	0xD7FF      	BRA         L_main7
;p5b.c,59 :: 		}
L_end_main:
0x00AC	0xD7FF      	BRA         $+0
; end of _main
Symbol List:
//** Routines locations **
//ADDRESS    SIZE    PROCEDURE
//----------------------------------------------
0x0008     [116]    _interrupt
0x007C      [16]    ___CC2DW
0x008C      [34]    _main
//** Variables locations ** 
//ADDRESS    SIZE    VARIABLE
//----------------------------------------------
0x0000       [1]    R0
0x0001       [1]    R1
0x0002       [1]    R2
0x0002       [1]    interrupt_a_L0
0x0003       [1]    R3
0x0004       [1]    R4
0x0005       [1]    R5
0x0006       [1]    R6
0x0007       [1]    R7
0x0008       [1]    R8
0x0009       [1]    R9
0x000A       [1]    R10
0x000B       [1]    R11
0x000C       [1]    R12
0x000D       [1]    R13
0x000E       [1]    R14
0x000F       [1]    R15
0x0010       [1]    R16
0x0011       [1]    R17
0x0012       [1]    R18
0x0013       [1]    R19
0x0014       [1]    R20
0x0017       [1]    _Q
0x0018       [1]    _alfa
0x0F80       [1]    PORTA
0x0F92       [1]    TRISA
0x0FC1       [1]    ADCON1
0x0FD5       [1]    T0CON
0x0FD6       [1]    TMR0L
0x0FD7       [1]    TMR0H
0x0FD8       [1]    STATUS
0x0FD9       [1]    FSR2L
0x0FDA       [1]    FSR2H
0x0FDE       [1]    POSTINC2
0x0FE0       [1]    BSR
0x0FE1       [1]    FSR1L
0x0FE2       [1]    FSR1H
0x0FE4       [1]    PREINC1
0x0FE6       [1]    POSTINC1
0x0FE7       [1]    INDF1
0x0FE8       [1]    WREG
0x0FE9       [1]    FSR0L
0x0FEA       [1]    FSR0H
0x0FEE       [1]    POSTINC0
0x0FF2       [1]    INTCON
0x0FF3       [1]    PRODL
0x0FF4       [1]    PRODH
0x0FF5       [1]    TABLAT
0x0FF6       [1]    TBLPTRL
0x0FF7       [1]    TBLPTRH
0x0FF8       [1]    TBLPTRU
