;  LST file generated by mikroListExporter - v.2.0 
; Date/Time: 14/02/2026 22:23:19
;----------------------------------------------

;Address Opcode 	ASM
0x0000	0xF000EF0E  	GOTO        28
0x0004	0x0000      	NOP
0x0006	0x0000      	NOP
0x0008	0xF000EF00  	GOTO        0
0x000C	0x0000      	NOP
0x000E	0x0000      	NOP
0x0010	0x0000      	NOP
0x0012	0x0000      	NOP
0x0014	0x0000      	NOP
0x0016	0x0000      	NOP
0x0018	0xD7F3      	BRA         0
_main:
;p3a.c,14 :: 		void main() {
;p3a.c,15 :: 		char botonPulsado = 0;
0x001C	0x6A15      	CLRF        main_botonPulsado_L0 
;p3a.c,16 :: 		TRISB.B2 = 1;
0x001E	0x8493      	BSF         TRISB, 2 
;p3a.c,17 :: 		TRISB.B3 = 0;
0x0020	0x9693      	BCF         TRISB, 3 
;p3a.c,18 :: 		while(1){
L_main0:
;p3a.c,19 :: 		if(PORTB.B2 == 1 && botonPulsado == 0){
0x0022	0xA481      	BTFSS       PORTB, 2 
0x0024	0xD00E      	BRA         L_main4
0x0026	0x5015      	MOVF        main_botonPulsado_L0, 0 
0x0028	0x0A00      	XORLW       0
0x002A	0xE10B      	BNZ         L_main4
L__main10:
;p3a.c,20 :: 		botonPulsado = 1;
0x002C	0x0E01      	MOVLW       1
0x002E	0x6E15      	MOVWF       main_botonPulsado_L0 
;p3a.c,21 :: 		PORTB.B3 += 1;
0x0030	0x6A00      	CLRF        R0 
0x0032	0xB681      	BTFSC       PORTB, 3 
0x0034	0x2A00      	INCF        R0, 1 
0x0036	0x2A00      	INCF        R0, 1 
0x0038	0xB000      	BTFSC       R0, 0 
0x003A	0xD002      	BRA         L__main12
0x003C	0x9681      	BCF         PORTB, 3 
0x003E	0xD001      	BRA         L__main13
L__main12:
0x0040	0x8681      	BSF         PORTB, 3 
L__main13:
;p3a.c,23 :: 		}
L_main4:
;p3a.c,24 :: 		if(PORTB.B2 == 0 && botonPulsado == 1){
0x0042	0xB481      	BTFSC       PORTB, 2 
0x0044	0xD004      	BRA         L_main7
0x0046	0x5015      	MOVF        main_botonPulsado_L0, 0 
0x0048	0x0A01      	XORLW       1
0x004A	0xB4D8      	BTFSC       STATUS, 2 
L__main9:
;p3a.c,25 :: 		botonPulsado = 0;
0x004C	0x6A15      	CLRF        main_botonPulsado_L0 
;p3a.c,26 :: 		}
L_main7:
;p3a.c,27 :: 		delay_ms(25);
0x004E	0x0E41      	MOVLW       65
0x0050	0x6E0C      	MOVWF       R12, 0
0x0052	0x0EEE      	MOVLW       238
0x0054	0x6E0D      	MOVWF       R13, 0
L_main8:
0x0056	0x2E0D      	DECFSZ      R13, 1, 0
0x0058	0xD7FE      	BRA         L_main8
0x005A	0x2E0C      	DECFSZ      R12, 1, 0
0x005C	0xD7FC      	BRA         L_main8
0x005E	0x0000      	NOP
;p3a.c,29 :: 		}
0x0060	0xD7E0      	BRA         L_main0
;p3a.c,30 :: 		}
L_end_main:
0x0062	0xD7FF      	BRA         $+0
; end of _main
Symbol List:
//** Routines locations **
//ADDRESS    SIZE    PROCEDURE
//----------------------------------------------
0x001C      [72]    _main
//** Variables locations ** 
//ADDRESS    SIZE    VARIABLE
//----------------------------------------------
0x0000       [1]    R0
0x0001       [1]    R1
0x0002       [1]    R2
0x0003       [1]    R3
0x0004       [1]    R4
0x0005       [1]    R5
0x0006       [1]    R6
0x0007       [1]    R7
0x0008       [1]    R8
0x0009       [1]    R9
0x000A       [1]    R10
0x000B       [1]    R11
0x000C       [1]    R12
0x000D       [1]    R13
0x000E       [1]    R14
0x000F       [1]    R15
0x0010       [1]    R16
0x0011       [1]    R17
0x0012       [1]    R18
0x0013       [1]    R19
0x0014       [1]    R20
0x0015       [1]    main_botonPulsado_L0
0x0F81       [1]    PORTB
0x0F93       [1]    TRISB
0x0FD8       [1]    STATUS
0x0FD9       [1]    FSR2L
0x0FDA       [1]    FSR2H
0x0FDE       [1]    POSTINC2
0x0FE0       [1]    BSR
0x0FE1       [1]    FSR1L
0x0FE2       [1]    FSR1H
0x0FE4       [1]    PREINC1
0x0FE6       [1]    POSTINC1
0x0FE7       [1]    INDF1
0x0FE8       [1]    WREG
0x0FE9       [1]    FSR0L
0x0FEA       [1]    FSR0H
0x0FEE       [1]    POSTINC0
0x0FF3       [1]    PRODL
0x0FF4       [1]    PRODH
0x0FF5       [1]    TABLAT
0x0FF6       [1]    TBLPTRL
0x0FF7       [1]    TBLPTRH
0x0FF8       [1]    TBLPTRU
