;  LST file generated by mikroListExporter - v.2.0 
; Date/Time: 09/03/2026 13:35:35
;----------------------------------------------

;Address Opcode 	ASM
0x0000	0xF000EF42  	GOTO        132
_interrupt:
;p5c.c,4 :: 		void interrupt(){
0x0008	0xF016C000  	MOVFF       R0, 22
0x000C	0xF015C001  	MOVFF       R1, 21
;p5c.c,7 :: 		if(INTCON.INT0IF){
0x0010	0xA2F2      	BTFSS       INTCON, 1 
0x0012	0xD011      	BRA         L_interrupt0
;p5c.c,8 :: 		INTCON.INT0IF = 0;
0x0014	0x92F2      	BCF         INTCON, 1 
;p5c.c,10 :: 		if(!timer_activo){
0x0016	0x5219      	MOVF        _timer_activo, 1 
0x0018	0xE10E      	BNZ         L_interrupt1
;p5c.c,11 :: 		PORTC.B0 = 1;
0x001A	0x8082      	BSF         PORTC, 0 
;p5c.c,12 :: 		timer_activo = 1;
0x001C	0x0E01      	MOVLW       1
0x001E	0x6E19      	MOVWF       _timer_activo 
;p5c.c,13 :: 		TMR0H = (alfa >> 8);
0x0020	0xF000C01B  	MOVFF       _alfa+1, R0
0x0024	0x0E00      	MOVLW       0
0x0026	0xBE1B      	BTFSC       _alfa+1, 7 
0x0028	0x0EFF      	MOVLW       255
0x002A	0x6E01      	MOVWF       R1 
0x002C	0xFFD7C000  	MOVFF       R0, TMR0H
;p5c.c,14 :: 		TMR0L = alfa;
0x0030	0xFFD6C01A  	MOVFF       _alfa, TMR0L
;p5c.c,15 :: 		T0CON.TMR0ON = 1;
0x0034	0x8ED5      	BSF         T0CON, 7 
;p5c.c,17 :: 		}
L_interrupt1:
;p5c.c,18 :: 		}
L_interrupt0:
;p5c.c,20 :: 		if(INTCON3.INT1IF){
0x0036	0xA0F0      	BTFSS       INTCON3, 0 
0x0038	0xD011      	BRA         L_interrupt2
;p5c.c,21 :: 		INTCON3.INT1IF = 0;
0x003A	0x90F0      	BCF         INTCON3, 0 
;p5c.c,22 :: 		if(!timer_activo){
0x003C	0x5219      	MOVF        _timer_activo, 1 
0x003E	0xE10E      	BNZ         L_interrupt3
;p5c.c,23 :: 		PORTC.B6 = 1;
0x0040	0x8C82      	BSF         PORTC, 6 
;p5c.c,24 :: 		timer_activo = 1;
0x0042	0x0E01      	MOVLW       1
0x0044	0x6E19      	MOVWF       _timer_activo 
;p5c.c,25 :: 		TMR0H = (beta >> 8);
0x0046	0xF000C018  	MOVFF       _beta+1, R0
0x004A	0x0E00      	MOVLW       0
0x004C	0xBE18      	BTFSC       _beta+1, 7 
0x004E	0x0EFF      	MOVLW       255
0x0050	0x6E01      	MOVWF       R1 
0x0052	0xFFD7C000  	MOVFF       R0, TMR0H
;p5c.c,26 :: 		TMR0L = beta;
0x0056	0xFFD6C017  	MOVFF       _beta, TMR0L
;p5c.c,27 :: 		T0CON.TMR0ON = 1;
0x005A	0x8ED5      	BSF         T0CON, 7 
;p5c.c,28 :: 		}
L_interrupt3:
;p5c.c,29 :: 		}
L_interrupt2:
;p5c.c,30 :: 		if(INTCON.TMR0IF){
0x005C	0xA4F2      	BTFSS       INTCON, 2 
0x005E	0xD005      	BRA         L_interrupt4
;p5c.c,31 :: 		INTCON.TMR0IF = 0;
0x0060	0x94F2      	BCF         INTCON, 2 
;p5c.c,32 :: 		PORTC.B0 = 0;
0x0062	0x9082      	BCF         PORTC, 0 
;p5c.c,33 :: 		PORTC.B6 = 0;
0x0064	0x9C82      	BCF         PORTC, 6 
;p5c.c,34 :: 		timer_activo = 0;
0x0066	0x6A19      	CLRF        _timer_activo 
;p5c.c,35 :: 		T0CON.TMR0ON = 0;
0x0068	0x9ED5      	BCF         T0CON, 7 
;p5c.c,37 :: 		}
L_interrupt4:
;p5c.c,38 :: 		}
L_end_interrupt:
L__interrupt8:
0x006A	0xF000C016  	MOVFF       22, R0
0x006E	0xF001C015  	MOVFF       21, R1
0x0072	0x0011      	RETFIE      1
; end of _interrupt
___CC2DW:
;__Lib_System.c,21 :: 		
;__Lib_System.c,23 :: 		
_CC2DL_Loop1:
;__Lib_System.c,24 :: 		
0x0074	0x0009      	TBLRD*+
;__Lib_System.c,25 :: 		
0x0076	0xFFE6CFF5  	MOVFF       TABLAT, POSTINC1
;__Lib_System.c,26 :: 		
0x007A	0x0600      	DECF        R0, 1, 0
;__Lib_System.c,27 :: 		
0x007C	0xE1FB      	BNZ         _CC2DL_Loop1
;__Lib_System.c,28 :: 		
0x007E	0x0601      	DECF        R1, 1, 0
;__Lib_System.c,29 :: 		
0x0080	0xE1F9      	BNZ         _CC2DL_Loop1
;__Lib_System.c,31 :: 		
L_end___CC2DW:
0x0082	0x0012      	RETURN      0
; end of ___CC2DW
_main:
0x0084	0x0EDC      	MOVLW       220
0x0086	0x6E17      	MOVWF       _beta 
0x0088	0x0E0B      	MOVLW       11
0x008A	0x6E18      	MOVWF       24 
0x008C	0x6A19      	CLRF        _timer_activo 
0x008E	0x0EE5      	MOVLW       229
0x0090	0x6E1A      	MOVWF       _alfa 
0x0092	0x0E48      	MOVLW       72
0x0094	0x6E1B      	MOVWF       27 
;p5c.c,39 :: 		void main() {
;p5c.c,40 :: 		ADCON1 = 0x07;
0x0096	0x0E07      	MOVLW       7
0x0098	0x6EC1      	MOVWF       ADCON1 
;p5c.c,41 :: 		TRISB.B0 = 1;
0x009A	0x8093      	BSF         TRISB, 0 
;p5c.c,42 :: 		TRISB.B1 = 1;
0x009C	0x8293      	BSF         TRISB, 1 
;p5c.c,43 :: 		TRISC.B0 = 0;
0x009E	0x9094      	BCF         TRISC, 0 
;p5c.c,44 :: 		TRISC.B6 = 0;
0x00A0	0x9C94      	BCF         TRISC, 6 
;p5c.c,47 :: 		INTCON2.INTEDG0 = 1;
0x00A2	0x8CF1      	BSF         INTCON2, 6 
;p5c.c,48 :: 		INTCON.INT0IF = 0;
0x00A4	0x92F2      	BCF         INTCON, 1 
;p5c.c,49 :: 		INTCON.INT0IE = 1;
0x00A6	0x88F2      	BSF         INTCON, 4 
;p5c.c,52 :: 		INTCON2.INTEDG1 = 1;
0x00A8	0x8AF1      	BSF         INTCON2, 5 
;p5c.c,53 :: 		INTCON3.INT1IF = 0;
0x00AA	0x90F0      	BCF         INTCON3, 0 
;p5c.c,54 :: 		INTCON3.INT1IE = 1;
0x00AC	0x86F0      	BSF         INTCON3, 3 
;p5c.c,56 :: 		T0CON = 0b00010110;
0x00AE	0x0E16      	MOVLW       22
0x00B0	0x6ED5      	MOVWF       T0CON 
;p5c.c,58 :: 		INTCON.TMR0IF = 0; // se pone el flag a 0
0x00B2	0x94F2      	BCF         INTCON, 2 
;p5c.c,59 :: 		INTCON.TMR0IE = 1; // se habilita la interrupción del Timer 0
0x00B4	0x8AF2      	BSF         INTCON, 5 
;p5c.c,65 :: 		INTCON.GIE = 1; // se habilitan las interrupciones en general
0x00B6	0x8EF2      	BSF         INTCON, 7 
;p5c.c,68 :: 		while(1){
L_main5:
;p5c.c,71 :: 		}
0x00B8	0xD7FF      	BRA         L_main5
;p5c.c,72 :: 		}
L_end_main:
0x00BA	0xD7FF      	BRA         $+0
; end of _main
Symbol List:
//** Routines locations **
//ADDRESS    SIZE    PROCEDURE
//----------------------------------------------
0x0008     [108]    _interrupt
0x0074      [16]    ___CC2DW
0x0084      [56]    _main
//** Variables locations ** 
//ADDRESS    SIZE    VARIABLE
//----------------------------------------------
0x0000       [1]    R0
0x0001       [1]    R1
0x0002       [1]    R2
0x0003       [1]    R3
0x0004       [1]    R4
0x0005       [1]    R5
0x0006       [1]    R6
0x0007       [1]    R7
0x0008       [1]    R8
0x0009       [1]    R9
0x000A       [1]    R10
0x000B       [1]    R11
0x000C       [1]    R12
0x000D       [1]    R13
0x000E       [1]    R14
0x000F       [1]    R15
0x0010       [1]    R16
0x0011       [1]    R17
0x0012       [1]    R18
0x0013       [1]    R19
0x0014       [1]    R20
0x0017       [2]    _beta
0x0019       [1]    _timer_activo
0x001A       [2]    _alfa
0x0F82       [1]    PORTC
0x0F93       [1]    TRISB
0x0F94       [1]    TRISC
0x0FC1       [1]    ADCON1
0x0FD5       [1]    T0CON
0x0FD6       [1]    TMR0L
0x0FD7       [1]    TMR0H
0x0FD8       [1]    STATUS
0x0FD9       [1]    FSR2L
0x0FDA       [1]    FSR2H
0x0FDE       [1]    POSTINC2
0x0FE0       [1]    BSR
0x0FE1       [1]    FSR1L
0x0FE2       [1]    FSR1H
0x0FE4       [1]    PREINC1
0x0FE6       [1]    POSTINC1
0x0FE7       [1]    INDF1
0x0FE8       [1]    WREG
0x0FE9       [1]    FSR0L
0x0FEA       [1]    FSR0H
0x0FEE       [1]    POSTINC0
0x0FF0       [1]    INTCON3
0x0FF1       [1]    INTCON2
0x0FF2       [1]    INTCON
0x0FF3       [1]    PRODL
0x0FF4       [1]    PRODH
0x0FF5       [1]    TABLAT
0x0FF6       [1]    TBLPTRL
0x0FF7       [1]    TBLPTRH
0x0FF8       [1]    TBLPTRU
