;  LST file generated by mikroListExporter - v.2.0 
; Date/Time: 26/02/2026 17:33:09
;----------------------------------------------

;Address Opcode 	ASM
0x0000	0xF001EF47  	GOTO        654
_interrupt:
;a.c,28 :: 		void interrupt(){
0x0008	0xF016C00C  	MOVFF       R12, 22
0x000C	0xF015C00D  	MOVFF       R13, 21
;a.c,31 :: 		key = tecla(); //en la variable key se guarda un número correspondiente al valor ASCII de la tecla pulsada
0x0010	0xD8D5      	RCALL       _tecla
;a.c,32 :: 		Lcd_Chr_CP(key);
0x0012	0xF019C000  	MOVFF       R0, FARG_Lcd_Chr_CP_out_char
0x0016	0xD881      	RCALL       _Lcd_Chr_CP
;a.c,33 :: 		x = PORTB; // para poder borrar el bit RBIF (define x global)
0x0018	0xF018CF81  	MOVFF       PORTB, _x
;a.c,34 :: 		INTCON.RBIF=0; // se borra el bit RBIF después de llamar a la función tecla()
0x001C	0x90F2      	BCF         INTCON, 0 
;a.c,35 :: 		}
L_end_interrupt:
L__interrupt15:
0x001E	0xF00CC016  	MOVFF       22, R12
0x0022	0xF00DC015  	MOVFF       21, R13
0x0026	0x0011      	RETFIE      1
; end of _interrupt
_Delay_5500us:
;__Lib_Delays.c,31 :: 		void Delay_5500us() {
;__Lib_Delays.c,32 :: 		Delay_us(5500);
0x0028	0x0E0F      	MOVLW       15
0x002A	0x6E0C      	MOVWF       R12, 0
0x002C	0x0E47      	MOVLW       71
0x002E	0x6E0D      	MOVWF       R13, 0
L_Delay_5500us5:
0x0030	0x2E0D      	DECFSZ      R13, 1, 0
0x0032	0xD7FE      	BRA         L_Delay_5500us5
0x0034	0x2E0C      	DECFSZ      R12, 1, 0
0x0036	0xD7FC      	BRA         L_Delay_5500us5
0x0038	0x0000      	NOP
0x003A	0x0000      	NOP
;__Lib_Delays.c,33 :: 		}
L_end_Delay_5500us:
0x003C	0x0012      	RETURN      0
; end of _Delay_5500us
_Delay_1us:
;__Lib_Delays.c,7 :: 		void Delay_1us() {
;__Lib_Delays.c,8 :: 		Delay_us(1);
0x003E	0x0000      	NOP
0x0040	0x0000      	NOP
;__Lib_Delays.c,9 :: 		}
L_end_Delay_1us:
0x0042	0x0012      	RETURN      0
; end of _Delay_1us
_Delay_50us:
;__Lib_Delays.c,19 :: 		void Delay_50us() {
;__Lib_Delays.c,20 :: 		Delay_us(50);
0x0044	0x0E21      	MOVLW       33
0x0046	0x6E0D      	MOVWF       R13, 0
L_Delay_50us2:
0x0048	0x2E0D      	DECFSZ      R13, 1, 0
0x004A	0xD7FE      	BRA         L_Delay_50us2
;__Lib_Delays.c,21 :: 		}
L_end_Delay_50us:
0x004C	0x0012      	RETURN      0
; end of _Delay_50us
_Mul_16X16_U:
;__Lib_Math.c,440 :: 		
;__Lib_Math.c,447 :: 		
0x004E	0x6A0B      	CLRF        R11, 0
;__Lib_Math.c,448 :: 		
0x0050	0x6A0A      	CLRF        R10, 0
;__Lib_Math.c,449 :: 		
0x0052	0x6A09      	CLRF        R9, 0
;__Lib_Math.c,450 :: 		
0x0054	0x5000      	MOVF        R0, 0, 0
;__Lib_Math.c,451 :: 		
0x0056	0x0204      	MULWF       R4, 0
;__Lib_Math.c,453 :: 		
0x0058	0xF009CFF4  	MOVFF       PRODH, R9
;__Lib_Math.c,454 :: 		
0x005C	0xF008CFF3  	MOVFF       PRODL, R8
;__Lib_Math.c,455 :: 		
0x0060	0x5001      	MOVF        R1, 0, 0
;__Lib_Math.c,456 :: 		
0x0062	0x0205      	MULWF       R5, 0
;__Lib_Math.c,458 :: 		
0x0064	0xF00BCFF4  	MOVFF       PRODH, R11
;__Lib_Math.c,459 :: 		
0x0068	0xF00ACFF3  	MOVFF       PRODL, R10
;__Lib_Math.c,460 :: 		
0x006C	0x5000      	MOVF        R0, 0, 0
;__Lib_Math.c,461 :: 		
0x006E	0x0205      	MULWF       R5, 0
;__Lib_Math.c,463 :: 		
0x0070	0x50F3      	MOVF        PRODL, 0, 0
;__Lib_Math.c,464 :: 		
0x0072	0x2609      	ADDWF       R9, 1, 0
;__Lib_Math.c,465 :: 		
0x0074	0x50F4      	MOVF        PRODH, 0, 0
;__Lib_Math.c,466 :: 		
0x0076	0x220A      	ADDWFC      R10, 1, 0
;__Lib_Math.c,467 :: 		
0x0078	0x6AE8      	CLRF        WREG, 0
;__Lib_Math.c,468 :: 		
0x007A	0x220B      	ADDWFC      R11, 1, 0
;__Lib_Math.c,469 :: 		
0x007C	0x5001      	MOVF        R1, 0, 0
;__Lib_Math.c,470 :: 		
0x007E	0x0204      	MULWF       R4, 0
;__Lib_Math.c,472 :: 		
0x0080	0x50F3      	MOVF        PRODL, 0, 0
;__Lib_Math.c,473 :: 		
0x0082	0x2609      	ADDWF       R9, 1, 0
;__Lib_Math.c,474 :: 		
0x0084	0x50F4      	MOVF        PRODH, 0, 0
;__Lib_Math.c,475 :: 		
0x0086	0x220A      	ADDWFC      R10, 1, 0
;__Lib_Math.c,476 :: 		
0x0088	0x6AE8      	CLRF        WREG, 0
;__Lib_Math.c,477 :: 		
0x008A	0x220B      	ADDWFC      R11, 1, 0
;__Lib_Math.c,479 :: 		
0x008C	0xF000C008  	MOVFF       R8, R0
;__Lib_Math.c,480 :: 		
0x0090	0xF001C009  	MOVFF       R9, R1
;__Lib_Math.c,481 :: 		
0x0094	0xF002C00A  	MOVFF       R10, R2
;__Lib_Math.c,482 :: 		
0x0098	0xF003C00B  	MOVFF       R11, R3
;__Lib_Math.c,485 :: 		
L_end_Mul_16X16_U:
0x009C	0x0012      	RETURN      0
; end of _Mul_16X16_U
_Lcd_Cmd:
;__Lib_Lcd.c,18 :: 		
;__Lib_Lcd.c,20 :: 		
0x009E	0xBE28      	BTFSC       FARG_Lcd_Cmd_out_char, 7 
0x00A0	0xD002      	BRA         L__Lcd_Cmd21
0x00A2	0x9E83      	BCF         LCD_D7, BitPos(LCD_D7+0) 
0x00A4	0xD001      	BRA         L__Lcd_Cmd22
L__Lcd_Cmd21:
0x00A6	0x8E83      	BSF         LCD_D7, BitPos(LCD_D7+0) 
L__Lcd_Cmd22:
;__Lib_Lcd.c,21 :: 		
0x00A8	0xBC28      	BTFSC       FARG_Lcd_Cmd_out_char, 6 
0x00AA	0xD002      	BRA         L__Lcd_Cmd23
0x00AC	0x9C83      	BCF         LCD_D6, BitPos(LCD_D6+0) 
0x00AE	0xD001      	BRA         L__Lcd_Cmd24
L__Lcd_Cmd23:
0x00B0	0x8C83      	BSF         LCD_D6, BitPos(LCD_D6+0) 
L__Lcd_Cmd24:
;__Lib_Lcd.c,22 :: 		
0x00B2	0xBA28      	BTFSC       FARG_Lcd_Cmd_out_char, 5 
0x00B4	0xD002      	BRA         L__Lcd_Cmd25
0x00B6	0x9A83      	BCF         LCD_D5, BitPos(LCD_D5+0) 
0x00B8	0xD001      	BRA         L__Lcd_Cmd26
L__Lcd_Cmd25:
0x00BA	0x8A83      	BSF         LCD_D5, BitPos(LCD_D5+0) 
L__Lcd_Cmd26:
;__Lib_Lcd.c,23 :: 		
0x00BC	0xB828      	BTFSC       FARG_Lcd_Cmd_out_char, 4 
0x00BE	0xD002      	BRA         L__Lcd_Cmd27
0x00C0	0x9883      	BCF         LCD_D4, BitPos(LCD_D4+0) 
0x00C2	0xD001      	BRA         L__Lcd_Cmd28
L__Lcd_Cmd27:
0x00C4	0x8883      	BSF         LCD_D4, BitPos(LCD_D4+0) 
L__Lcd_Cmd28:
;__Lib_Lcd.c,25 :: 		
0x00C6	0xB017      	BTFSC       __Lib_Lcd_cmd_status, BitPos(__Lib_Lcd_cmd_status+0) 
0x00C8	0xD002      	BRA         L__Lcd_Cmd29
0x00CA	0x8483      	BSF         LCD_RS, BitPos(LCD_RS+0) 
0x00CC	0xD001      	BRA         L__Lcd_Cmd30
L__Lcd_Cmd29:
0x00CE	0x9483      	BCF         LCD_RS, BitPos(LCD_RS+0) 
L__Lcd_Cmd30:
;__Lib_Lcd.c,28 :: 		
0x00D0	0x8683      	BSF         LCD_EN, BitPos(LCD_EN+0) 
;__Lib_Lcd.c,29 :: 		
0x00D2	0xDFB5      	RCALL       _Delay_1us
;__Lib_Lcd.c,30 :: 		
0x00D4	0x9683      	BCF         LCD_EN, BitPos(LCD_EN+0) 
;__Lib_Lcd.c,33 :: 		
0x00D6	0xB628      	BTFSC       FARG_Lcd_Cmd_out_char, 3 
0x00D8	0xD002      	BRA         L__Lcd_Cmd31
0x00DA	0x9E83      	BCF         LCD_D7, BitPos(LCD_D7+0) 
0x00DC	0xD001      	BRA         L__Lcd_Cmd32
L__Lcd_Cmd31:
0x00DE	0x8E83      	BSF         LCD_D7, BitPos(LCD_D7+0) 
L__Lcd_Cmd32:
;__Lib_Lcd.c,34 :: 		
0x00E0	0xB428      	BTFSC       FARG_Lcd_Cmd_out_char, 2 
0x00E2	0xD002      	BRA         L__Lcd_Cmd33
0x00E4	0x9C83      	BCF         LCD_D6, BitPos(LCD_D6+0) 
0x00E6	0xD001      	BRA         L__Lcd_Cmd34
L__Lcd_Cmd33:
0x00E8	0x8C83      	BSF         LCD_D6, BitPos(LCD_D6+0) 
L__Lcd_Cmd34:
;__Lib_Lcd.c,35 :: 		
0x00EA	0xB228      	BTFSC       FARG_Lcd_Cmd_out_char, 1 
0x00EC	0xD002      	BRA         L__Lcd_Cmd35
0x00EE	0x9A83      	BCF         LCD_D5, BitPos(LCD_D5+0) 
0x00F0	0xD001      	BRA         L__Lcd_Cmd36
L__Lcd_Cmd35:
0x00F2	0x8A83      	BSF         LCD_D5, BitPos(LCD_D5+0) 
L__Lcd_Cmd36:
;__Lib_Lcd.c,36 :: 		
0x00F4	0xB028      	BTFSC       FARG_Lcd_Cmd_out_char, 0 
0x00F6	0xD002      	BRA         L__Lcd_Cmd37
0x00F8	0x9883      	BCF         LCD_D4, BitPos(LCD_D4+0) 
0x00FA	0xD001      	BRA         L__Lcd_Cmd38
L__Lcd_Cmd37:
0x00FC	0x8883      	BSF         LCD_D4, BitPos(LCD_D4+0) 
L__Lcd_Cmd38:
;__Lib_Lcd.c,38 :: 		
0x00FE	0xB017      	BTFSC       __Lib_Lcd_cmd_status, BitPos(__Lib_Lcd_cmd_status+0) 
0x0100	0xD002      	BRA         L__Lcd_Cmd39
0x0102	0x8483      	BSF         LCD_RS, BitPos(LCD_RS+0) 
0x0104	0xD001      	BRA         L__Lcd_Cmd40
L__Lcd_Cmd39:
0x0106	0x9483      	BCF         LCD_RS, BitPos(LCD_RS+0) 
L__Lcd_Cmd40:
;__Lib_Lcd.c,40 :: 		
0x0108	0x8683      	BSF         LCD_EN, BitPos(LCD_EN+0) 
;__Lib_Lcd.c,41 :: 		
0x010A	0xDF99      	RCALL       _Delay_1us
;__Lib_Lcd.c,42 :: 		
0x010C	0x9683      	BCF         LCD_EN, BitPos(LCD_EN+0) 
;__Lib_Lcd.c,44 :: 		
0x010E	0xA017      	BTFSS       __Lib_Lcd_cmd_status, BitPos(__Lib_Lcd_cmd_status+0) 
0x0110	0xD002      	BRA         L_Lcd_Cmd0
;__Lib_Lcd.c,45 :: 		
0x0112	0xDF8A      	RCALL       _Delay_5500us
0x0114	0xD001      	BRA         L_Lcd_Cmd1
L_Lcd_Cmd0:
;__Lib_Lcd.c,47 :: 		
0x0116	0xDF96      	RCALL       _Delay_50us
L_Lcd_Cmd1:
;__Lib_Lcd.c,48 :: 		
L_end_Lcd_Cmd:
0x0118	0x0012      	RETURN      0
; end of _Lcd_Cmd
_Lcd_Chr_CP:
;__Lib_Lcd.c,50 :: 		
;__Lib_Lcd.c,52 :: 		
0x011A	0x9017      	BCF         __Lib_Lcd_cmd_status, BitPos(__Lib_Lcd_cmd_status+0) 
;__Lib_Lcd.c,53 :: 		
0x011C	0xF028C019  	MOVFF       FARG_Lcd_Chr_CP_out_char, FARG_Lcd_Cmd_out_char
0x0120	0xDFBE      	RCALL       _Lcd_Cmd
;__Lib_Lcd.c,54 :: 		
0x0122	0x8017      	BSF         __Lib_Lcd_cmd_status, BitPos(__Lib_Lcd_cmd_status+0) 
;__Lib_Lcd.c,55 :: 		
L_end_Lcd_Chr_CP:
0x0124	0x0012      	RETURN      0
; end of _Lcd_Chr_CP
_Lcd_Init:
;__Lib_Lcd.c,84 :: 		
;__Lib_Lcd.c,86 :: 		
0x0126	0x9695      	BCF         LCD_EN_Direction, BitPos(LCD_EN_Direction+0) 
;__Lib_Lcd.c,87 :: 		
0x0128	0x9495      	BCF         LCD_RS_Direction, BitPos(LCD_RS_Direction+0) 
;__Lib_Lcd.c,88 :: 		
0x012A	0x9895      	BCF         LCD_D4_Direction, BitPos(LCD_D4_Direction+0) 
;__Lib_Lcd.c,89 :: 		
0x012C	0x9A95      	BCF         LCD_D5_Direction, BitPos(LCD_D5_Direction+0) 
;__Lib_Lcd.c,90 :: 		
0x012E	0x9C95      	BCF         LCD_D6_Direction, BitPos(LCD_D6_Direction+0) 
;__Lib_Lcd.c,91 :: 		
0x0130	0x9E95      	BCF         LCD_D7_Direction, BitPos(LCD_D7_Direction+0) 
;__Lib_Lcd.c,93 :: 		
0x0132	0x9683      	BCF         LCD_EN, BitPos(LCD_EN+0) 
;__Lib_Lcd.c,94 :: 		
0x0134	0x9483      	BCF         LCD_RS, BitPos(LCD_RS+0) 
;__Lib_Lcd.c,95 :: 		
0x0136	0x9E83      	BCF         LCD_D7, BitPos(LCD_D7+0) 
;__Lib_Lcd.c,96 :: 		
0x0138	0x9C83      	BCF         LCD_D6, BitPos(LCD_D6+0) 
;__Lib_Lcd.c,97 :: 		
0x013A	0x9A83      	BCF         LCD_D5, BitPos(LCD_D5+0) 
;__Lib_Lcd.c,98 :: 		
0x013C	0x9883      	BCF         LCD_D4, BitPos(LCD_D4+0) 
;__Lib_Lcd.c,100 :: 		
0x013E	0xDF74      	RCALL       _Delay_5500us
;__Lib_Lcd.c,101 :: 		
0x0140	0xDF73      	RCALL       _Delay_5500us
;__Lib_Lcd.c,102 :: 		
0x0142	0xDF72      	RCALL       _Delay_5500us
;__Lib_Lcd.c,105 :: 		
0x0144	0x8A83      	BSF         LCD_D5, BitPos(LCD_D5+0) 
;__Lib_Lcd.c,106 :: 		
0x0146	0x8883      	BSF         LCD_D4, BitPos(LCD_D4+0) 
;__Lib_Lcd.c,107 :: 		
0x0148	0x8683      	BSF         LCD_EN, BitPos(LCD_EN+0) 
;__Lib_Lcd.c,108 :: 		
0x014A	0xDF79      	RCALL       _Delay_1us
;__Lib_Lcd.c,109 :: 		
0x014C	0x9683      	BCF         LCD_EN, BitPos(LCD_EN+0) 
;__Lib_Lcd.c,110 :: 		
0x014E	0xDF6C      	RCALL       _Delay_5500us
;__Lib_Lcd.c,112 :: 		
0x0150	0x8683      	BSF         LCD_EN, BitPos(LCD_EN+0) 
;__Lib_Lcd.c,113 :: 		
0x0152	0xDF75      	RCALL       _Delay_1us
;__Lib_Lcd.c,114 :: 		
0x0154	0x9683      	BCF         LCD_EN, BitPos(LCD_EN+0) 
;__Lib_Lcd.c,115 :: 		
0x0156	0xDF68      	RCALL       _Delay_5500us
;__Lib_Lcd.c,117 :: 		
0x0158	0x8683      	BSF         LCD_EN, BitPos(LCD_EN+0) 
;__Lib_Lcd.c,118 :: 		
0x015A	0xDF71      	RCALL       _Delay_1us
;__Lib_Lcd.c,119 :: 		
0x015C	0x9683      	BCF         LCD_EN, BitPos(LCD_EN+0) 
;__Lib_Lcd.c,120 :: 		
0x015E	0xDF64      	RCALL       _Delay_5500us
;__Lib_Lcd.c,123 :: 		
0x0160	0x9883      	BCF         LCD_D4, BitPos(LCD_D4+0) 
;__Lib_Lcd.c,124 :: 		
0x0162	0x8683      	BSF         LCD_EN, BitPos(LCD_EN+0) 
;__Lib_Lcd.c,125 :: 		
0x0164	0xDF6C      	RCALL       _Delay_1us
;__Lib_Lcd.c,126 :: 		
0x0166	0x9683      	BCF         LCD_EN, BitPos(LCD_EN+0) 
;__Lib_Lcd.c,127 :: 		
0x0168	0xDF5F      	RCALL       _Delay_5500us
;__Lib_Lcd.c,130 :: 		
0x016A	0x8683      	BSF         LCD_EN, BitPos(LCD_EN+0) 
;__Lib_Lcd.c,131 :: 		
0x016C	0xDF68      	RCALL       _Delay_1us
;__Lib_Lcd.c,132 :: 		
0x016E	0x9683      	BCF         LCD_EN, BitPos(LCD_EN+0) 
;__Lib_Lcd.c,134 :: 		
0x0170	0x9A83      	BCF         LCD_D5, BitPos(LCD_D5+0) 
;__Lib_Lcd.c,135 :: 		
0x0172	0x8E83      	BSF         LCD_D7, BitPos(LCD_D7+0) 
;__Lib_Lcd.c,136 :: 		
0x0174	0x8683      	BSF         LCD_EN, BitPos(LCD_EN+0) 
;__Lib_Lcd.c,137 :: 		
0x0176	0xDF63      	RCALL       _Delay_1us
;__Lib_Lcd.c,138 :: 		
0x0178	0x9683      	BCF         LCD_EN, BitPos(LCD_EN+0) 
;__Lib_Lcd.c,139 :: 		
0x017A	0xDF56      	RCALL       _Delay_5500us
;__Lib_Lcd.c,142 :: 		
0x017C	0x9E83      	BCF         LCD_D7, BitPos(LCD_D7+0) 
;__Lib_Lcd.c,143 :: 		
0x017E	0x8883      	BSF         LCD_D4, BitPos(LCD_D4+0) 
;__Lib_Lcd.c,144 :: 		
0x0180	0x8683      	BSF         LCD_EN, BitPos(LCD_EN+0) 
;__Lib_Lcd.c,145 :: 		
0x0182	0xDF5D      	RCALL       _Delay_1us
;__Lib_Lcd.c,146 :: 		
0x0184	0x9683      	BCF         LCD_EN, BitPos(LCD_EN+0) 
;__Lib_Lcd.c,148 :: 		
0x0186	0x9883      	BCF         LCD_D4, BitPos(LCD_D4+0) 
;__Lib_Lcd.c,149 :: 		
0x0188	0x8683      	BSF         LCD_EN, BitPos(LCD_EN+0) 
;__Lib_Lcd.c,150 :: 		
0x018A	0xDF59      	RCALL       _Delay_1us
;__Lib_Lcd.c,151 :: 		
0x018C	0x9683      	BCF         LCD_EN, BitPos(LCD_EN+0) 
;__Lib_Lcd.c,152 :: 		
0x018E	0xDF4C      	RCALL       _Delay_5500us
;__Lib_Lcd.c,155 :: 		
0x0190	0x8683      	BSF         LCD_EN, BitPos(LCD_EN+0) 
;__Lib_Lcd.c,156 :: 		
0x0192	0xDF55      	RCALL       _Delay_1us
;__Lib_Lcd.c,157 :: 		
0x0194	0x9683      	BCF         LCD_EN, BitPos(LCD_EN+0) 
;__Lib_Lcd.c,159 :: 		
0x0196	0x8883      	BSF         LCD_D4, BitPos(LCD_D4+0) 
;__Lib_Lcd.c,160 :: 		
0x0198	0x8683      	BSF         LCD_EN, BitPos(LCD_EN+0) 
;__Lib_Lcd.c,161 :: 		
0x019A	0xDF51      	RCALL       _Delay_1us
;__Lib_Lcd.c,162 :: 		
0x019C	0x9683      	BCF         LCD_EN, BitPos(LCD_EN+0) 
;__Lib_Lcd.c,163 :: 		
0x019E	0xDF44      	RCALL       _Delay_5500us
;__Lib_Lcd.c,166 :: 		
0x01A0	0x9883      	BCF         LCD_D4, BitPos(LCD_D4+0) 
;__Lib_Lcd.c,167 :: 		
0x01A2	0x8683      	BSF         LCD_EN, BitPos(LCD_EN+0) 
;__Lib_Lcd.c,168 :: 		
0x01A4	0xDF4C      	RCALL       _Delay_1us
;__Lib_Lcd.c,169 :: 		
0x01A6	0x9683      	BCF         LCD_EN, BitPos(LCD_EN+0) 
;__Lib_Lcd.c,171 :: 		
0x01A8	0x8E83      	BSF         LCD_D7, BitPos(LCD_D7+0) 
;__Lib_Lcd.c,172 :: 		
0x01AA	0x8C83      	BSF         LCD_D6, BitPos(LCD_D6+0) 
;__Lib_Lcd.c,173 :: 		
0x01AC	0x8A83      	BSF         LCD_D5, BitPos(LCD_D5+0) 
;__Lib_Lcd.c,174 :: 		
0x01AE	0x8883      	BSF         LCD_D4, BitPos(LCD_D4+0) 
;__Lib_Lcd.c,175 :: 		
0x01B0	0x8683      	BSF         LCD_EN, BitPos(LCD_EN+0) 
;__Lib_Lcd.c,176 :: 		
0x01B2	0xDF45      	RCALL       _Delay_1us
;__Lib_Lcd.c,177 :: 		
0x01B4	0x9683      	BCF         LCD_EN, BitPos(LCD_EN+0) 
;__Lib_Lcd.c,179 :: 		
0x01B6	0xDF38      	RCALL       _Delay_5500us
;__Lib_Lcd.c,181 :: 		
0x01B8	0x8017      	BSF         __Lib_Lcd_cmd_status, BitPos(__Lib_Lcd_cmd_status+0) 
;__Lib_Lcd.c,182 :: 		
L_end_Lcd_Init:
0x01BA	0x0012      	RETURN      0
; end of _Lcd_Init
_tecla:
;tecla12int.h,24 :: 		unsigned char tecla() // Esta funcion devuelve el valor asociado a la tecla
;tecla12int.h,27 :: 		unsigned char columna=0, fila, aux1=0x10, aux2;
0x01BC	0x6A1A      	CLRF        tecla_columna_L0 
0x01BE	0x0E10      	MOVLW       16
0x01C0	0x6E1B      	MOVWF       tecla_aux1_L0 
0x01C2	0x0E31      	MOVLW       49
0x01C4	0x6E1C      	MOVWF       tecla_teclado_L0 
0x01C6	0x0E32      	MOVLW       50
0x01C8	0x6E1D      	MOVWF       tecla_teclado_L0+1 
0x01CA	0x0E33      	MOVLW       51
0x01CC	0x6E1E      	MOVWF       tecla_teclado_L0+2 
0x01CE	0x0E34      	MOVLW       52
0x01D0	0x6E1F      	MOVWF       tecla_teclado_L0+3 
0x01D2	0x0E35      	MOVLW       53
0x01D4	0x6E20      	MOVWF       tecla_teclado_L0+4 
0x01D6	0x0E36      	MOVLW       54
0x01D8	0x6E21      	MOVWF       tecla_teclado_L0+5 
0x01DA	0x0E37      	MOVLW       55
0x01DC	0x6E22      	MOVWF       tecla_teclado_L0+6 
0x01DE	0x0E38      	MOVLW       56
0x01E0	0x6E23      	MOVWF       tecla_teclado_L0+7 
0x01E2	0x0E39      	MOVLW       57
0x01E4	0x6E24      	MOVWF       tecla_teclado_L0+8 
0x01E6	0x0E2A      	MOVLW       42
0x01E8	0x6E25      	MOVWF       tecla_teclado_L0+9 
0x01EA	0x0E30      	MOVLW       48
0x01EC	0x6E26      	MOVWF       tecla_teclado_L0+10 
0x01EE	0x0E23      	MOVLW       35
0x01F0	0x6E27      	MOVWF       tecla_teclado_L0+11 
;tecla12int.h,31 :: 		delay_ms(Debounce);// antes de empezar a escanear las filas y las columnas se
0x01F2	0x0E1A      	MOVLW       26
0x01F4	0x6E0C      	MOVWF       R12, 0
0x01F6	0x0EF8      	MOVLW       248
0x01F8	0x6E0D      	MOVWF       R13, 0
L_tecla0:
0x01FA	0x2E0D      	DECFSZ      R13, 1, 0
0x01FC	0xD7FE      	BRA         L_tecla0
0x01FE	0x2E0C      	DECFSZ      R12, 1, 0
0x0200	0xD7FC      	BRA         L_tecla0
0x0202	0x0000      	NOP
;tecla12int.h,33 :: 		for(fila=0; fila<Rows; fila++) // escaneamos las filas para averiguar la fila
0x0204	0x6A19      	CLRF        tecla_fila_L0 
L_tecla1:
0x0206	0x0E04      	MOVLW       4
0x0208	0x5C19      	SUBWF       tecla_fila_L0, 0 
0x020A	0xE20B      	BC          L_tecla2
;tecla12int.h,35 :: 		if((PORTB&aux1)==0x00) break; //en la fila de la tecla pulsada hay un 0 y en
0x020C	0x501B      	MOVF        tecla_aux1_L0, 0 
0x020E	0x1481      	ANDWF       PORTB, 0 
0x0210	0x6E01      	MOVWF       R1 
0x0212	0x5001      	MOVF        R1, 0 
0x0214	0x0A00      	XORLW       0
0x0216	0xE101      	BNZ         L_tecla4
0x0218	0xD004      	BRA         L_tecla2
L_tecla4:
;tecla12int.h,36 :: 		aux1=(aux1<<1);                //las demás hay un 1.
0x021A	0x361B      	RLCF        tecla_aux1_L0, 1 
0x021C	0x901B      	BCF         tecla_aux1_L0, 0 
;tecla12int.h,33 :: 		for(fila=0; fila<Rows; fila++) // escaneamos las filas para averiguar la fila
0x021E	0x2A19      	INCF        tecla_fila_L0, 1 
;tecla12int.h,37 :: 		}
0x0220	0xD7F2      	BRA         L_tecla1
L_tecla2:
;tecla12int.h,39 :: 		PORTB=0x01; // valor del puerto B para escanear la primera columna (columna=0).
0x0222	0x0E01      	MOVLW       1
0x0224	0x6E81      	MOVWF       PORTB 
;tecla12int.h,41 :: 		while((PORTB&MASK)!=MASK)// se escanean las columnas hasta que se encuentra la
L_tecla5:
0x0226	0x0EF0      	MOVLW       240
0x0228	0x1481      	ANDWF       PORTB, 0 
0x022A	0x6E01      	MOVWF       R1 
0x022C	0x5001      	MOVF        R1, 0 
0x022E	0x0AF0      	XORLW       240
0x0230	0xE008      	BZ          L_tecla6
;tecla12int.h,43 :: 		PORTB=(PORTB<<1);       //caso, las filas estarán todas a 1. Al escanear las
0x0232	0xF000CF81  	MOVFF       PORTB, R0
0x0236	0x3600      	RLCF        R0, 1 
0x0238	0x9000      	BCF         R0, 0 
0x023A	0xFF81C000  	MOVFF       R0, PORTB
;tecla12int.h,44 :: 		columna++;            //columnas se produce un flanco de subida en el terminal
0x023E	0x2A1A      	INCF        tecla_columna_L0, 1 
;tecla12int.h,45 :: 		}                      //correspondiente a la fila de la tecla pulsada, lo que
0x0240	0xD7F2      	BRA         L_tecla5
L_tecla6:
;tecla12int.h,48 :: 		PORTB=0x00; //condiciones del PORTB de espera a que se pulse una nueva tecla
0x0242	0x6A81      	CLRF        PORTB 
;tecla12int.h,50 :: 		do // esperamos a que se deje de pulsar la tecla para enviar su valor.
L_tecla7:
;tecla12int.h,51 :: 		{delay_ms(2);
0x0244	0x0E06      	MOVLW       6
0x0246	0x6E0C      	MOVWF       R12, 0
0x0248	0x0E30      	MOVLW       48
0x024A	0x6E0D      	MOVWF       R13, 0
L_tecla10:
0x024C	0x2E0D      	DECFSZ      R13, 1, 0
0x024E	0xD7FE      	BRA         L_tecla10
0x0250	0x2E0C      	DECFSZ      R12, 1, 0
0x0252	0xD7FC      	BRA         L_tecla10
0x0254	0x0000      	NOP
;tecla12int.h,52 :: 		}while((PORTB&0xF0)!=0xF0); //Al soltar la tecla, se produce un cambio de nivel
0x0256	0x0EF0      	MOVLW       240
0x0258	0x1481      	ANDWF       PORTB, 0 
0x025A	0x6E01      	MOVWF       R1 
0x025C	0x5001      	MOVF        R1, 0 
0x025E	0x0AF0      	XORLW       240
0x0260	0xE1F1      	BNZ         L_tecla7
;tecla12int.h,56 :: 		aux2=teclado[fila][columna];//devuelve el valor ASCII de la tecla pulsada
0x0262	0x0E03      	MOVLW       3
0x0264	0x6E00      	MOVWF       R0 
0x0266	0x0E00      	MOVLW       0
0x0268	0x6E01      	MOVWF       R1 
0x026A	0xF004C019  	MOVFF       tecla_fila_L0, R4
0x026E	0x0E00      	MOVLW       0
0x0270	0x6E05      	MOVWF       R5 
0x0272	0xDEED      	RCALL       _Mul_16X16_U
0x0274	0x0E1C      	MOVLW       tecla_teclado_L0
0x0276	0x2600      	ADDWF       R0, 1 
0x0278	0x0E00      	MOVLW       hi_addr(tecla_teclado_L0)
0x027A	0x2201      	ADDWFC      R1, 1 
0x027C	0x501A      	MOVF        tecla_columna_L0, 0 
0x027E	0x2400      	ADDWF       R0, 0 
0x0280	0x6EE9      	MOVWF       FSR0L 
0x0282	0x0E00      	MOVLW       0
0x0284	0x2001      	ADDWFC      R1, 0 
0x0286	0x6EEA      	MOVWF       FSR0L+1 
;tecla12int.h,57 :: 		return aux2;
0x0288	0xF000CFEE  	MOVFF       POSTINC0, R0
;tecla12int.h,58 :: 		}
L_end_tecla:
0x028C	0x0012      	RETURN      0
; end of _tecla
_main:
;a.c,37 :: 		void main()
;a.c,41 :: 		ADCON1 = 0x07; //configuraci?n de los canales anal?gicos (AN) como digitales
0x028E	0x0E07      	MOVLW       7
0x0290	0x6EC1      	MOVWF       ADCON1 
;a.c,44 :: 		TRISB = 0xF0;
0x0292	0x0EF0      	MOVLW       240
0x0294	0x6E93      	MOVWF       TRISB 
;a.c,45 :: 		TRISD = 0x00;
0x0296	0x6A95      	CLRF        TRISD 
;a.c,48 :: 		Lcd_Init ();
0x0298	0xDF46      	RCALL       _Lcd_Init
;a.c,50 :: 		INTCON2.RBPU = 0; // se habilitan las resistencias de pullup del puerto B
0x029A	0x9EF1      	BCF         INTCON2, 7 
;a.c,51 :: 		x = PORTB; // para poder borrar el RBIF
0x029C	0xF018CF81  	MOVFF       PORTB, _x
;a.c,52 :: 		INTCON.RBIF = 0;
0x02A0	0x90F2      	BCF         INTCON, 0 
;a.c,53 :: 		INTCON.RBIE = 1;
0x02A2	0x86F2      	BSF         INTCON, 3 
;a.c,54 :: 		INTCON.GIE = 1;
0x02A4	0x8EF2      	BSF         INTCON, 7 
;a.c,56 :: 		while(1) //bucle infinito
L_main11:
;a.c,59 :: 		}
0x02A6	0xD7FF      	BRA         L_main11
;a.c,60 :: 		}
L_end_main:
0x02A8	0xD7FF      	BRA         $+0
; end of _main
Symbol List:
//** Routines locations **
//ADDRESS    SIZE    PROCEDURE
//----------------------------------------------
0x0008      [32]    _interrupt
0x0028      [22]    _Delay_5500us
0x003E       [6]    _Delay_1us
0x0044      [10]    _Delay_50us
0x004E      [80]    _Mul_16X16_U
0x009E     [124]    _Lcd_Cmd
0x011A      [12]    _Lcd_Chr_CP
0x0126     [150]    _Lcd_Init
0x01BC     [210]    _tecla
0x028E      [28]    _main
//** Variables locations ** 
//ADDRESS    SIZE    VARIABLE
//----------------------------------------------
0x0000       [1]    R0
0x0001       [1]    R1
0x0002       [1]    R2
0x0003       [1]    R3
0x0004       [1]    R4
0x0005       [1]    R5
0x0006       [1]    R6
0x0007       [1]    R7
0x0008       [1]    R8
0x0009       [1]    R9
0x000A       [1]    R10
0x000B       [1]    R11
0x000C       [1]    R12
0x000D       [1]    R13
0x000E       [1]    R14
0x000F       [1]    R15
0x0010       [1]    R16
0x0011       [1]    R17
0x0012       [1]    R18
0x0013       [1]    R19
0x0014       [1]    R20
0x0017       [0]    __Lib_Lcd_cmd_status
0x0018       [1]    _x
0x0019       [1]    tecla_fila_L0
0x0019       [1]    FARG_Lcd_Chr_CP_out_char
0x001A       [1]    tecla_columna_L0
0x001B       [1]    tecla_aux1_L0
0x001C      [12]    tecla_teclado_L0
0x0028       [1]    FARG_Lcd_Cmd_out_char
0x0F81       [1]    PORTB
0x0F83       [0]    RD5_bit
0x0F83       [1]    PORTD
0x0F83       [0]    RD4_bit
0x0F83       [0]    RD7_bit
0x0F83       [0]    RD6_bit
0x0F83       [0]    RD2_bit
0x0F83       [0]    LCD_EN
0x0F83       [0]    LCD_D7
0x0F83       [0]    LCD_RS
0x0F83       [0]    LCD_D6
0x0F83       [0]    LCD_D5
0x0F83       [0]    LCD_D4
0x0F93       [1]    TRISB
0x0F95       [0]    LCD_D7_Direction
0x0F95       [0]    LCD_D5_Direction
0x0F95       [0]    LCD_D6_Direction
0x0F95       [0]    TRISD4_bit
0x0F95       [0]    TRISD2_bit
0x0F95       [0]    LCD_EN_Direction
0x0F95       [0]    LCD_RS_Direction
0x0F95       [0]    LCD_D4_Direction
0x0F95       [0]    TRISD7_bit
0x0F95       [1]    TRISD
0x0F95       [0]    TRISD6_bit
0x0F95       [0]    TRISD5_bit
0x0FC1       [1]    ADCON1
0x0FD8       [1]    STATUS
0x0FD9       [1]    FSR2L
0x0FDA       [1]    FSR2H
0x0FDE       [1]    POSTINC2
0x0FE0       [1]    BSR
0x0FE1       [1]    FSR1L
0x0FE2       [1]    FSR1H
0x0FE4       [1]    PREINC1
0x0FE6       [1]    POSTINC1
0x0FE7       [1]    INDF1
0x0FE8       [1]    WREG
0x0FE9       [1]    FSR0L
0x0FEA       [1]    FSR0H
0x0FEE       [1]    POSTINC0
0x0FF1       [1]    INTCON2
0x0FF2       [1]    INTCON
0x0FF3       [1]    PRODL
0x0FF4       [1]    PRODH
0x0FF5       [1]    TABLAT
0x0FF6       [1]    TBLPTRL
0x0FF7       [1]    TBLPTRH
0x0FF8       [1]    TBLPTRU
