;  LST file generated by mikroListExporter - v.2.0 
; Date/Time: 26/02/2026 18:49:14
;----------------------------------------------

;Address Opcode 	ASM
0x0000	0xF000EF15  	GOTO        42
_interrupt:
;d.c,10 :: 		void interrupt(){
;d.c,12 :: 		estado = !estado;
0x0008	0x5215      	MOVF        _estado, 1 
0x000A	0x0E01      	MOVLW       1
0x000C	0xA4D8      	BTFSS       STATUS, 2 
0x000E	0x0E00      	MOVLW       0
0x0010	0x6E15      	MOVWF       _estado 
;d.c,14 :: 		x = PORTB; // para poder borrar el bit RBIF (define x global)
0x0012	0xF016CF81  	MOVFF       PORTB, _x
;d.c,15 :: 		INTCON.RBIF=0; // se borra el bit RBIF después de llamar a la función tecla()
0x0016	0x90F2      	BCF         INTCON, 0 
;d.c,16 :: 		}
L_end_interrupt:
L__interrupt7:
0x0018	0x0011      	RETFIE      1
; end of _interrupt
___CC2DW:
;__Lib_System.c,21 :: 		
;__Lib_System.c,23 :: 		
_CC2DL_Loop1:
;__Lib_System.c,24 :: 		
0x001A	0x0009      	TBLRD*+
;__Lib_System.c,25 :: 		
0x001C	0xFFE6CFF5  	MOVFF       TABLAT, POSTINC1
;__Lib_System.c,26 :: 		
0x0020	0x0600      	DECF        R0, 1, 0
;__Lib_System.c,27 :: 		
0x0022	0xE1FB      	BNZ         _CC2DL_Loop1
;__Lib_System.c,28 :: 		
0x0024	0x0601      	DECF        R1, 1, 0
;__Lib_System.c,29 :: 		
0x0026	0xE1F9      	BNZ         _CC2DL_Loop1
;__Lib_System.c,31 :: 		
L_end___CC2DW:
0x0028	0x0012      	RETURN      0
; end of ___CC2DW
_main:
0x002A	0x6A15      	CLRF        _estado 
;d.c,18 :: 		void main()
;d.c,22 :: 		ADCON1 = 0x07; //configuraci?n de los canales anal?gicos (AN) como digitales
0x002C	0x0E07      	MOVLW       7
0x002E	0x6EC1      	MOVWF       ADCON1 
;d.c,25 :: 		TRISB.B5 = 1;
0x0030	0x8A93      	BSF         TRISB, 5 
;d.c,26 :: 		TRISA.B0 = 0;
0x0032	0x9092      	BCF         TRISA, 0 
;d.c,31 :: 		INTCON2.RBPU = 0; // se habilitan las resistencias de pullup del puerto B
0x0034	0x9EF1      	BCF         INTCON2, 7 
;d.c,32 :: 		x = PORTB; // para poder borrar el RBIF
0x0036	0xF016CF81  	MOVFF       PORTB, _x
;d.c,33 :: 		INTCON.RBIF = 0;
0x003A	0x90F2      	BCF         INTCON, 0 
;d.c,34 :: 		INTCON.RBIE = 1;
0x003C	0x86F2      	BSF         INTCON, 3 
;d.c,35 :: 		INTCON.GIE = 1;
0x003E	0x8EF2      	BSF         INTCON, 7 
;d.c,37 :: 		while(1) //bucle infinito
L_main0:
;d.c,39 :: 		if(estado == 1)
0x0040	0x5015      	MOVF        _estado, 0 
0x0042	0x0A01      	XORLW       1
0x0044	0xE120      	BNZ         L_main2
;d.c,41 :: 		PORTA = 0xFF;
0x0046	0x0EFF      	MOVLW       255
0x0048	0x6E80      	MOVWF       PORTA 
;d.c,42 :: 		delay_ms(500);
0x004A	0x0E06      	MOVLW       6
0x004C	0x6E0B      	MOVWF       R11, 0
0x004E	0x0E13      	MOVLW       19
0x0050	0x6E0C      	MOVWF       R12, 0
0x0052	0x0EAD      	MOVLW       173
0x0054	0x6E0D      	MOVWF       R13, 0
L_main3:
0x0056	0x2E0D      	DECFSZ      R13, 1, 0
0x0058	0xD7FE      	BRA         L_main3
0x005A	0x2E0C      	DECFSZ      R12, 1, 0
0x005C	0xD7FC      	BRA         L_main3
0x005E	0x2E0B      	DECFSZ      R11, 1, 0
0x0060	0xD7FA      	BRA         L_main3
0x0062	0x0000      	NOP
0x0064	0x0000      	NOP
;d.c,43 :: 		PORTA = 0;
0x0066	0x6A80      	CLRF        PORTA 
;d.c,44 :: 		delay_ms(500);
0x0068	0x0E06      	MOVLW       6
0x006A	0x6E0B      	MOVWF       R11, 0
0x006C	0x0E13      	MOVLW       19
0x006E	0x6E0C      	MOVWF       R12, 0
0x0070	0x0EAD      	MOVLW       173
0x0072	0x6E0D      	MOVWF       R13, 0
L_main4:
0x0074	0x2E0D      	DECFSZ      R13, 1, 0
0x0076	0xD7FE      	BRA         L_main4
0x0078	0x2E0C      	DECFSZ      R12, 1, 0
0x007A	0xD7FC      	BRA         L_main4
0x007C	0x2E0B      	DECFSZ      R11, 1, 0
0x007E	0xD7FA      	BRA         L_main4
0x0080	0x0000      	NOP
0x0082	0x0000      	NOP
;d.c,45 :: 		}
0x0084	0xD001      	BRA         L_main5
L_main2:
;d.c,48 :: 		PORTA.B0 = 0;
0x0086	0x9080      	BCF         PORTA, 0 
;d.c,49 :: 		}
L_main5:
;d.c,50 :: 		}
0x0088	0xD7DB      	BRA         L_main0
;d.c,51 :: 		}
L_end_main:
0x008A	0xD7FF      	BRA         $+0
; end of _main
Symbol List:
//** Routines locations **
//ADDRESS    SIZE    PROCEDURE
//----------------------------------------------
0x0008      [18]    _interrupt
0x001A      [16]    ___CC2DW
0x002A      [98]    _main
//** Variables locations ** 
//ADDRESS    SIZE    VARIABLE
//----------------------------------------------
0x0000       [1]    R0
0x0001       [1]    R1
0x0002       [1]    R2
0x0003       [1]    R3
0x0004       [1]    R4
0x0005       [1]    R5
0x0006       [1]    R6
0x0007       [1]    R7
0x0008       [1]    R8
0x0009       [1]    R9
0x000A       [1]    R10
0x000B       [1]    R11
0x000C       [1]    R12
0x000D       [1]    R13
0x000E       [1]    R14
0x000F       [1]    R15
0x0010       [1]    R16
0x0011       [1]    R17
0x0012       [1]    R18
0x0013       [1]    R19
0x0014       [1]    R20
0x0015       [1]    _estado
0x0016       [1]    _x
0x0F80       [1]    PORTA
0x0F81       [1]    PORTB
0x0F92       [1]    TRISA
0x0F93       [1]    TRISB
0x0FC1       [1]    ADCON1
0x0FD8       [1]    STATUS
0x0FD9       [1]    FSR2L
0x0FDA       [1]    FSR2H
0x0FDE       [1]    POSTINC2
0x0FE0       [1]    BSR
0x0FE1       [1]    FSR1L
0x0FE2       [1]    FSR1H
0x0FE4       [1]    PREINC1
0x0FE6       [1]    POSTINC1
0x0FE7       [1]    INDF1
0x0FE8       [1]    WREG
0x0FE9       [1]    FSR0L
0x0FEA       [1]    FSR0H
0x0FEE       [1]    POSTINC0
0x0FF1       [1]    INTCON2
0x0FF2       [1]    INTCON
0x0FF3       [1]    PRODL
0x0FF4       [1]    PRODH
0x0FF5       [1]    TABLAT
0x0FF6       [1]    TBLPTRL
0x0FF7       [1]    TBLPTRH
0x0FF8       [1]    TBLPTRU
