;  LST file generated by mikroListExporter - v.2.0 
; Date/Time: 26/02/2026 19:59:49
;----------------------------------------------

;Address Opcode 	ASM
0x0000	0xF000EF3A  	GOTO        116
_interrupt:
;p4d.c,4 :: 		void interrupt(){
;p4d.c,6 :: 		if(PORTB.B5 == 0){
0x0008	0xBA81      	BTFSC       PORTB, 5 
0x000A	0xD006      	BRA         L_interrupt0
;p4d.c,7 :: 		espera = 0;
0x000C	0x6A15      	CLRF        _espera 
;p4d.c,8 :: 		PORTA.B0 = 0;
0x000E	0x9080      	BCF         PORTA, 0 
;p4d.c,9 :: 		x = PORTB;
0x0010	0xF016CF81  	MOVFF       PORTB, _x
;p4d.c,10 :: 		INTCON.RBIF = 0;
0x0014	0x90F2      	BCF         INTCON, 0 
;p4d.c,11 :: 		}
0x0016	0xD01E      	BRA         L_interrupt1
L_interrupt0:
;p4d.c,13 :: 		if(espera % 20 == 0){
0x0018	0x0E14      	MOVLW       20
0x001A	0x6E04      	MOVWF       R4 
0x001C	0xF000C015  	MOVFF       _espera, R0
0x0020	0xD81A      	RCALL       _Div_8X8_U
0x0022	0xF000C008  	MOVFF       R8, R0
0x0026	0x5000      	MOVF        R0, 0 
0x0028	0x0A00      	XORLW       0
0x002A	0xE10A      	BNZ         L_interrupt2
;p4d.c,14 :: 		espera = 0;
0x002C	0x6A15      	CLRF        _espera 
;p4d.c,15 :: 		PORTA.B0+=1;
0x002E	0x6A00      	CLRF        R0 
0x0030	0xB080      	BTFSC       PORTA, 0 
0x0032	0x2A00      	INCF        R0, 1 
0x0034	0x2A00      	INCF        R0, 1 
0x0036	0xB000      	BTFSC       R0, 0 
0x0038	0xD002      	BRA         L__interrupt8
0x003A	0x9080      	BCF         PORTA, 0 
0x003C	0xD001      	BRA         L__interrupt9
L__interrupt8:
0x003E	0x8080      	BSF         PORTA, 0 
L__interrupt9:
;p4d.c,16 :: 		}
L_interrupt2:
;p4d.c,17 :: 		delay_ms(25);
0x0040	0x0E41      	MOVLW       65
0x0042	0x6E0C      	MOVWF       R12, 0
0x0044	0x0EEE      	MOVLW       238
0x0046	0x6E0D      	MOVWF       R13, 0
L_interrupt3:
0x0048	0x2E0D      	DECFSZ      R13, 1, 0
0x004A	0xD7FE      	BRA         L_interrupt3
0x004C	0x2E0C      	DECFSZ      R12, 1, 0
0x004E	0xD7FC      	BRA         L_interrupt3
0x0050	0x0000      	NOP
;p4d.c,18 :: 		espera++;
0x0052	0x2A15      	INCF        _espera, 1 
;p4d.c,19 :: 		}
L_interrupt1:
;p4d.c,20 :: 		}
L_end_interrupt:
L__interrupt7:
0x0054	0x0011      	RETFIE      1
; end of _interrupt
_Div_8X8_U:
;__Lib_Math.c,77 :: 		
;__Lib_Math.c,84 :: 		
0x0056	0x6A08      	CLRF        R8, 0
;__Lib_Math.c,85 :: 		
0x0058	0x0E08      	MOVLW       8
;__Lib_Math.c,86 :: 		
0x005A	0x6E0C      	MOVWF       R12, 0
;__Lib_Math.c,87 :: 		
0x005C	0x3400      	RLCF        R0, 0, 0
;__Lib_Math.c,88 :: 		
0x005E	0x3608      	RLCF        R8, 1, 0
;__Lib_Math.c,89 :: 		
0x0060	0x5004      	MOVF        R4, 0, 0
;__Lib_Math.c,90 :: 		
0x0062	0x5E08      	SUBWF       R8, 1, 0
;__Lib_Math.c,91 :: 		
0x0064	0xB0D8      	BTFSC       STATUS, 0, 0
;__Lib_Math.c,92 :: 		
0x0066	0xD002      	BRA         $+6
;__Lib_Math.c,93 :: 		
0x0068	0x2608      	ADDWF       R8, 1, 0
;__Lib_Math.c,94 :: 		
0x006A	0x90D8      	BCF         STATUS, 0, 0
;__Lib_Math.c,95 :: 		
0x006C	0x3600      	RLCF        R0, 1, 0
;__Lib_Math.c,96 :: 		
0x006E	0x2E0C      	DECFSZ      R12, 1, 0
;__Lib_Math.c,97 :: 		
0x0070	0xD7F5      	BRA         $-20
;__Lib_Math.c,99 :: 		
L_end_Div_8X8_U:
0x0072	0x0012      	RETURN      0
; end of _Div_8X8_U
_main:
;p4d.c,21 :: 		void main() {
;p4d.c,22 :: 		ADCON1 = 0x07;
0x0074	0x0E07      	MOVLW       7
0x0076	0x6EC1      	MOVWF       ADCON1 
;p4d.c,23 :: 		TRISB = 0xF0;
0x0078	0x0EF0      	MOVLW       240
0x007A	0x6E93      	MOVWF       TRISB 
;p4d.c,24 :: 		TRISA.B0 = 0;
0x007C	0x9092      	BCF         TRISA, 0 
;p4d.c,26 :: 		x = PORTB;
0x007E	0xF016CF81  	MOVFF       PORTB, _x
;p4d.c,27 :: 		INTCON.RBIF = 0;
0x0082	0x90F2      	BCF         INTCON, 0 
;p4d.c,28 :: 		INTCON.RBIE = 1;
0x0084	0x86F2      	BSF         INTCON, 3 
;p4d.c,29 :: 		INTCON.GIE = 1;
0x0086	0x8EF2      	BSF         INTCON, 7 
;p4d.c,31 :: 		while(1){}
L_main4:
0x0088	0xD7FF      	BRA         L_main4
;p4d.c,33 :: 		}
L_end_main:
0x008A	0xD7FF      	BRA         $+0
; end of _main
Symbol List:
//** Routines locations **
//ADDRESS    SIZE    PROCEDURE
//----------------------------------------------
0x0008      [78]    _interrupt
0x0056      [30]    _Div_8X8_U
0x0074      [24]    _main
//** Variables locations ** 
//ADDRESS    SIZE    VARIABLE
//----------------------------------------------
0x0000       [1]    R0
0x0001       [1]    R1
0x0002       [1]    R2
0x0003       [1]    R3
0x0004       [1]    R4
0x0005       [1]    R5
0x0006       [1]    R6
0x0007       [1]    R7
0x0008       [1]    R8
0x0009       [1]    R9
0x000A       [1]    R10
0x000B       [1]    R11
0x000C       [1]    R12
0x000D       [1]    R13
0x000E       [1]    R14
0x000F       [1]    R15
0x0010       [1]    R16
0x0011       [1]    R17
0x0012       [1]    R18
0x0013       [1]    R19
0x0014       [1]    R20
0x0015       [1]    _espera
0x0016       [1]    _x
0x0F80       [1]    PORTA
0x0F81       [1]    PORTB
0x0F92       [1]    TRISA
0x0F93       [1]    TRISB
0x0FC1       [1]    ADCON1
0x0FD8       [1]    STATUS
0x0FD9       [1]    FSR2L
0x0FDA       [1]    FSR2H
0x0FDE       [1]    POSTINC2
0x0FE0       [1]    BSR
0x0FE1       [1]    FSR1L
0x0FE2       [1]    FSR1H
0x0FE4       [1]    PREINC1
0x0FE6       [1]    POSTINC1
0x0FE7       [1]    INDF1
0x0FE8       [1]    WREG
0x0FE9       [1]    FSR0L
0x0FEA       [1]    FSR0H
0x0FEE       [1]    POSTINC0
0x0FF2       [1]    INTCON
0x0FF3       [1]    PRODL
0x0FF4       [1]    PRODH
0x0FF5       [1]    TABLAT
0x0FF6       [1]    TBLPTRL
0x0FF7       [1]    TBLPTRH
0x0FF8       [1]    TBLPTRU
