;  LST file generated by mikroListExporter - v.2.0 
; Date/Time: 04/04/2026 17:49:36
;----------------------------------------------

;Address Opcode 	ASM
0x0000	0xF000EF7E  	GOTO        252
_interrupt:
;P8f.c,5 :: 		void interrupt() {
0x0008	0xF017C000  	MOVFF       R0, 23
0x000C	0xF016C001  	MOVFF       R1, 22
0x0010	0xF015C002  	MOVFF       R2, 21
;P8f.c,6 :: 		if(INTCON.TMR0IF == 1) {
0x0014	0xA4F2      	BTFSS       INTCON, 2 
0x0016	0xD027      	BRA         L_interrupt0
;P8f.c,7 :: 		PORTC.B0 = 0;
0x0018	0x9082      	BCF         PORTC, 0 
;P8f.c,8 :: 		SPI1_Write(valorMuestreo >> 6);
0x001A	0x0E06      	MOVLW       6
0x001C	0x6E02      	MOVWF       R2 
0x001E	0xF000C024  	MOVFF       _valorMuestreo, R0
0x0022	0xF001C025  	MOVFF       _valorMuestreo+1, R1
0x0026	0x5002      	MOVF        R2, 0 
L__interrupt6:
0x0028	0xE007      	BZ          L__interrupt7
0x002A	0x3201      	RRCF        R1, 1 
0x002C	0x3200      	RRCF        R0, 1 
0x002E	0x9E01      	BCF         R1, 7 
0x0030	0xBC01      	BTFSC       R1, 6 
0x0032	0x8E01      	BSF         R1, 7 
0x0034	0x0FFF      	ADDLW       255
0x0036	0xD7F8      	BRA         L__interrupt6
L__interrupt7:
0x0038	0xF026C000  	MOVFF       R0, FARG_SPI1_Write_data_
0x003C	0xD84E      	RCALL       _SPI1_Write
;P8f.c,9 :: 		SPI1_Write(valorMuestreo << 2);
0x003E	0xF026C024  	MOVFF       _valorMuestreo, FARG_SPI1_Write_data_
0x0042	0x3626      	RLCF        FARG_SPI1_Write_data_, 1 
0x0044	0x9026      	BCF         FARG_SPI1_Write_data_, 0 
0x0046	0x3626      	RLCF        FARG_SPI1_Write_data_, 1 
0x0048	0x9026      	BCF         FARG_SPI1_Write_data_, 0 
0x004A	0xD847      	RCALL       _SPI1_Write
;P8f.c,11 :: 		PORTC.B0 = 1;
0x004C	0x8082      	BSF         PORTC, 0 
;P8f.c,12 :: 		TMR0H = (alfa >> 8);
0x004E	0xF000C019  	MOVFF       _alfa+1, R0
0x0052	0x0E00      	MOVLW       0
0x0054	0xBE19      	BTFSC       _alfa+1, 7 
0x0056	0x0EFF      	MOVLW       255
0x0058	0x6E01      	MOVWF       R1 
0x005A	0xFFD7C000  	MOVFF       R0, TMR0H
;P8f.c,13 :: 		TMR0L = alfa;
0x005E	0xFFD6C018  	MOVFF       _alfa, TMR0L
;P8f.c,14 :: 		T0CON.B7 = 1;
0x0062	0x8ED5      	BSF         T0CON, 7 
;P8f.c,15 :: 		INTCON.TMR0IF = 0;
0x0064	0x94F2      	BCF         INTCON, 2 
;P8f.c,17 :: 		}
L_interrupt0:
;P8f.c,18 :: 		if(PIR1.ADIF == 1) {
0x0066	0xAC9E      	BTFSS       PIR1, 6 
0x0068	0xD019      	BRA         L_interrupt1
;P8f.c,19 :: 		voltaje = ADRESL + (ADRESH << 8);
0x006A	0xF001CFC4  	MOVFF       ADRESH, R1
0x006E	0x6A00      	CLRF        R0 
0x0070	0x50C3      	MOVF        ADRESL, 0 
0x0072	0x2400      	ADDWF       R0, 0 
0x0074	0x6E02      	MOVWF       R2 
0x0076	0x0E00      	MOVLW       0
0x0078	0x2001      	ADDWFC      R1, 0 
0x007A	0x6E03      	MOVWF       R3 
0x007C	0xF022C002  	MOVFF       R2, _voltaje
0x0080	0xF023C003  	MOVFF       R3, _voltaje+1
;P8f.c,20 :: 		valorMuestreo = voltaje * 4;
0x0084	0xF024C002  	MOVFF       R2, _valorMuestreo
0x0088	0xF025C003  	MOVFF       R3, _valorMuestreo+1
0x008C	0x3624      	RLCF        _valorMuestreo, 1 
0x008E	0x9024      	BCF         _valorMuestreo, 0 
0x0090	0x3625      	RLCF        _valorMuestreo+1, 1 
0x0092	0x3624      	RLCF        _valorMuestreo, 1 
0x0094	0x9024      	BCF         _valorMuestreo, 0 
0x0096	0x3625      	RLCF        _valorMuestreo+1, 1 
;P8f.c,22 :: 		ADCON0.B2 = 1; // lanza nueva conversión
0x0098	0x84C2      	BSF         ADCON0, 2 
;P8f.c,23 :: 		PIR1.ADIF = 0;
0x009A	0x9C9E      	BCF         PIR1, 6 
;P8f.c,24 :: 		}
L_interrupt1:
;P8f.c,28 :: 		}
L_end_interrupt:
L__interrupt5:
0x009C	0xF000C017  	MOVFF       23, R0
0x00A0	0xF001C016  	MOVFF       22, R1
0x00A4	0xF002C015  	MOVFF       21, R2
0x00A8	0x0011      	RETFIE      1
; end of _interrupt
_SPI1_Init:
;__Lib_SPI_c345.c,23 :: 		
;__Lib_SPI_c345.c,24 :: 		
0x00AA	0x0EFF      	MOVLW       _SPI1_Read
0x00AC	0x6E1E      	MOVWF       _SPI_Rd_Ptr 
0x00AE	0x0EFF      	MOVLW       hi_addr(_SPI1_Read)
0x00B0	0x6E1F      	MOVWF       _SPI_Rd_Ptr+1 
0x00B2	0x0EFF      	MOVLW       FARG_SPI1_Read_buffer
0x00B4	0x6E20      	MOVWF       _SPI_Rd_Ptr+2 
0x00B6	0x0EFF      	MOVLW       hi_addr(FARG_SPI1_Read_buffer)
0x00B8	0x6E21      	MOVWF       _SPI_Rd_Ptr+3 
;__Lib_SPI_c345.c,25 :: 		
0x00BA	0x0EDA      	MOVLW       _SPI1_Write
0x00BC	0x6E1A      	MOVWF       _SPI_Wr_Ptr 
0x00BE	0x0E00      	MOVLW       hi_addr(_SPI1_Write)
0x00C0	0x6E1B      	MOVWF       _SPI_Wr_Ptr+1 
0x00C2	0x0E26      	MOVLW       FARG_SPI1_Write_data_
0x00C4	0x6E1C      	MOVWF       _SPI_Wr_Ptr+2 
0x00C6	0x0E00      	MOVLW       hi_addr(FARG_SPI1_Write_data_)
0x00C8	0x6E1D      	MOVWF       _SPI_Wr_Ptr+3 
;__Lib_SPI_c345.c,27 :: 		
0x00CA	0x9A94      	BCF         TRISC5_bit, BitPos(TRISC5_bit+0) 
;__Lib_SPI_c345.c,28 :: 		
0x00CC	0x9694      	BCF         TRISC3_bit, BitPos(TRISC3_bit+0) 
;__Lib_SPI_c345.c,29 :: 		
0x00CE	0x8894      	BSF         TRISC4_bit, BitPos(TRISC4_bit+0) 
;__Lib_SPI_c345.c,31 :: 		
0x00D0	0x6AC6      	CLRF        SSPCON1 
;__Lib_SPI_c345.c,32 :: 		
0x00D2	0x0E40      	MOVLW       64
0x00D4	0x6EC7      	MOVWF       SSPSTAT 
;__Lib_SPI_c345.c,33 :: 		
0x00D6	0x8AC6      	BSF         SSPCON1, 5 
;__Lib_SPI_c345.c,35 :: 		
L_end_SPI1_Init:
0x00D8	0x0012      	RETURN      0
; end of _SPI1_Init
_SPI1_Write:
;__Lib_SPI_c345.c,78 :: 		
;__Lib_SPI_c345.c,81 :: 		
0x00DA	0xFFC9C026  	MOVFF       FARG_SPI1_Write_data_, SSPBUF
;__Lib_SPI_c345.c,82 :: 		
L_SPI1_Write8:
0x00DE	0xB0C7      	BTFSC       SSPSTAT, 0 
0x00E0	0xD002      	BRA         L_SPI1_Write9
;__Lib_SPI_c345.c,83 :: 		
0x00E2	0x0000      	NOP
0x00E4	0xD7FC      	BRA         L_SPI1_Write8
L_SPI1_Write9:
;__Lib_SPI_c345.c,84 :: 		
0x00E6	0xF000CFC9  	MOVFF       SSPBUF, R0
;__Lib_SPI_c345.c,86 :: 		
L_end_SPI1_Write:
0x00EA	0x0012      	RETURN      0
; end of _SPI1_Write
___CC2DW:
;__Lib_System.c,21 :: 		
;__Lib_System.c,23 :: 		
_CC2DL_Loop1:
;__Lib_System.c,24 :: 		
0x00EC	0x0009      	TBLRD*+
;__Lib_System.c,25 :: 		
0x00EE	0xFFE6CFF5  	MOVFF       TABLAT, POSTINC1
;__Lib_System.c,26 :: 		
0x00F2	0x0600      	DECF        R0, 1, 0
;__Lib_System.c,27 :: 		
0x00F4	0xE1FB      	BNZ         _CC2DL_Loop1
;__Lib_System.c,28 :: 		
0x00F6	0x0601      	DECF        R1, 1, 0
;__Lib_System.c,29 :: 		
0x00F8	0xE1F9      	BNZ         _CC2DL_Loop1
;__Lib_System.c,31 :: 		
L_end___CC2DW:
0x00FA	0x0012      	RETURN      0
; end of ___CC2DW
_main:
0x00FC	0x0E17      	MOVLW       23
0x00FE	0x6E18      	MOVWF       _alfa 
0x0100	0x0EFC      	MOVLW       252
0x0102	0x6E19      	MOVWF       25 
;P8f.c,30 :: 		void main() {
;P8f.c,31 :: 		TRISA.B2 = 1;
0x0104	0x8492      	BSF         TRISA, 2 
;P8f.c,32 :: 		TRISC.B0 = 0;
0x0106	0x9094      	BCF         TRISC, 0 
;P8f.c,34 :: 		T0CON = 0x10;
0x0108	0x0E10      	MOVLW       16
0x010A	0x6ED5      	MOVWF       T0CON 
;P8f.c,35 :: 		ADCON0 = 0x51;
0x010C	0x0E51      	MOVLW       81
0x010E	0x6EC2      	MOVWF       ADCON0 
;P8f.c,36 :: 		ADCON1 = 0xC0;
0x0110	0x0EC0      	MOVLW       192
0x0112	0x6EC1      	MOVWF       ADCON1 
;P8f.c,38 :: 		INTCON.TMR0IF = 0; // se pone el flag a 0
0x0114	0x94F2      	BCF         INTCON, 2 
;P8f.c,39 :: 		INTCON.TMR0IE = 1; // se habilita la interrupción del Timer 0
0x0116	0x8AF2      	BSF         INTCON, 5 
;P8f.c,41 :: 		PIR1.ADIF = 0;
0x0118	0x9C9E      	BCF         PIR1, 6 
;P8f.c,42 :: 		PIE1.ADIE = 1;
0x011A	0x8C9D      	BSF         PIE1, 6 
;P8f.c,43 :: 		INTCON.PEIE = 1;
0x011C	0x8CF2      	BSF         INTCON, 6 
;P8f.c,44 :: 		INTCON.GIE = 1; // se habilitan las interrupciones en general
0x011E	0x8EF2      	BSF         INTCON, 7 
;P8f.c,46 :: 		TMR0H = (alfa >> 8);
0x0120	0xF000C019  	MOVFF       _alfa+1, R0
0x0124	0x0E00      	MOVLW       0
0x0126	0xBE19      	BTFSC       _alfa+1, 7 
0x0128	0x0EFF      	MOVLW       255
0x012A	0x6E01      	MOVWF       R1 
0x012C	0xFFD7C000  	MOVFF       R0, TMR0H
;P8f.c,47 :: 		TMR0L = alfa;
0x0130	0xFFD6C018  	MOVFF       _alfa, TMR0L
;P8f.c,49 :: 		SPI1_Init();
0x0134	0xDFBA      	RCALL       _SPI1_Init
;P8f.c,51 :: 		T0CON.B7 = 1;
0x0136	0x8ED5      	BSF         T0CON, 7 
;P8f.c,53 :: 		ADCON0.B2 = 1; // lanza nueva conversión
0x0138	0x84C2      	BSF         ADCON0, 2 
;P8f.c,57 :: 		while(1) {
L_main2:
;P8f.c,59 :: 		}
0x013A	0xD7FF      	BRA         L_main2
;P8f.c,62 :: 		}
L_end_main:
0x013C	0xD7FF      	BRA         $+0
; end of _main
Symbol List:
//** Routines locations **
//ADDRESS    SIZE    PROCEDURE
//----------------------------------------------
0x0008     [162]    _interrupt
0x00AA      [48]    _SPI1_Init
0x00DA      [18]    _SPI1_Write
0x00EC      [16]    ___CC2DW
0x00FC      [66]    _main
//** Variables locations ** 
//ADDRESS    SIZE    VARIABLE
//----------------------------------------------
0x0000       [1]    SPI1_Write_tmp_L0
0x0000       [1]    R0
0x0001       [1]    R1
0x0002       [1]    R2
0x0003       [1]    R3
0x0004       [1]    R4
0x0005       [1]    R5
0x0006       [1]    R6
0x0007       [1]    R7
0x0008       [1]    R8
0x0009       [1]    R9
0x000A       [1]    R10
0x000B       [1]    R11
0x000C       [1]    R12
0x000D       [1]    R13
0x000E       [1]    R14
0x000F       [1]    R15
0x0010       [1]    R16
0x0011       [1]    R17
0x0012       [1]    R18
0x0013       [1]    R19
0x0014       [1]    R20
0x0018       [2]    _alfa
0x001A       [4]    _SPI_Wr_Ptr
0x001E       [4]    _SPI_Rd_Ptr
0x0022       [2]    _voltaje
0x0024       [2]    _valorMuestreo
0x0026       [1]    FARG_SPI1_Write_data_
0x0F82       [1]    PORTC
0x0F92       [1]    TRISA
0x0F94       [0]    TRISC3_bit
0x0F94       [0]    TRISC4_bit
0x0F94       [0]    TRISC5_bit
0x0F94       [1]    TRISC
0x0F9D       [1]    PIE1
0x0F9E       [1]    PIR1
0x0FC1       [1]    ADCON1
0x0FC2       [1]    ADCON0
0x0FC3       [1]    ADRESL
0x0FC4       [1]    ADRESH
0x0FC6       [1]    SSPCON1
0x0FC7       [1]    SSPSTAT
0x0FC9       [1]    SSPBUF
0x0FD5       [1]    T0CON
0x0FD6       [1]    TMR0L
0x0FD7       [1]    TMR0H
0x0FD8       [1]    STATUS
0x0FD9       [1]    FSR2L
0x0FDA       [1]    FSR2H
0x0FDE       [1]    POSTINC2
0x0FE0       [1]    BSR
0x0FE1       [1]    FSR1L
0x0FE2       [1]    FSR1H
0x0FE4       [1]    PREINC1
0x0FE6       [1]    POSTINC1
0x0FE7       [1]    INDF1
0x0FE8       [1]    WREG
0x0FE9       [1]    FSR0L
0x0FEA       [1]    FSR0H
0x0FEE       [1]    POSTINC0
0x0FF2       [1]    INTCON
0x0FF3       [1]    PRODL
0x0FF4       [1]    PRODH
0x0FF5       [1]    TABLAT
0x0FF6       [1]    TBLPTRL
0x0FF7       [1]    TBLPTRH
0x0FF8       [1]    TBLPTRU
