;  LST file generated by mikroListExporter - v.2.0 
; Date/Time: 17/04/2026 00:15:39
;----------------------------------------------

;Address Opcode 	ASM
0x0000	0xF000EFA4  	GOTO        328
_interrupt:
;P9g.c,22 :: 		void interrupt() {
0x0008	0xF017C000  	MOVFF       R0, 23
0x000C	0xF016C001  	MOVFF       R1, 22
0x0010	0xF015C002  	MOVFF       R2, 21
;P9g.c,23 :: 		vs = voltaje_vs*(5/1024);
0x0014	0x6A26      	CLRF        _vs 
0x0016	0x6A27      	CLRF        _vs+1 
;P9g.c,24 :: 		vref = voltaje_vref*(5/1024);
0x0018	0x6A20      	CLRF        _vref 
0x001A	0x6A21      	CLRF        _vref+1 
;P9g.c,26 :: 		if(INTCON.TMR0IF == 1) {
0x001C	0xA4F2      	BTFSS       INTCON, 2 
0x001E	0xD04C      	BRA         L_interrupt0
;P9g.c,27 :: 		if (PORTA.B4 == 0) {
0x0020	0xB880      	BTFSC       PORTA, 4 
0x0022	0xD004      	BRA         L_interrupt1
;P9g.c,28 :: 		estado = APAGADO;
0x0024	0x6A18      	CLRF        _estado 
0x0026	0x6A19      	CLRF        _estado+1 
;P9g.c,29 :: 		PORTA.B2 = 0; // c = 0
0x0028	0x9480      	BCF         PORTA, 2 
;P9g.c,30 :: 		} else {
0x002A	0xD044      	BRA         L_interrupt2
L_interrupt1:
;P9g.c,32 :: 		switch(estado) {
0x002C	0xD031      	BRA         L_interrupt3
;P9g.c,33 :: 		case APAGADO:
L_interrupt5:
;P9g.c,34 :: 		estado = CALENTANDO;
0x002E	0x0E01      	MOVLW       1
0x0030	0x6E18      	MOVWF       _estado 
0x0032	0x0E00      	MOVLW       0
0x0034	0x6E19      	MOVWF       _estado+1 
;P9g.c,35 :: 		break;
0x0036	0xD03E      	BRA         L_interrupt4
;P9g.c,37 :: 		case CALENTANDO:
L_interrupt6:
;P9g.c,38 :: 		PORTA.B2 = 1; // Encender resistencia
0x0038	0x8480      	BSF         PORTA, 2 
;P9g.c,39 :: 		if (vs >= (vref + alfa_adc)) {
0x003A	0x501E      	MOVF        _alfa_adc, 0 
0x003C	0x2420      	ADDWF       _vref, 0 
0x003E	0x6E01      	MOVWF       R1 
0x0040	0x501F      	MOVF        _alfa_adc+1, 0 
0x0042	0x2021      	ADDWFC      _vref+1, 0 
0x0044	0x6E02      	MOVWF       R2 
0x0046	0x0E80      	MOVLW       128
0x0048	0x1827      	XORWF       _vs+1, 0 
0x004A	0x6E00      	MOVWF       R0 
0x004C	0x0E80      	MOVLW       128
0x004E	0x1802      	XORWF       R2, 0 
0x0050	0x5C00      	SUBWF       R0, 0 
0x0052	0xE102      	BNZ         L__interrupt20
0x0054	0x5001      	MOVF        R1, 0 
0x0056	0x5C26      	SUBWF       _vs, 0 
L__interrupt20:
0x0058	0xE304      	BNC         L_interrupt7
;P9g.c,40 :: 		estado = ENFRIANDO;
0x005A	0x0E02      	MOVLW       2
0x005C	0x6E18      	MOVWF       _estado 
0x005E	0x0E00      	MOVLW       0
0x0060	0x6E19      	MOVWF       _estado+1 
;P9g.c,41 :: 		}
L_interrupt7:
;P9g.c,42 :: 		break;
0x0062	0xD028      	BRA         L_interrupt4
;P9g.c,44 :: 		case ENFRIANDO:
L_interrupt8:
;P9g.c,45 :: 		PORTA.B2 = 0; // Apagar resistencia
0x0064	0x9480      	BCF         PORTA, 2 
;P9g.c,46 :: 		if (vs <= (vref - alfa_adc)) {
0x0066	0x501E      	MOVF        _alfa_adc, 0 
0x0068	0x5C20      	SUBWF       _vref, 0 
0x006A	0x6E01      	MOVWF       R1 
0x006C	0x501F      	MOVF        _alfa_adc+1, 0 
0x006E	0x5821      	SUBWFB      _vref+1, 0 
0x0070	0x6E02      	MOVWF       R2 
0x0072	0x0E80      	MOVLW       128
0x0074	0x1802      	XORWF       R2, 0 
0x0076	0x6E00      	MOVWF       R0 
0x0078	0x0E80      	MOVLW       128
0x007A	0x1827      	XORWF       _vs+1, 0 
0x007C	0x5C00      	SUBWF       R0, 0 
0x007E	0xE102      	BNZ         L__interrupt21
0x0080	0x5026      	MOVF        _vs, 0 
0x0082	0x5C01      	SUBWF       R1, 0 
L__interrupt21:
0x0084	0xE304      	BNC         L_interrupt9
;P9g.c,47 :: 		estado = CALENTANDO;
0x0086	0x0E01      	MOVLW       1
0x0088	0x6E18      	MOVWF       _estado 
0x008A	0x0E00      	MOVLW       0
0x008C	0x6E19      	MOVWF       _estado+1 
;P9g.c,48 :: 		}
L_interrupt9:
;P9g.c,49 :: 		break;
0x008E	0xD012      	BRA         L_interrupt4
;P9g.c,50 :: 		}
L_interrupt3:
0x0090	0x0E00      	MOVLW       0
0x0092	0x1819      	XORWF       _estado+1, 0 
0x0094	0xE102      	BNZ         L__interrupt22
0x0096	0x0E00      	MOVLW       0
0x0098	0x1818      	XORWF       _estado, 0 
L__interrupt22:
0x009A	0xE0C9      	BZ          L_interrupt5
0x009C	0x0E00      	MOVLW       0
0x009E	0x1819      	XORWF       _estado+1, 0 
0x00A0	0xE102      	BNZ         L__interrupt23
0x00A2	0x0E01      	MOVLW       1
0x00A4	0x1818      	XORWF       _estado, 0 
L__interrupt23:
0x00A6	0xE0C8      	BZ          L_interrupt6
0x00A8	0x0E00      	MOVLW       0
0x00AA	0x1819      	XORWF       _estado+1, 0 
0x00AC	0xE102      	BNZ         L__interrupt24
0x00AE	0x0E02      	MOVLW       2
0x00B0	0x1818      	XORWF       _estado, 0 
L__interrupt24:
0x00B2	0xE0D8      	BZ          L_interrupt8
L_interrupt4:
;P9g.c,51 :: 		}
L_interrupt2:
;P9g.c,52 :: 		ADCON0.B2 = 1;
0x00B4	0x84C2      	BSF         ADCON0, 2 
;P9g.c,53 :: 		INTCON.TMR0IF = 0;
0x00B6	0x94F2      	BCF         INTCON, 2 
;P9g.c,54 :: 		}
L_interrupt0:
;P9g.c,55 :: 		if(PIR1.ADIF == 1) {
0x00B8	0xAC9E      	BTFSS       PIR1, 6 
0x00BA	0xD027      	BRA         L_interrupt10
;P9g.c,56 :: 		switch(canal) {
0x00BC	0xD019      	BRA         L_interrupt11
;P9g.c,57 :: 		case VS:
L_interrupt13:
;P9g.c,58 :: 		voltaje_vs = ADRESL + (ADRESH << 8);
0x00BE	0xF001CFC4  	MOVFF       ADRESH, R1
0x00C2	0x6A00      	CLRF        R0 
0x00C4	0x50C3      	MOVF        ADRESL, 0 
0x00C6	0x2400      	ADDWF       R0, 0 
0x00C8	0x6E24      	MOVWF       _voltaje_vs 
0x00CA	0x0E00      	MOVLW       0
0x00CC	0x2001      	ADDWFC      R1, 0 
0x00CE	0x6E25      	MOVWF       _voltaje_vs+1 
;P9g.c,59 :: 		cambiar_canal(VREF);
0x00D0	0x0E01      	MOVLW       1
0x00D2	0x6E28      	MOVWF       FARG_cambiar_canal_c 
0x00D4	0xD821      	RCALL       _cambiar_canal
;P9g.c,60 :: 		break;
0x00D6	0xD018      	BRA         L_interrupt12
;P9g.c,61 :: 		case VREF:
L_interrupt14:
;P9g.c,62 :: 		voltaje_vref = ADRESL + (ADRESH << 8);
0x00D8	0xF001CFC4  	MOVFF       ADRESH, R1
0x00DC	0x6A00      	CLRF        R0 
0x00DE	0x50C3      	MOVF        ADRESL, 0 
0x00E0	0x2400      	ADDWF       R0, 0 
0x00E2	0x6E22      	MOVWF       _voltaje_vref 
0x00E4	0x0E00      	MOVLW       0
0x00E6	0x2001      	ADDWFC      R1, 0 
0x00E8	0x6E23      	MOVWF       _voltaje_vref+1 
;P9g.c,63 :: 		cambiar_canal(VS);
0x00EA	0x6A28      	CLRF        FARG_cambiar_canal_c 
0x00EC	0xD815      	RCALL       _cambiar_canal
;P9g.c,64 :: 		break;
0x00EE	0xD00C      	BRA         L_interrupt12
;P9g.c,67 :: 		}
L_interrupt11:
0x00F0	0x0E00      	MOVLW       0
0x00F2	0x181D      	XORWF       _canal+1, 0 
0x00F4	0xE102      	BNZ         L__interrupt25
0x00F6	0x0E00      	MOVLW       0
0x00F8	0x181C      	XORWF       _canal, 0 
L__interrupt25:
0x00FA	0xE0E1      	BZ          L_interrupt13
0x00FC	0x0E00      	MOVLW       0
0x00FE	0x181D      	XORWF       _canal+1, 0 
0x0100	0xE102      	BNZ         L__interrupt26
0x0102	0x0E01      	MOVLW       1
0x0104	0x181C      	XORWF       _canal, 0 
L__interrupt26:
0x0106	0xE0E8      	BZ          L_interrupt14
L_interrupt12:
;P9g.c,69 :: 		PIR1.ADIF = 0;
0x0108	0x9C9E      	BCF         PIR1, 6 
;P9g.c,70 :: 		}
L_interrupt10:
;P9g.c,71 :: 		}
L_end_interrupt:
L__interrupt19:
0x010A	0xF000C017  	MOVFF       23, R0
0x010E	0xF001C016  	MOVFF       22, R1
0x0112	0xF002C015  	MOVFF       21, R2
0x0116	0x0011      	RETFIE      1
; end of _interrupt
_cambiar_canal:
;P9g.c,17 :: 		void cambiar_canal(unsigned char c) {
;P9g.c,18 :: 		ADCON0 = (c << 3) | 0x41;
0x0118	0xF000C028  	MOVFF       FARG_cambiar_canal_c, R0
0x011C	0x3600      	RLCF        R0, 1 
0x011E	0x9000      	BCF         R0, 0 
0x0120	0x3600      	RLCF        R0, 1 
0x0122	0x9000      	BCF         R0, 0 
0x0124	0x3600      	RLCF        R0, 1 
0x0126	0x9000      	BCF         R0, 0 
0x0128	0x0E41      	MOVLW       65
0x012A	0x1000      	IORWF       R0, 0 
0x012C	0x6EC2      	MOVWF       ADCON0 
;P9g.c,19 :: 		canal = c;
0x012E	0xF01CC028  	MOVFF       FARG_cambiar_canal_c, _canal
0x0132	0x0E00      	MOVLW       0
0x0134	0x6E1D      	MOVWF       _canal+1 
;P9g.c,20 :: 		}
L_end_cambiar_canal:
0x0136	0x0012      	RETURN      0
; end of _cambiar_canal
___CC2DW:
;__Lib_System.c,21 :: 		
;__Lib_System.c,23 :: 		
_CC2DL_Loop1:
;__Lib_System.c,24 :: 		
0x0138	0x0009      	TBLRD*+
;__Lib_System.c,25 :: 		
0x013A	0xFFE6CFF5  	MOVFF       TABLAT, POSTINC1
;__Lib_System.c,26 :: 		
0x013E	0x0600      	DECF        R0, 1, 0
;__Lib_System.c,27 :: 		
0x0140	0xE1FB      	BNZ         _CC2DL_Loop1
;__Lib_System.c,28 :: 		
0x0142	0x0601      	DECF        R1, 1, 0
;__Lib_System.c,29 :: 		
0x0144	0xE1F9      	BNZ         _CC2DL_Loop1
;__Lib_System.c,31 :: 		
L_end___CC2DW:
0x0146	0x0012      	RETURN      0
; end of ___CC2DW
_main:
0x0148	0x6A18      	CLRF        _estado 
0x014A	0x6A19      	CLRF        25 
0x014C	0x0E84      	MOVLW       132
0x014E	0x6E1A      	MOVWF       _alfa 
0x0150	0x0E6D      	MOVLW       109
0x0152	0x6E1B      	MOVWF       27 
0x0154	0x6A1C      	CLRF        _canal 
0x0156	0x6A1D      	CLRF        29 
0x0158	0x0E08      	MOVLW       8
0x015A	0x6E1E      	MOVWF       _alfa_adc 
0x015C	0x6A1F      	CLRF        31 
;P9g.c,74 :: 		void main() {
;P9g.c,75 :: 		TRISA.B2 = 1;
0x015E	0x8492      	BSF         TRISA, 2 
;P9g.c,76 :: 		TRISA.B0 = 0;
0x0160	0x9092      	BCF         TRISA, 0 
;P9g.c,77 :: 		TRISA.B1 = 0;
0x0162	0x9292      	BCF         TRISA, 1 
;P9g.c,78 :: 		TRISA.B4 = 0;
0x0164	0x9892      	BCF         TRISA, 4 
;P9g.c,79 :: 		ADCON0 = 0x41;
0x0166	0x0E41      	MOVLW       65
0x0168	0x6EC2      	MOVWF       ADCON0 
;P9g.c,80 :: 		ADCON1 = 0xC4;
0x016A	0x0EC4      	MOVLW       196
0x016C	0x6EC1      	MOVWF       ADCON1 
;P9g.c,81 :: 		T0CON = 0x11;
0x016E	0x0E11      	MOVLW       17
0x0170	0x6ED5      	MOVWF       T0CON 
;P9g.c,82 :: 		INTCON.TMR0IF = 0;
0x0172	0x94F2      	BCF         INTCON, 2 
;P9g.c,83 :: 		INTCON.TMR0IE = 1;
0x0174	0x8AF2      	BSF         INTCON, 5 
;P9g.c,84 :: 		PIR1.ADIF = 0;
0x0176	0x9C9E      	BCF         PIR1, 6 
;P9g.c,85 :: 		PIE1.ADIE = 1;
0x0178	0x8C9D      	BSF         PIE1, 6 
;P9g.c,86 :: 		INTCON.PEIE = 1;
0x017A	0x8CF2      	BSF         INTCON, 6 
;P9g.c,87 :: 		INTCON.GIE = 1;
0x017C	0x8EF2      	BSF         INTCON, 7 
;P9g.c,89 :: 		TMR0H = (alfa >> 8);
0x017E	0xF000C01B  	MOVFF       _alfa+1, R0
0x0182	0x0E00      	MOVLW       0
0x0184	0xBE1B      	BTFSC       _alfa+1, 7 
0x0186	0x0EFF      	MOVLW       255
0x0188	0x6E01      	MOVWF       R1 
0x018A	0xFFD7C000  	MOVFF       R0, TMR0H
;P9g.c,90 :: 		TMR0L = alfa;
0x018E	0xFFD6C01A  	MOVFF       _alfa, TMR0L
;P9g.c,92 :: 		T0CON.B7 = 1;
0x0192	0x8ED5      	BSF         T0CON, 7 
;P9g.c,93 :: 		ADCON0.GO = 1;
0x0194	0x84C2      	BSF         ADCON0, 2 
;P9g.c,95 :: 		while(1){
L_main15:
;P9g.c,97 :: 		}
0x0196	0xD7FF      	BRA         L_main15
;P9g.c,102 :: 		}
L_end_main:
0x0198	0xD7FF      	BRA         $+0
; end of _main
Symbol List:
//** Routines locations **
//ADDRESS    SIZE    PROCEDURE
//----------------------------------------------
0x0008     [272]    _interrupt
0x0118      [32]    _cambiar_canal
0x0138      [16]    ___CC2DW
0x0148      [82]    _main
//** Variables locations ** 
//ADDRESS    SIZE    VARIABLE
//----------------------------------------------
0x0000       [1]    R0
0x0001       [1]    R1
0x0002       [1]    R2
0x0003       [1]    R3
0x0004       [1]    R4
0x0005       [1]    R5
0x0006       [1]    R6
0x0007       [1]    R7
0x0008       [1]    R8
0x0009       [1]    R9
0x000A       [1]    R10
0x000B       [1]    R11
0x000C       [1]    R12
0x000D       [1]    R13
0x000E       [1]    R14
0x000F       [1]    R15
0x0010       [1]    R16
0x0011       [1]    R17
0x0012       [1]    R18
0x0013       [1]    R19
0x0014       [1]    R20
0x0018       [2]    _estado
0x001A       [2]    _alfa
0x001C       [2]    _canal
0x001E       [2]    _alfa_adc
0x0020       [2]    _vref
0x0022       [2]    _voltaje_vref
0x0024       [2]    _voltaje_vs
0x0026       [2]    _vs
0x0028       [1]    FARG_cambiar_canal_c
0x0F80       [1]    PORTA
0x0F92       [1]    TRISA
0x0F9D       [1]    PIE1
0x0F9E       [1]    PIR1
0x0FC1       [1]    ADCON1
0x0FC2       [1]    ADCON0
0x0FC3       [1]    ADRESL
0x0FC4       [1]    ADRESH
0x0FD5       [1]    T0CON
0x0FD6       [1]    TMR0L
0x0FD7       [1]    TMR0H
0x0FD8       [1]    STATUS
0x0FD9       [1]    FSR2L
0x0FDA       [1]    FSR2H
0x0FDE       [1]    POSTINC2
0x0FE0       [1]    BSR
0x0FE1       [1]    FSR1L
0x0FE2       [1]    FSR1H
0x0FE4       [1]    PREINC1
0x0FE6       [1]    POSTINC1
0x0FE7       [1]    INDF1
0x0FE8       [1]    WREG
0x0FE9       [1]    FSR0L
0x0FEA       [1]    FSR0H
0x0FEE       [1]    POSTINC0
0x0FF2       [1]    INTCON
0x0FF3       [1]    PRODL
0x0FF4       [1]    PRODH
0x0FF5       [1]    TABLAT
0x0FF6       [1]    TBLPTRL
0x0FF7       [1]    TBLPTRH
0x0FF8       [1]    TBLPTRU
