;  LST file generated by mikroListExporter - v.2.0 
; Date/Time: 23/03/2026 13:43:25
;----------------------------------------------

;Address Opcode 	ASM
0x0000	0xF000EF32  	GOTO        100
_interrupt:
;p7b.c,2 :: 		void interrupt(){
0x0008	0xF017C000  	MOVFF       R0, 23
0x000C	0xF016C001  	MOVFF       R1, 22
0x0010	0xF015C002  	MOVFF       R2, 21
;p7b.c,3 :: 		if(INTCON.TMR0IF){
0x0014	0xA4F2      	BTFSS       INTCON, 2 
0x0016	0xD017      	BRA         L_interrupt0
;p7b.c,4 :: 		INTCON.TMR0IF = 0;
0x0018	0x94F2      	BCF         INTCON, 2 
;p7b.c,5 :: 		TMR0H = (alfa >> 8);
0x001A	0xF000C019  	MOVFF       _alfa+1, R0
0x001E	0x0E00      	MOVLW       0
0x0020	0xBE19      	BTFSC       _alfa+1, 7 
0x0022	0x0EFF      	MOVLW       255
0x0024	0x6E01      	MOVWF       R1 
0x0026	0xFFD7C000  	MOVFF       R0, TMR0H
;p7b.c,6 :: 		TMR0L = alfa;
0x002A	0xFFD6C018  	MOVFF       _alfa, TMR0L
;p7b.c,7 :: 		PORTB.B0++;
0x002E	0x6A00      	CLRF        R0 
0x0030	0xB081      	BTFSC       PORTB, 0 
0x0032	0x2A00      	INCF        R0, 1 
0x0034	0x0E00      	MOVLW       0
0x0036	0x6E01      	MOVWF       R1 
0x0038	0x4A00      	INFSNZ      R0, 1 
0x003A	0x2A01      	INCF        R1, 1 
0x003C	0xB000      	BTFSC       R0, 0 
0x003E	0xD002      	BRA         L__interrupt5
0x0040	0x9081      	BCF         PORTB, 0 
0x0042	0xD001      	BRA         L__interrupt6
L__interrupt5:
0x0044	0x8081      	BSF         PORTB, 0 
L__interrupt6:
;p7b.c,8 :: 		}
L_interrupt0:
;p7b.c,9 :: 		}
L_end_interrupt:
L__interrupt4:
0x0046	0xF000C017  	MOVFF       23, R0
0x004A	0xF001C016  	MOVFF       22, R1
0x004E	0xF002C015  	MOVFF       21, R2
0x0052	0x0011      	RETFIE      1
; end of _interrupt
___CC2DW:
;__Lib_System.c,21 :: 		
;__Lib_System.c,23 :: 		
_CC2DL_Loop1:
;__Lib_System.c,24 :: 		
0x0054	0x0009      	TBLRD*+
;__Lib_System.c,25 :: 		
0x0056	0xFFE6CFF5  	MOVFF       TABLAT, POSTINC1
;__Lib_System.c,26 :: 		
0x005A	0x0600      	DECF        R0, 1, 0
;__Lib_System.c,27 :: 		
0x005C	0xE1FB      	BNZ         _CC2DL_Loop1
;__Lib_System.c,28 :: 		
0x005E	0x0601      	DECF        R1, 1, 0
;__Lib_System.c,29 :: 		
0x0060	0xE1F9      	BNZ         _CC2DL_Loop1
;__Lib_System.c,31 :: 		
L_end___CC2DW:
0x0062	0x0012      	RETURN      0
; end of ___CC2DW
_main:
0x0064	0x0EDC      	MOVLW       220
0x0066	0x6E18      	MOVWF       _alfa 
0x0068	0x0E0B      	MOVLW       11
0x006A	0x6E19      	MOVWF       25 
;p7b.c,10 :: 		void main() {
;p7b.c,11 :: 		T0CON = 0b00010100;
0x006C	0x0E14      	MOVLW       20
0x006E	0x6ED5      	MOVWF       T0CON 
;p7b.c,13 :: 		TRISB.B0 = 0;
0x0070	0x9093      	BCF         TRISB, 0 
;p7b.c,14 :: 		ADCON1 = 0x07;
0x0072	0x0E07      	MOVLW       7
0x0074	0x6EC1      	MOVWF       ADCON1 
;p7b.c,15 :: 		INTCON.TMR0IE = 1;
0x0076	0x8AF2      	BSF         INTCON, 5 
;p7b.c,16 :: 		INTCON.TMR0IF = 0;
0x0078	0x94F2      	BCF         INTCON, 2 
;p7b.c,17 :: 		INTCON.GIE = 1;
0x007A	0x8EF2      	BSF         INTCON, 7 
;p7b.c,19 :: 		TMR0H = (alfa >> 8);
0x007C	0xF000C019  	MOVFF       _alfa+1, R0
0x0080	0x0E00      	MOVLW       0
0x0082	0xBE19      	BTFSC       _alfa+1, 7 
0x0084	0x0EFF      	MOVLW       255
0x0086	0x6E01      	MOVWF       R1 
0x0088	0xFFD7C000  	MOVFF       R0, TMR0H
;p7b.c,20 :: 		TMR0L = alfa;
0x008C	0xFFD6C018  	MOVFF       _alfa, TMR0L
;p7b.c,21 :: 		T0CON.TMR0ON = 1;
0x0090	0x8ED5      	BSF         T0CON, 7 
;p7b.c,22 :: 		while(1){
L_main1:
;p7b.c,23 :: 		}
0x0092	0xD7FF      	BRA         L_main1
;p7b.c,24 :: 		}
L_end_main:
0x0094	0xD7FF      	BRA         $+0
; end of _main
Symbol List:
//** Routines locations **
//ADDRESS    SIZE    PROCEDURE
//----------------------------------------------
0x0008      [76]    _interrupt
0x0054      [16]    ___CC2DW
0x0064      [50]    _main
//** Variables locations ** 
//ADDRESS    SIZE    VARIABLE
//----------------------------------------------
0x0000       [1]    R0
0x0001       [1]    R1
0x0002       [1]    R2
0x0003       [1]    R3
0x0004       [1]    R4
0x0005       [1]    R5
0x0006       [1]    R6
0x0007       [1]    R7
0x0008       [1]    R8
0x0009       [1]    R9
0x000A       [1]    R10
0x000B       [1]    R11
0x000C       [1]    R12
0x000D       [1]    R13
0x000E       [1]    R14
0x000F       [1]    R15
0x0010       [1]    R16
0x0011       [1]    R17
0x0012       [1]    R18
0x0013       [1]    R19
0x0014       [1]    R20
0x0018       [2]    _alfa
0x0F81       [1]    PORTB
0x0F93       [1]    TRISB
0x0FC1       [1]    ADCON1
0x0FD5       [1]    T0CON
0x0FD6       [1]    TMR0L
0x0FD7       [1]    TMR0H
0x0FD8       [1]    STATUS
0x0FD9       [1]    FSR2L
0x0FDA       [1]    FSR2H
0x0FDE       [1]    POSTINC2
0x0FE0       [1]    BSR
0x0FE1       [1]    FSR1L
0x0FE2       [1]    FSR1H
0x0FE4       [1]    PREINC1
0x0FE6       [1]    POSTINC1
0x0FE7       [1]    INDF1
0x0FE8       [1]    WREG
0x0FE9       [1]    FSR0L
0x0FEA       [1]    FSR0H
0x0FEE       [1]    POSTINC0
0x0FF2       [1]    INTCON
0x0FF3       [1]    PRODL
0x0FF4       [1]    PRODH
0x0FF5       [1]    TABLAT
0x0FF6       [1]    TBLPTRL
0x0FF7       [1]    TBLPTRH
0x0FF8       [1]    TBLPTRU
