;  LST file generated by mikroListExporter - v.2.0 
; Date/Time: 15/02/2026 16:49:22
;----------------------------------------------

;Address Opcode 	ASM
0x0000	0xF000EF2F  	GOTO        94
_interrupt:
;p3c.c,10 :: 		void interrupt(){
0x0008	0xF015C000  	MOVFF       R0, 21
;p3c.c,13 :: 		if(INTCON.INT0IF == 1){
0x000C	0xA2F2      	BTFSS       INTCON, 1 
0x000E	0xD006      	BRA         L_interrupt0
;p3c.c,16 :: 		INTCON.INT0IF = 0;
0x0010	0x92F2      	BCF         INTCON, 1 
;p3c.c,18 :: 		if(numeroActual != 0){
0x0012	0x5016      	MOVF        _numeroActual, 0 
0x0014	0x0A00      	XORLW       0
0x0016	0xA4D8      	BTFSS       STATUS, 2 
;p3c.c,19 :: 		numeroActual--;
0x0018	0x0616      	DECF        _numeroActual, 1 
;p3c.c,20 :: 		}
L_interrupt1:
;p3c.c,21 :: 		}
0x001A	0xD007      	BRA         L_interrupt2
L_interrupt0:
;p3c.c,23 :: 		else if(INTCON3.INT1IF == 1){
0x001C	0xA0F0      	BTFSS       INTCON3, 0 
0x001E	0xD005      	BRA         L_interrupt3
;p3c.c,25 :: 		INTCON3.INT1IF = 0;
0x0020	0x90F0      	BCF         INTCON3, 0 
;p3c.c,27 :: 		if(numeroActual != 99){
0x0022	0x5016      	MOVF        _numeroActual, 0 
0x0024	0x0A63      	XORLW       99
0x0026	0xA4D8      	BTFSS       STATUS, 2 
;p3c.c,28 :: 		numeroActual++;
0x0028	0x2A16      	INCF        _numeroActual, 1 
;p3c.c,30 :: 		}
L_interrupt4:
;p3c.c,31 :: 		}
L_interrupt3:
L_interrupt2:
;p3c.c,32 :: 		}
L_end_interrupt:
L__interrupt10:
0x002A	0xF000C015  	MOVFF       21, R0
0x002E	0x0011      	RETFIE      1
; end of _interrupt
_Div_8X8_U:
;__Lib_Math.c,77 :: 		
;__Lib_Math.c,84 :: 		
0x0030	0x6A08      	CLRF        R8, 0
;__Lib_Math.c,85 :: 		
0x0032	0x0E08      	MOVLW       8
;__Lib_Math.c,86 :: 		
0x0034	0x6E0C      	MOVWF       R12, 0
;__Lib_Math.c,87 :: 		
0x0036	0x3400      	RLCF        R0, 0, 0
;__Lib_Math.c,88 :: 		
0x0038	0x3608      	RLCF        R8, 1, 0
;__Lib_Math.c,89 :: 		
0x003A	0x5004      	MOVF        R4, 0, 0
;__Lib_Math.c,90 :: 		
0x003C	0x5E08      	SUBWF       R8, 1, 0
;__Lib_Math.c,91 :: 		
0x003E	0xB0D8      	BTFSC       STATUS, 0, 0
;__Lib_Math.c,92 :: 		
0x0040	0xD002      	BRA         $+6
;__Lib_Math.c,93 :: 		
0x0042	0x2608      	ADDWF       R8, 1, 0
;__Lib_Math.c,94 :: 		
0x0044	0x90D8      	BCF         STATUS, 0, 0
;__Lib_Math.c,95 :: 		
0x0046	0x3600      	RLCF        R0, 1, 0
;__Lib_Math.c,96 :: 		
0x0048	0x2E0C      	DECFSZ      R12, 1, 0
;__Lib_Math.c,97 :: 		
0x004A	0xD7F5      	BRA         $-20
;__Lib_Math.c,99 :: 		
L_end_Div_8X8_U:
0x004C	0x0012      	RETURN      0
; end of _Div_8X8_U
___CC2DW:
;__Lib_System.c,21 :: 		
;__Lib_System.c,23 :: 		
_CC2DL_Loop1:
;__Lib_System.c,24 :: 		
0x004E	0x0009      	TBLRD*+
;__Lib_System.c,25 :: 		
0x0050	0xFFE6CFF5  	MOVFF       TABLAT, POSTINC1
;__Lib_System.c,26 :: 		
0x0054	0x0600      	DECF        R0, 1, 0
;__Lib_System.c,27 :: 		
0x0056	0xE1FB      	BNZ         _CC2DL_Loop1
;__Lib_System.c,28 :: 		
0x0058	0x0601      	DECF        R1, 1, 0
;__Lib_System.c,29 :: 		
0x005A	0xE1F9      	BNZ         _CC2DL_Loop1
;__Lib_System.c,31 :: 		
L_end___CC2DW:
0x005C	0x0012      	RETURN      0
; end of ___CC2DW
_main:
0x005E	0x0E50      	MOVLW       80
0x0060	0x6E16      	MOVWF       _numeroActual 
;p3c.c,33 :: 		void main() {
;p3c.c,34 :: 		char valores[] = {0b00111111, 0b00000110, 0b01011011, 0b01001111, 0b01100110, 0b01101101, 0b01111101, 0b00000111, 0b01111111, 0b01101111};
0x0062	0x0E3F      	MOVLW       63
0x0064	0x6E17      	MOVWF       main_valores_L0 
0x0066	0x0E06      	MOVLW       6
0x0068	0x6E18      	MOVWF       main_valores_L0+1 
0x006A	0x0E5B      	MOVLW       91
0x006C	0x6E19      	MOVWF       main_valores_L0+2 
0x006E	0x0E4F      	MOVLW       79
0x0070	0x6E1A      	MOVWF       main_valores_L0+3 
0x0072	0x0E66      	MOVLW       102
0x0074	0x6E1B      	MOVWF       main_valores_L0+4 
0x0076	0x0E6D      	MOVLW       109
0x0078	0x6E1C      	MOVWF       main_valores_L0+5 
0x007A	0x0E7D      	MOVLW       125
0x007C	0x6E1D      	MOVWF       main_valores_L0+6 
0x007E	0x0E07      	MOVLW       7
0x0080	0x6E1E      	MOVWF       main_valores_L0+7 
0x0082	0x0E7F      	MOVLW       127
0x0084	0x6E1F      	MOVWF       main_valores_L0+8 
0x0086	0x0E6F      	MOVLW       111
0x0088	0x6E20      	MOVWF       main_valores_L0+9 
0x008A	0x6A21      	CLRF        main_decenas_L0 
;p3c.c,40 :: 		ADCON1 = 0x07;
0x008C	0x0E07      	MOVLW       7
0x008E	0x6EC1      	MOVWF       ADCON1 
;p3c.c,41 :: 		TRISD = 0;
0x0090	0x6A95      	CLRF        TRISD 
;p3c.c,42 :: 		TRISE = 0;
0x0092	0x6A96      	CLRF        TRISE 
;p3c.c,44 :: 		TRISB.B1 = 1; // se configura RB1 como entrada
0x0094	0x8293      	BSF         TRISB, 1 
;p3c.c,45 :: 		INTCON2.INTEDG1 = 1; //la interrupción la provoca un flanco de subida (x=1)/ bajada (x=0)
0x0096	0x8AF1      	BSF         INTCON2, 5 
;p3c.c,46 :: 		INTCON3.INT1IF = 0; // se pone el flag de la interrupción INT1 a 0
0x0098	0x90F0      	BCF         INTCON3, 0 
;p3c.c,47 :: 		INTCON3.INT1IE = 1; // se habilita la interrupción INT1
0x009A	0x86F0      	BSF         INTCON3, 3 
;p3c.c,49 :: 		TRISB.B0 = 1; //se configura RB0 como entrada
0x009C	0x8093      	BSF         TRISB, 0 
;p3c.c,50 :: 		INTCON2.INTEDG0 = 1; //la interrupción la provoca un flanco de subida (x=1)/ bajada (x=0)
0x009E	0x8CF1      	BSF         INTCON2, 6 
;p3c.c,51 :: 		INTCON.INT0IF = 0; //se pone el flag de la interrupción INT0 a 0
0x00A0	0x92F2      	BCF         INTCON, 1 
;p3c.c,52 :: 		INTCON.INT0IE = 1; //se habilita la interrupción INT0
0x00A2	0x88F2      	BSF         INTCON, 4 
;p3c.c,54 :: 		INTCON.GIE = 1; //se habilitan las interrupciones en general
0x00A4	0x8EF2      	BSF         INTCON, 7 
;p3c.c,59 :: 		while(1){
L_main5:
;p3c.c,61 :: 		unidades = temp % 10;
0x00A6	0x0E0A      	MOVLW       10
0x00A8	0x6E04      	MOVWF       R4 
0x00AA	0xF000C016  	MOVFF       _numeroActual, R0
0x00AE	0xDFC0      	RCALL       _Div_8X8_U
0x00B0	0xF000C008  	MOVFF       R8, R0
0x00B4	0xF022C000  	MOVFF       R0, FLOC__main
0x00B8	0x0E0A      	MOVLW       10
0x00BA	0x6E04      	MOVWF       R4 
0x00BC	0xF000C016  	MOVFF       _numeroActual, R0
0x00C0	0xDFB7      	RCALL       _Div_8X8_U
;p3c.c,63 :: 		decenas = temp % 10;
0x00C2	0x0E0A      	MOVLW       10
0x00C4	0x6E04      	MOVWF       R4 
0x00C6	0xDFB4      	RCALL       _Div_8X8_U
0x00C8	0xF000C008  	MOVFF       R8, R0
0x00CC	0xF021C000  	MOVFF       R0, main_decenas_L0
;p3c.c,65 :: 		PORTE = 0b101;
0x00D0	0x0E05      	MOVLW       5
0x00D2	0x6E84      	MOVWF       PORTE 
;p3c.c,66 :: 		PORTD = valores[unidades];
0x00D4	0x0E17      	MOVLW       main_valores_L0
0x00D6	0x6EE9      	MOVWF       FSR0L 
0x00D8	0x0E00      	MOVLW       hi_addr(main_valores_L0)
0x00DA	0x6EEA      	MOVWF       FSR0L+1 
0x00DC	0x5022      	MOVF        FLOC__main, 0 
0x00DE	0x26E9      	ADDWF       FSR0L, 1 
0x00E0	0xB0D8      	BTFSC       STATUS, 0 
0x00E2	0x2AEA      	INCF        FSR0L+1, 1 
0x00E4	0xFF83CFEE  	MOVFF       POSTINC0, PORTD
;p3c.c,68 :: 		delay_ms(5);
0x00E8	0x0E0D      	MOVLW       13
0x00EA	0x6E0C      	MOVWF       R12, 0
0x00EC	0x0EFB      	MOVLW       251
0x00EE	0x6E0D      	MOVWF       R13, 0
L_main7:
0x00F0	0x2E0D      	DECFSZ      R13, 1, 0
0x00F2	0xD7FE      	BRA         L_main7
0x00F4	0x2E0C      	DECFSZ      R12, 1, 0
0x00F6	0xD7FC      	BRA         L_main7
0x00F8	0x0000      	NOP
0x00FA	0x0000      	NOP
;p3c.c,70 :: 		PORTE = 0b110;
0x00FC	0x0E06      	MOVLW       6
0x00FE	0x6E84      	MOVWF       PORTE 
;p3c.c,71 :: 		PORTD = valores[decenas];
0x0100	0x0E17      	MOVLW       main_valores_L0
0x0102	0x6EE9      	MOVWF       FSR0L 
0x0104	0x0E00      	MOVLW       hi_addr(main_valores_L0)
0x0106	0x6EEA      	MOVWF       FSR0L+1 
0x0108	0x5021      	MOVF        main_decenas_L0, 0 
0x010A	0x26E9      	ADDWF       FSR0L, 1 
0x010C	0xB0D8      	BTFSC       STATUS, 0 
0x010E	0x2AEA      	INCF        FSR0L+1, 1 
0x0110	0xFF83CFEE  	MOVFF       POSTINC0, PORTD
;p3c.c,72 :: 		delay_ms(5);
0x0114	0x0E0D      	MOVLW       13
0x0116	0x6E0C      	MOVWF       R12, 0
0x0118	0x0EFB      	MOVLW       251
0x011A	0x6E0D      	MOVWF       R13, 0
L_main8:
0x011C	0x2E0D      	DECFSZ      R13, 1, 0
0x011E	0xD7FE      	BRA         L_main8
0x0120	0x2E0C      	DECFSZ      R12, 1, 0
0x0122	0xD7FC      	BRA         L_main8
0x0124	0x0000      	NOP
0x0126	0x0000      	NOP
;p3c.c,73 :: 		}
0x0128	0xD7BE      	BRA         L_main5
;p3c.c,74 :: 		}
L_end_main:
0x012A	0xD7FF      	BRA         $+0
; end of _main
Symbol List:
//** Routines locations **
//ADDRESS    SIZE    PROCEDURE
//----------------------------------------------
0x0008      [40]    _interrupt
0x0030      [30]    _Div_8X8_U
0x004E      [16]    ___CC2DW
0x005E     [206]    _main
//** Variables locations ** 
//ADDRESS    SIZE    VARIABLE
//----------------------------------------------
0x0000       [1]    R0
0x0001       [1]    R1
0x0002       [1]    R2
0x0003       [1]    R3
0x0004       [1]    R4
0x0005       [1]    R5
0x0006       [1]    R6
0x0007       [1]    R7
0x0008       [1]    R8
0x0009       [1]    R9
0x000A       [1]    R10
0x000B       [1]    R11
0x000C       [1]    R12
0x000D       [1]    R13
0x000E       [1]    R14
0x000F       [1]    R15
0x0010       [1]    R16
0x0011       [1]    R17
0x0012       [1]    R18
0x0013       [1]    R19
0x0014       [1]    R20
0x0016       [1]    _numeroActual
0x0017      [10]    main_valores_L0
0x0021       [1]    main_decenas_L0
0x0022       [1]    FLOC__main
0x0F83       [1]    PORTD
0x0F84       [1]    PORTE
0x0F93       [1]    TRISB
0x0F95       [1]    TRISD
0x0F96       [1]    TRISE
0x0FC1       [1]    ADCON1
0x0FD8       [1]    STATUS
0x0FD9       [1]    FSR2L
0x0FDA       [1]    FSR2H
0x0FDE       [1]    POSTINC2
0x0FE0       [1]    BSR
0x0FE1       [1]    FSR1L
0x0FE2       [1]    FSR1H
0x0FE4       [1]    PREINC1
0x0FE6       [1]    POSTINC1
0x0FE7       [1]    INDF1
0x0FE8       [1]    WREG
0x0FE9       [1]    FSR0L
0x0FEA       [1]    FSR0H
0x0FEE       [1]    POSTINC0
0x0FF0       [1]    INTCON3
0x0FF1       [1]    INTCON2
0x0FF2       [1]    INTCON
0x0FF3       [1]    PRODL
0x0FF4       [1]    PRODH
0x0FF5       [1]    TABLAT
0x0FF6       [1]    TBLPTRL
0x0FF7       [1]    TBLPTRH
0x0FF8       [1]    TBLPTRU
