;  LST file generated by mikroListExporter - v.2.0 
; Date/Time: 04/04/2026 15:11:09
;----------------------------------------------

;Address Opcode 	ASM
0x0000	0xF000EF53  	GOTO        166
0x0004	0x0000      	NOP
0x0006	0x0000      	NOP
0x0008	0xF000EF00  	GOTO        0
0x000C	0x0000      	NOP
0x000E	0x0000      	NOP
0x0010	0x0000      	NOP
0x0012	0x0000      	NOP
0x0014	0x0000      	NOP
0x0016	0x0000      	NOP
0x0018	0xD7F3      	BRA         0
_SPI1_Write:
;__Lib_SPI_c345.c,78 :: 		
;__Lib_SPI_c345.c,81 :: 		
0x001C	0xFFC9C027  	MOVFF       FARG_SPI1_Write_data_, SSPBUF
;__Lib_SPI_c345.c,82 :: 		
L_SPI1_Write8:
0x0020	0xB0C7      	BTFSC       SSPSTAT, 0 
0x0022	0xD002      	BRA         L_SPI1_Write9
;__Lib_SPI_c345.c,83 :: 		
0x0024	0x0000      	NOP
0x0026	0xD7FC      	BRA         L_SPI1_Write8
L_SPI1_Write9:
;__Lib_SPI_c345.c,84 :: 		
0x0028	0xF000CFC9  	MOVFF       SSPBUF, R0
;__Lib_SPI_c345.c,86 :: 		
L_end_SPI1_Write:
0x002C	0x0012      	RETURN      0
; end of _SPI1_Write
_escritura:
;P8d.c,7 :: 		void escritura(int valorDAC) {
;P8d.c,8 :: 		PORTC.B0 = 0;
0x002E	0x9082      	BCF         PORTC, 0 
;P8d.c,10 :: 		SPI1_Write(valorDAC >> 6); // se envía al DAC el byte alto del paquete de 16 bits.
0x0030	0x0E06      	MOVLW       6
0x0032	0x6E02      	MOVWF       R2 
0x0034	0xF000C025  	MOVFF       FARG_escritura_valorDAC, R0
0x0038	0xF001C026  	MOVFF       FARG_escritura_valorDAC+1, R1
0x003C	0x5002      	MOVF        R2, 0 
L__escritura12:
0x003E	0xE007      	BZ          L__escritura13
0x0040	0x3201      	RRCF        R1, 1 
0x0042	0x3200      	RRCF        R0, 1 
0x0044	0x9E01      	BCF         R1, 7 
0x0046	0xBC01      	BTFSC       R1, 6 
0x0048	0x8E01      	BSF         R1, 7 
0x004A	0x0FFF      	ADDLW       255
0x004C	0xD7F8      	BRA         L__escritura12
L__escritura13:
0x004E	0xF027C000  	MOVFF       R0, FARG_SPI1_Write_data_
0x0052	0xDFE4      	RCALL       _SPI1_Write
;P8d.c,11 :: 		SPI1_Write(valorDAC << 2); // se envía al DAC el byte bajo del paquete de 16 bits.
0x0054	0xF027C025  	MOVFF       FARG_escritura_valorDAC, FARG_SPI1_Write_data_
0x0058	0x3627      	RLCF        FARG_SPI1_Write_data_, 1 
0x005A	0x9027      	BCF         FARG_SPI1_Write_data_, 0 
0x005C	0x3627      	RLCF        FARG_SPI1_Write_data_, 1 
0x005E	0x9027      	BCF         FARG_SPI1_Write_data_, 0 
0x0060	0xDFDD      	RCALL       _SPI1_Write
;P8d.c,13 :: 		PORTC.B0 = 1;
0x0062	0x8082      	BSF         PORTC, 0 
;P8d.c,14 :: 		}
L_end_escritura:
0x0064	0x0012      	RETURN      0
; end of _escritura
_SPI1_Init:
;__Lib_SPI_c345.c,23 :: 		
;__Lib_SPI_c345.c,24 :: 		
0x0066	0x0EFF      	MOVLW       _SPI1_Read
0x0068	0x6E1B      	MOVWF       _SPI_Rd_Ptr 
0x006A	0x0EFF      	MOVLW       hi_addr(_SPI1_Read)
0x006C	0x6E1C      	MOVWF       _SPI_Rd_Ptr+1 
0x006E	0x0EFF      	MOVLW       FARG_SPI1_Read_buffer
0x0070	0x6E1D      	MOVWF       _SPI_Rd_Ptr+2 
0x0072	0x0EFF      	MOVLW       hi_addr(FARG_SPI1_Read_buffer)
0x0074	0x6E1E      	MOVWF       _SPI_Rd_Ptr+3 
;__Lib_SPI_c345.c,25 :: 		
0x0076	0x0E1C      	MOVLW       _SPI1_Write
0x0078	0x6E1F      	MOVWF       _SPI_Wr_Ptr 
0x007A	0x0E00      	MOVLW       hi_addr(_SPI1_Write)
0x007C	0x6E20      	MOVWF       _SPI_Wr_Ptr+1 
0x007E	0x0E27      	MOVLW       FARG_SPI1_Write_data_
0x0080	0x6E21      	MOVWF       _SPI_Wr_Ptr+2 
0x0082	0x0E00      	MOVLW       hi_addr(FARG_SPI1_Write_data_)
0x0084	0x6E22      	MOVWF       _SPI_Wr_Ptr+3 
;__Lib_SPI_c345.c,27 :: 		
0x0086	0x9A94      	BCF         TRISC5_bit, BitPos(TRISC5_bit+0) 
;__Lib_SPI_c345.c,28 :: 		
0x0088	0x9694      	BCF         TRISC3_bit, BitPos(TRISC3_bit+0) 
;__Lib_SPI_c345.c,29 :: 		
0x008A	0x8894      	BSF         TRISC4_bit, BitPos(TRISC4_bit+0) 
;__Lib_SPI_c345.c,31 :: 		
0x008C	0x6AC6      	CLRF        SSPCON1 
;__Lib_SPI_c345.c,32 :: 		
0x008E	0x0E40      	MOVLW       64
0x0090	0x6EC7      	MOVWF       SSPSTAT 
;__Lib_SPI_c345.c,33 :: 		
0x0092	0x8AC6      	BSF         SSPCON1, 5 
;__Lib_SPI_c345.c,35 :: 		
L_end_SPI1_Init:
0x0094	0x0012      	RETURN      0
; end of _SPI1_Init
___CC2DW:
;__Lib_System.c,21 :: 		
;__Lib_System.c,23 :: 		
_CC2DL_Loop1:
;__Lib_System.c,24 :: 		
0x0096	0x0009      	TBLRD*+
;__Lib_System.c,25 :: 		
0x0098	0xFFE6CFF5  	MOVFF       TABLAT, POSTINC1
;__Lib_System.c,26 :: 		
0x009C	0x0600      	DECF        R0, 1, 0
;__Lib_System.c,27 :: 		
0x009E	0xE1FB      	BNZ         _CC2DL_Loop1
;__Lib_System.c,28 :: 		
0x00A0	0x0601      	DECF        R1, 1, 0
;__Lib_System.c,29 :: 		
0x00A2	0xE1F9      	BNZ         _CC2DL_Loop1
;__Lib_System.c,31 :: 		
L_end___CC2DW:
0x00A4	0x0012      	RETURN      0
; end of ___CC2DW
_main:
0x00A6	0x6A15      	CLRF        _salida0 
0x00A8	0x6A16      	CLRF        22 
0x00AA	0x6A17      	CLRF        _salida2_5 
0x00AC	0x0E02      	MOVLW       2
0x00AE	0x6E18      	MOVWF       24 
0x00B0	0x0EFF      	MOVLW       255
0x00B2	0x6E19      	MOVWF       _salida5 
0x00B4	0x0E03      	MOVLW       3
0x00B6	0x6E1A      	MOVWF       26 
;P8d.c,15 :: 		void main() {
;P8d.c,16 :: 		TRISC.B0 = 0;
0x00B8	0x9094      	BCF         TRISC, 0 
;P8d.c,18 :: 		SPI1_Init();
0x00BA	0xDFD5      	RCALL       _SPI1_Init
;P8d.c,20 :: 		while(1) {
L_main0:
;P8d.c,21 :: 		escritura(salida2_5);
0x00BC	0xF025C017  	MOVFF       _salida2_5, FARG_escritura_valorDAC
0x00C0	0xF026C018  	MOVFF       _salida2_5+1, FARG_escritura_valorDAC+1
0x00C4	0xDFB4      	RCALL       _escritura
;P8d.c,22 :: 		delay_ms(70);
0x00C6	0x0EB6      	MOVLW       182
0x00C8	0x6E0C      	MOVWF       R12, 0
0x00CA	0x0ED0      	MOVLW       208
0x00CC	0x6E0D      	MOVWF       R13, 0
L_main2:
0x00CE	0x2E0D      	DECFSZ      R13, 1, 0
0x00D0	0xD7FE      	BRA         L_main2
0x00D2	0x2E0C      	DECFSZ      R12, 1, 0
0x00D4	0xD7FC      	BRA         L_main2
0x00D6	0x0000      	NOP
;P8d.c,24 :: 		for(i = salida2_5; i < salida5; i++) {
0x00D8	0xF023C017  	MOVFF       _salida2_5, _i
0x00DC	0xF024C018  	MOVFF       _salida2_5+1, _i+1
L_main3:
0x00E0	0x0E80      	MOVLW       128
0x00E2	0x1824      	XORWF       _i+1, 0 
0x00E4	0x6E00      	MOVWF       R0 
0x00E6	0x0E80      	MOVLW       128
0x00E8	0x181A      	XORWF       _salida5+1, 0 
0x00EA	0x5C00      	SUBWF       R0, 0 
0x00EC	0xE102      	BNZ         L__main15
0x00EE	0x5019      	MOVF        _salida5, 0 
0x00F0	0x5C23      	SUBWF       _i, 0 
L__main15:
0x00F2	0xE20E      	BC          L_main4
;P8d.c,25 :: 		escritura(i);
0x00F4	0xF025C023  	MOVFF       _i, FARG_escritura_valorDAC
0x00F8	0xF026C024  	MOVFF       _i+1, FARG_escritura_valorDAC+1
0x00FC	0xDF98      	RCALL       _escritura
;P8d.c,26 :: 		delay_us(54);
0x00FE	0x0E23      	MOVLW       35
0x0100	0x6E0D      	MOVWF       R13, 0
L_main6:
0x0102	0x2E0D      	DECFSZ      R13, 1, 0
0x0104	0xD7FE      	BRA         L_main6
0x0106	0x0000      	NOP
0x0108	0x0000      	NOP
;P8d.c,24 :: 		for(i = salida2_5; i < salida5; i++) {
0x010A	0x4A23      	INFSNZ      _i, 1 
0x010C	0x2A24      	INCF        _i+1, 1 
;P8d.c,27 :: 		}
0x010E	0xD7E8      	BRA         L_main3
L_main4:
;P8d.c,28 :: 		escritura(salida0);
0x0110	0xF025C015  	MOVFF       _salida0, FARG_escritura_valorDAC
0x0114	0xF026C016  	MOVFF       _salida0+1, FARG_escritura_valorDAC+1
0x0118	0xDF8A      	RCALL       _escritura
;P8d.c,29 :: 		for(i = salida0; i < salida2_5; i++) {
0x011A	0xF023C015  	MOVFF       _salida0, _i
0x011E	0xF024C016  	MOVFF       _salida0+1, _i+1
L_main7:
0x0122	0x0E80      	MOVLW       128
0x0124	0x1824      	XORWF       _i+1, 0 
0x0126	0x6E00      	MOVWF       R0 
0x0128	0x0E80      	MOVLW       128
0x012A	0x1818      	XORWF       _salida2_5+1, 0 
0x012C	0x5C00      	SUBWF       R0, 0 
0x012E	0xE102      	BNZ         L__main16
0x0130	0x5017      	MOVF        _salida2_5, 0 
0x0132	0x5C23      	SUBWF       _i, 0 
L__main16:
0x0134	0xE20E      	BC          L_main8
;P8d.c,30 :: 		escritura(i);
0x0136	0xF025C023  	MOVFF       _i, FARG_escritura_valorDAC
0x013A	0xF026C024  	MOVFF       _i+1, FARG_escritura_valorDAC+1
0x013E	0xDF77      	RCALL       _escritura
;P8d.c,31 :: 		delay_us(54);
0x0140	0x0E23      	MOVLW       35
0x0142	0x6E0D      	MOVWF       R13, 0
L_main10:
0x0144	0x2E0D      	DECFSZ      R13, 1, 0
0x0146	0xD7FE      	BRA         L_main10
0x0148	0x0000      	NOP
0x014A	0x0000      	NOP
;P8d.c,29 :: 		for(i = salida0; i < salida2_5; i++) {
0x014C	0x4A23      	INFSNZ      _i, 1 
0x014E	0x2A24      	INCF        _i+1, 1 
;P8d.c,32 :: 		}
0x0150	0xD7E8      	BRA         L_main7
L_main8:
;P8d.c,33 :: 		}
0x0152	0xD7B4      	BRA         L_main0
;P8d.c,36 :: 		}
L_end_main:
0x0154	0xD7FF      	BRA         $+0
; end of _main
Symbol List:
//** Routines locations **
//ADDRESS    SIZE    PROCEDURE
//----------------------------------------------
0x001C      [18]    _SPI1_Write
0x002E      [56]    _escritura
0x0066      [48]    _SPI1_Init
0x0096      [16]    ___CC2DW
0x00A6     [176]    _main
//** Variables locations ** 
//ADDRESS    SIZE    VARIABLE
//----------------------------------------------
0x0000       [1]    SPI1_Write_tmp_L0
0x0000       [1]    R0
0x0001       [1]    R1
0x0002       [1]    R2
0x0003       [1]    R3
0x0004       [1]    R4
0x0005       [1]    R5
0x0006       [1]    R6
0x0007       [1]    R7
0x0008       [1]    R8
0x0009       [1]    R9
0x000A       [1]    R10
0x000B       [1]    R11
0x000C       [1]    R12
0x000D       [1]    R13
0x000E       [1]    R14
0x000F       [1]    R15
0x0010       [1]    R16
0x0011       [1]    R17
0x0012       [1]    R18
0x0013       [1]    R19
0x0014       [1]    R20
0x0015       [2]    _salida0
0x0017       [2]    _salida2_5
0x0019       [2]    _salida5
0x001B       [4]    _SPI_Rd_Ptr
0x001F       [4]    _SPI_Wr_Ptr
0x0023       [2]    _i
0x0025       [2]    FARG_escritura_valorDAC
0x0027       [1]    FARG_SPI1_Write_data_
0x0F82       [1]    PORTC
0x0F94       [1]    TRISC
0x0F94       [0]    TRISC4_bit
0x0F94       [0]    TRISC3_bit
0x0F94       [0]    TRISC5_bit
0x0FC6       [1]    SSPCON1
0x0FC7       [1]    SSPSTAT
0x0FC9       [1]    SSPBUF
0x0FD8       [1]    STATUS
0x0FD9       [1]    FSR2L
0x0FDA       [1]    FSR2H
0x0FDE       [1]    POSTINC2
0x0FE0       [1]    BSR
0x0FE1       [1]    FSR1L
0x0FE2       [1]    FSR1H
0x0FE4       [1]    PREINC1
0x0FE6       [1]    POSTINC1
0x0FE7       [1]    INDF1
0x0FE8       [1]    WREG
0x0FE9       [1]    FSR0L
0x0FEA       [1]    FSR0H
0x0FEE       [1]    POSTINC0
0x0FF3       [1]    PRODL
0x0FF4       [1]    PRODH
0x0FF5       [1]    TABLAT
0x0FF6       [1]    TBLPTRL
0x0FF7       [1]    TBLPTRH
0x0FF8       [1]    TBLPTRU
