;  LST file generated by mikroListExporter - v.2.0 
; Date/Time: 01/04/2026 17:49:51
;----------------------------------------------

;Address Opcode 	ASM
0x0000	0xF003EFCB  	GOTO        1942
0x0004	0x0000      	NOP
0x0006	0x0000      	NOP
0x0008	0xF000EF00  	GOTO        0
0x000C	0x0000      	NOP
0x000E	0x0000      	NOP
0x0010	0x0000      	NOP
0x0012	0x0000      	NOP
0x0014	0x0000      	NOP
0x0016	0x0000      	NOP
0x0018	0xD7F3      	BRA         0
_SETFOV32:
;__Lib_MathDouble.c,82 :: 		
;__Lib_MathDouble.c,90 :: 		
0x001C	0x820B      	BSF         R11, 1, 0
;__Lib_MathDouble.c,91 :: 		
0x001E	0xAE0B      	BTFSS       R11, 7, 0
;__Lib_MathDouble.c,92 :: 		
0x0020	0xF000EF18  	GOTO        SETFOV32EEE
;__Lib_MathDouble.c,94 :: 		
0x0024	0x6803      	SETF        R3, 0
;__Lib_MathDouble.c,95 :: 		
0x0026	0x6802      	SETF        R2, 0
;__Lib_MathDouble.c,96 :: 		
0x0028	0x6801      	SETF        R1, 0
;__Lib_MathDouble.c,97 :: 		
0x002A	0x6800      	SETF        R0, 0
;__Lib_MathDouble.c,98 :: 		
0x002C	0x360A      	RLCF        R10, 1, 0
;__Lib_MathDouble.c,99 :: 		
0x002E	0x3202      	RRCF        R2, 1, 0
;__Lib_MathDouble.c,100 :: 		
SETFOV32EEE:
;__Lib_MathDouble.c,101 :: 		
0x0030	0x0EFF      	MOVLW       255
;__Lib_MathDouble.c,103 :: 		
L_end_SETFOV32:
0x0032	0x0012      	RETURN      0
; end of _SETFOV32
_FIXSIGN32:
;__Lib_MathDouble.c,117 :: 		
;__Lib_MathDouble.c,121 :: 		
0x0034	0xAE0A      	BTFSS       R10, 7, 0
;__Lib_MathDouble.c,122 :: 		
0x0036	0x9E02      	BCF         R2, 7, 0
;__Lib_MathDouble.c,123 :: 		
0x0038	0x0E00      	MOVLW       0
;__Lib_MathDouble.c,125 :: 		
L_end_FIXSIGN32:
0x003A	0x0012      	RETURN      0
; end of _FIXSIGN32
_SETFUN32:
;__Lib_MathDouble.c,144 :: 		
;__Lib_MathDouble.c,152 :: 		
0x003C	0x840B      	BSF         R11, 2, 0
;__Lib_MathDouble.c,153 :: 		
0x003E	0xAE0B      	BTFSS       R11, 7, 0
;__Lib_MathDouble.c,154 :: 		
0x0040	0xF000EF29  	GOTO        SETFUN32EEE
;__Lib_MathDouble.c,156 :: 		
0x0044	0x0E01      	MOVLW       1
;__Lib_MathDouble.c,157 :: 		
0x0046	0x6E03      	MOVWF       R3, 0
;__Lib_MathDouble.c,158 :: 		
0x0048	0x6A02      	CLRF        R2, 0
;__Lib_MathDouble.c,159 :: 		
0x004A	0x6A01      	CLRF        R1, 0
;__Lib_MathDouble.c,160 :: 		
0x004C	0x6A00      	CLRF        R0, 0
;__Lib_MathDouble.c,161 :: 		
0x004E	0x360A      	RLCF        R10, 1, 0
;__Lib_MathDouble.c,162 :: 		
0x0050	0x3202      	RRCF        R2, 1, 0
;__Lib_MathDouble.c,163 :: 		
SETFUN32EEE:
;__Lib_MathDouble.c,164 :: 		
0x0052	0x0EFF      	MOVLW       255
;__Lib_MathDouble.c,166 :: 		
L_end_SETFUN32:
0x0054	0x0012      	RETURN      0
; end of _SETFUN32
_RES032:
;__Lib_MathDouble.c,128 :: 		
;__Lib_MathDouble.c,134 :: 		
0x0056	0x6A02      	CLRF        R2, 0
;__Lib_MathDouble.c,135 :: 		
0x0058	0x6A01      	CLRF        R1, 0
;__Lib_MathDouble.c,136 :: 		
0x005A	0x6A00      	CLRF        R0, 0
;__Lib_MathDouble.c,137 :: 		
0x005C	0x6A08      	CLRF        R8, 0
;__Lib_MathDouble.c,138 :: 		
0x005E	0x6A03      	CLRF        R3, 0
;__Lib_MathDouble.c,139 :: 		
0x0060	0x0E00      	MOVLW       0
;__Lib_MathDouble.c,141 :: 		
L_end_RES032:
0x0062	0x0012      	RETURN      0
; end of _RES032
_SETIOV3224:
;__Lib_MathDouble.c,530 :: 		
;__Lib_MathDouble.c,537 :: 		
0x0064	0x800B      	BSF         R11, 0, 0
;__Lib_MathDouble.c,538 :: 		
0x0066	0xAE0B      	BTFSS       R11, 7, 0
;__Lib_MathDouble.c,539 :: 		
0x0068	0xF000EF3E  	GOTO        SETIOV3224EEE
;__Lib_MathDouble.c,541 :: 		
0x006C	0x6A02      	CLRF        R2, 0
;__Lib_MathDouble.c,542 :: 		
0x006E	0xAE0A      	BTFSS       R10, 7, 0
;__Lib_MathDouble.c,543 :: 		
0x0070	0x0EFF      	MOVLW       255
;__Lib_MathDouble.c,544 :: 		
0x0072	0x6E02      	MOVWF       R2, 0
;__Lib_MathDouble.c,545 :: 		
0x0074	0x6E01      	MOVWF       R1, 0
;__Lib_MathDouble.c,546 :: 		
0x0076	0x6E00      	MOVWF       R0, 0
;__Lib_MathDouble.c,547 :: 		
0x0078	0x360A      	RLCF        R10, 1, 0
;__Lib_MathDouble.c,548 :: 		
0x007A	0x3202      	RRCF        R2, 1, 0
;__Lib_MathDouble.c,549 :: 		
SETIOV3224EEE:
;__Lib_MathDouble.c,550 :: 		
0x007C	0x0EFF      	MOVLW       255
;__Lib_MathDouble.c,552 :: 		
L_end_SETIOV3224:
0x007E	0x0012      	RETURN      0
; end of _SETIOV3224
_NRM4032:
;__Lib_MathDouble.c,174 :: 		
;__Lib_MathDouble.c,183 :: 		
0x0080	0xB00C      	BTFSC       R12, 0, 0
;__Lib_MathDouble.c,184 :: 		
0x0082	0xF000EF82  	GOTO        NRMRND4032
;__Lib_MathDouble.c,185 :: 		
0x0086	0xA20C      	BTFSS       R12, 1, 0
;__Lib_MathDouble.c,186 :: 		
0x0088	0xF001EF28  	GOTO        NRM40JPSETFOV32
;__Lib_MathDouble.c,188 :: 		
0x008C	0x6A0E      	CLRF        R14, 0
;__Lib_MathDouble.c,189 :: 		
0x008E	0x0E00      	MOVLW       0
;__Lib_MathDouble.c,190 :: 		
0x0090	0x6402      	CPFSGT      R2, 0
;__Lib_MathDouble.c,191 :: 		
0x0092	0xF000EF99  	GOTO        NRM4032A
;__Lib_MathDouble.c,194 :: 		
0x0096	0x0EF0      	MOVLW       240
;__Lib_MathDouble.c,195 :: 		
0x0098	0x1402      	ANDWF       R2, 0, 0
;__Lib_MathDouble.c,196 :: 		
0x009A	0xA4D8      	BTFSS       STATUS, 2, 0
;__Lib_MathDouble.c,197 :: 		
0x009C	0xF000EF64  	GOTO        NORM4032
;__Lib_MathDouble.c,199 :: 		
0x00A0	0x3A02      	SWAPF       R2, 1, 0
;__Lib_MathDouble.c,200 :: 		
0x00A2	0x3801      	SWAPF       R1, 0, 0
;__Lib_MathDouble.c,201 :: 		
0x00A4	0x0B0F      	ANDLW       15
;__Lib_MathDouble.c,202 :: 		
0x00A6	0x2602      	ADDWF       R2, 1, 0
;__Lib_MathDouble.c,204 :: 		
0x00A8	0x3801      	SWAPF       R1, 0, 0
;__Lib_MathDouble.c,205 :: 		
0x00AA	0x0BF0      	ANDLW       240
;__Lib_MathDouble.c,206 :: 		
0x00AC	0x6E01      	MOVWF       R1, 0
;__Lib_MathDouble.c,207 :: 		
0x00AE	0x3800      	SWAPF       R0, 0, 0
;__Lib_MathDouble.c,208 :: 		
0x00B0	0x0B0F      	ANDLW       15
;__Lib_MathDouble.c,209 :: 		
0x00B2	0x2601      	ADDWF       R1, 1, 0
;__Lib_MathDouble.c,211 :: 		
0x00B4	0x3800      	SWAPF       R0, 0, 0
;__Lib_MathDouble.c,212 :: 		
0x00B6	0x0BF0      	ANDLW       240
;__Lib_MathDouble.c,213 :: 		
0x00B8	0x6E00      	MOVWF       R0, 0
;__Lib_MathDouble.c,214 :: 		
0x00BA	0x3808      	SWAPF       R8, 0, 0
;__Lib_MathDouble.c,215 :: 		
0x00BC	0x0B0F      	ANDLW       15
;__Lib_MathDouble.c,216 :: 		
0x00BE	0x2600      	ADDWF       R0, 1, 0
;__Lib_MathDouble.c,218 :: 		
0x00C0	0x3808      	SWAPF       R8, 0, 0
;__Lib_MathDouble.c,219 :: 		
0x00C2	0x0BF0      	ANDLW       240
;__Lib_MathDouble.c,220 :: 		
0x00C4	0x6E08      	MOVWF       R8, 0
;__Lib_MathDouble.c,222 :: 		
0x00C6	0x840E      	BSF         R14, 2, 0
;__Lib_MathDouble.c,224 :: 		
NORM4032:
;__Lib_MathDouble.c,225 :: 		
0x00C8	0x90D8      	BCF         STATUS, 0, 0
;__Lib_MathDouble.c,227 :: 		
0x00CA	0xBE02      	BTFSC       R2, 7, 0
;__Lib_MathDouble.c,228 :: 		
0x00CC	0xF000EF7D  	GOTO        TNORMUN4032
;__Lib_MathDouble.c,229 :: 		
0x00D0	0x3608      	RLCF        R8, 1, 0
;__Lib_MathDouble.c,230 :: 		
0x00D2	0x3600      	RLCF        R0, 1, 0
;__Lib_MathDouble.c,231 :: 		
0x00D4	0x3601      	RLCF        R1, 1, 0
;__Lib_MathDouble.c,232 :: 		
0x00D6	0x3602      	RLCF        R2, 1, 0
;__Lib_MathDouble.c,233 :: 		
0x00D8	0x2A0E      	INCF        R14, 1, 0
;__Lib_MathDouble.c,234 :: 		
0x00DA	0xBE02      	BTFSC       R2, 7, 0
;__Lib_MathDouble.c,235 :: 		
0x00DC	0xF000EF7D  	GOTO        TNORMUN4032
;__Lib_MathDouble.c,236 :: 		
0x00E0	0x3608      	RLCF        R8, 1, 0
;__Lib_MathDouble.c,237 :: 		
0x00E2	0x3600      	RLCF        R0, 1, 0
;__Lib_MathDouble.c,238 :: 		
0x00E4	0x3601      	RLCF        R1, 1, 0
;__Lib_MathDouble.c,239 :: 		
0x00E6	0x3602      	RLCF        R2, 1, 0
;__Lib_MathDouble.c,240 :: 		
0x00E8	0x2A0E      	INCF        R14, 1, 0
;__Lib_MathDouble.c,241 :: 		
0x00EA	0xBE02      	BTFSC       R2, 7, 0
;__Lib_MathDouble.c,242 :: 		
0x00EC	0xF000EF7D  	GOTO        TNORMUN4032
;__Lib_MathDouble.c,243 :: 		
0x00F0	0x3608      	RLCF        R8, 1, 0
;__Lib_MathDouble.c,244 :: 		
0x00F2	0x3600      	RLCF        R0, 1, 0
;__Lib_MathDouble.c,245 :: 		
0x00F4	0x3601      	RLCF        R1, 1, 0
;__Lib_MathDouble.c,246 :: 		
0x00F6	0x3602      	RLCF        R2, 1, 0
;__Lib_MathDouble.c,247 :: 		
0x00F8	0x2A0E      	INCF        R14, 1, 0
;__Lib_MathDouble.c,249 :: 		
TNORMUN4032:
;__Lib_MathDouble.c,250 :: 		
0x00FA	0x500E      	MOVF        R14, 0, 0
;__Lib_MathDouble.c,251 :: 		
0x00FC	0x6403      	CPFSGT      R3, 0
;__Lib_MathDouble.c,252 :: 		
0x00FE	0xF001EF1E  	GOTO        NRM40JPSETFUN32
;__Lib_MathDouble.c,253 :: 		
0x0102	0x5E03      	SUBWF       R3, 1, 0
;__Lib_MathDouble.c,255 :: 		
NRMRND4032:
;__Lib_MathDouble.c,256 :: 		
0x0104	0xBC0B      	BTFSC       R11, 6, 0
;__Lib_MathDouble.c,257 :: 		
0x0106	0xAE08      	BTFSS       R8, 7, 0
;__Lib_MathDouble.c,258 :: 		
0x0108	0xF001EF23  	GOTO        NRM40JPFIXSIGN32
;__Lib_MathDouble.c,259 :: 		
0x010C	0x80D8      	BSF         STATUS, 0, 0
;__Lib_MathDouble.c,260 :: 		
0x010E	0x0E80      	MOVLW       128
;__Lib_MathDouble.c,261 :: 		
0x0110	0x6408      	CPFSGT      R8, 0
;__Lib_MathDouble.c,262 :: 		
0x0112	0x3000      	RRCF        R0, 0, 0
;__Lib_MathDouble.c,263 :: 		
0x0114	0x0E00      	MOVLW       0
;__Lib_MathDouble.c,264 :: 		
0x0116	0x2200      	ADDWFC      R0, 1, 0
;__Lib_MathDouble.c,265 :: 		
0x0118	0x2201      	ADDWFC      R1, 1, 0
;__Lib_MathDouble.c,266 :: 		
0x011A	0x2202      	ADDWFC      R2, 1, 0
;__Lib_MathDouble.c,268 :: 		
0x011C	0xA0D8      	BTFSS       STATUS, 0, 0
;__Lib_MathDouble.c,269 :: 		
0x011E	0xF001EF23  	GOTO        NRM40JPFIXSIGN32
;__Lib_MathDouble.c,270 :: 		
0x0122	0x3202      	RRCF        R2, 1, 0
;__Lib_MathDouble.c,271 :: 		
0x0124	0x3201      	RRCF        R1, 1, 0
;__Lib_MathDouble.c,272 :: 		
0x0126	0x3200      	RRCF        R0, 1, 0
;__Lib_MathDouble.c,273 :: 		
0x0128	0x4A03      	INFSNZ      R3, 1, 0
;__Lib_MathDouble.c,274 :: 		
0x012A	0xF001EF28  	GOTO        NRM40JPSETFOV32
;__Lib_MathDouble.c,275 :: 		
0x012E	0xF001EF23  	GOTO        NRM40JPFIXSIGN32
;__Lib_MathDouble.c,277 :: 		
NRM4032A:
;__Lib_MathDouble.c,278 :: 		
0x0132	0xF002C001  	MOVFF       R1, R2
;__Lib_MathDouble.c,279 :: 		
0x0136	0xF001C000  	MOVFF       R0, R1
;__Lib_MathDouble.c,280 :: 		
0x013A	0xF000C008  	MOVFF       R8, R0
;__Lib_MathDouble.c,281 :: 		
0x013E	0x6A08      	CLRF        R8, 0
;__Lib_MathDouble.c,282 :: 		
0x0140	0x0E00      	MOVLW       0
;__Lib_MathDouble.c,283 :: 		
0x0142	0x860E      	BSF         R14, 3, 0
;__Lib_MathDouble.c,284 :: 		
0x0144	0x6402      	CPFSGT      R2, 0
;__Lib_MathDouble.c,285 :: 		
0x0146	0xF000EFD0  	GOTO        NRM4032B
;__Lib_MathDouble.c,288 :: 		
0x014A	0x0EF0      	MOVLW       240
;__Lib_MathDouble.c,289 :: 		
0x014C	0x1402      	ANDWF       R2, 0, 0
;__Lib_MathDouble.c,290 :: 		
0x014E	0xA4D8      	BTFSS       STATUS, 2, 0
;__Lib_MathDouble.c,291 :: 		
0x0150	0xF000EFB8  	GOTO        NORM4032A
;__Lib_MathDouble.c,292 :: 		
0x0154	0x3A02      	SWAPF       R2, 1, 0
;__Lib_MathDouble.c,293 :: 		
0x0156	0x3801      	SWAPF       R1, 0, 0
;__Lib_MathDouble.c,294 :: 		
0x0158	0x0B0F      	ANDLW       15
;__Lib_MathDouble.c,295 :: 		
0x015A	0x2602      	ADDWF       R2, 1, 0
;__Lib_MathDouble.c,297 :: 		
0x015C	0x3801      	SWAPF       R1, 0, 0
;__Lib_MathDouble.c,298 :: 		
0x015E	0x0BF0      	ANDLW       240
;__Lib_MathDouble.c,299 :: 		
0x0160	0x6E01      	MOVWF       R1, 0
;__Lib_MathDouble.c,300 :: 		
0x0162	0x3800      	SWAPF       R0, 0, 0
;__Lib_MathDouble.c,301 :: 		
0x0164	0x0B0F      	ANDLW       15
;__Lib_MathDouble.c,302 :: 		
0x0166	0x2601      	ADDWF       R1, 1, 0
;__Lib_MathDouble.c,304 :: 		
0x0168	0x3800      	SWAPF       R0, 0, 0
;__Lib_MathDouble.c,305 :: 		
0x016A	0x0BF0      	ANDLW       240
;__Lib_MathDouble.c,306 :: 		
0x016C	0x6E00      	MOVWF       R0, 0
;__Lib_MathDouble.c,308 :: 		
0x016E	0x840E      	BSF         R14, 2, 0
;__Lib_MathDouble.c,310 :: 		
NORM4032A:
;__Lib_MathDouble.c,311 :: 		
0x0170	0x90D8      	BCF         STATUS, 0, 0
;__Lib_MathDouble.c,313 :: 		
0x0172	0xBE02      	BTFSC       R2, 7, 0
;__Lib_MathDouble.c,314 :: 		
0x0174	0xF000EF7D  	GOTO        TNORMUN4032
;__Lib_MathDouble.c,315 :: 		
0x0178	0x3600      	RLCF        R0, 1, 0
;__Lib_MathDouble.c,316 :: 		
0x017A	0x3601      	RLCF        R1, 1, 0
;__Lib_MathDouble.c,317 :: 		
0x017C	0x3602      	RLCF        R2, 1, 0
;__Lib_MathDouble.c,318 :: 		
0x017E	0x2A0E      	INCF        R14, 1, 0
;__Lib_MathDouble.c,319 :: 		
0x0180	0xBE02      	BTFSC       R2, 7, 0
;__Lib_MathDouble.c,320 :: 		
0x0182	0xF000EF7D  	GOTO        TNORMUN4032
;__Lib_MathDouble.c,321 :: 		
0x0186	0x3600      	RLCF        R0, 1, 0
;__Lib_MathDouble.c,322 :: 		
0x0188	0x3601      	RLCF        R1, 1, 0
;__Lib_MathDouble.c,323 :: 		
0x018A	0x3602      	RLCF        R2, 1, 0
;__Lib_MathDouble.c,324 :: 		
0x018C	0x2A0E      	INCF        R14, 1, 0
;__Lib_MathDouble.c,325 :: 		
0x018E	0xBE02      	BTFSC       R2, 7, 0
;__Lib_MathDouble.c,326 :: 		
0x0190	0xF000EF7D  	GOTO        TNORMUN4032
;__Lib_MathDouble.c,327 :: 		
0x0194	0x3600      	RLCF        R0, 1, 0
;__Lib_MathDouble.c,328 :: 		
0x0196	0x3601      	RLCF        R1, 1, 0
;__Lib_MathDouble.c,329 :: 		
0x0198	0x3602      	RLCF        R2, 1, 0
;__Lib_MathDouble.c,330 :: 		
0x019A	0x2A0E      	INCF        R14, 1, 0
;__Lib_MathDouble.c,331 :: 		
0x019C	0xF000EF7D  	GOTO        TNORMUN4032
;__Lib_MathDouble.c,333 :: 		
NRM4032B:
;__Lib_MathDouble.c,334 :: 		
0x01A0	0xF002C001  	MOVFF       R1, R2
;__Lib_MathDouble.c,335 :: 		
0x01A4	0xF001C000  	MOVFF       R0, R1
;__Lib_MathDouble.c,336 :: 		
0x01A8	0x6A00      	CLRF        R0, 0
;__Lib_MathDouble.c,337 :: 		
0x01AA	0x0E00      	MOVLW       0
;__Lib_MathDouble.c,338 :: 		
0x01AC	0x960E      	BCF         R14, 3, 0
;__Lib_MathDouble.c,339 :: 		
0x01AE	0x880E      	BSF         R14, 4, 0
;__Lib_MathDouble.c,340 :: 		
0x01B0	0x6402      	CPFSGT      R2, 0
;__Lib_MathDouble.c,341 :: 		
0x01B2	0xF000EFFD  	GOTO        NRM4032C
;__Lib_MathDouble.c,344 :: 		
0x01B6	0x0EF0      	MOVLW       240
;__Lib_MathDouble.c,345 :: 		
0x01B8	0x1402      	ANDWF       R2, 0, 0
;__Lib_MathDouble.c,346 :: 		
0x01BA	0xA4D8      	BTFSS       STATUS, 2, 0
;__Lib_MathDouble.c,347 :: 		
0x01BC	0xF000EFE8  	GOTO        NORM4032B
;__Lib_MathDouble.c,349 :: 		
0x01C0	0x3A02      	SWAPF       R2, 1, 0
;__Lib_MathDouble.c,350 :: 		
0x01C2	0x3801      	SWAPF       R1, 0, 0
;__Lib_MathDouble.c,351 :: 		
0x01C4	0x0B0F      	ANDLW       15
;__Lib_MathDouble.c,352 :: 		
0x01C6	0x2602      	ADDWF       R2, 1, 0
;__Lib_MathDouble.c,354 :: 		
0x01C8	0x3801      	SWAPF       R1, 0, 0
;__Lib_MathDouble.c,355 :: 		
0x01CA	0x0BF0      	ANDLW       240
;__Lib_MathDouble.c,356 :: 		
0x01CC	0x6E01      	MOVWF       R1, 0
;__Lib_MathDouble.c,358 :: 		
0x01CE	0x840E      	BSF         R14, 2, 0
;__Lib_MathDouble.c,360 :: 		
NORM4032B:
;__Lib_MathDouble.c,361 :: 		
0x01D0	0x90D8      	BCF         STATUS, 0, 0
;__Lib_MathDouble.c,362 :: 		
0x01D2	0xBE02      	BTFSC       R2, 7, 0
;__Lib_MathDouble.c,363 :: 		
0x01D4	0xF000EF7D  	GOTO        TNORMUN4032
;__Lib_MathDouble.c,364 :: 		
0x01D8	0x3601      	RLCF        R1, 1, 0
;__Lib_MathDouble.c,365 :: 		
0x01DA	0x3602      	RLCF        R2, 1, 0
;__Lib_MathDouble.c,366 :: 		
0x01DC	0x2A0E      	INCF        R14, 1, 0
;__Lib_MathDouble.c,367 :: 		
0x01DE	0xBE02      	BTFSC       R2, 7, 0
;__Lib_MathDouble.c,368 :: 		
0x01E0	0xF000EF7D  	GOTO        TNORMUN4032
;__Lib_MathDouble.c,369 :: 		
0x01E4	0x3601      	RLCF        R1, 1, 0
;__Lib_MathDouble.c,370 :: 		
0x01E6	0x3602      	RLCF        R2, 1, 0
;__Lib_MathDouble.c,371 :: 		
0x01E8	0x2A0E      	INCF        R14, 1, 0
;__Lib_MathDouble.c,372 :: 		
0x01EA	0xBE02      	BTFSC       R2, 7, 0
;__Lib_MathDouble.c,373 :: 		
0x01EC	0xF000EF7D  	GOTO        TNORMUN4032
;__Lib_MathDouble.c,374 :: 		
0x01F0	0x3601      	RLCF        R1, 1, 0
;__Lib_MathDouble.c,375 :: 		
0x01F2	0x3602      	RLCF        R2, 1, 0
;__Lib_MathDouble.c,376 :: 		
0x01F4	0x2A0E      	INCF        R14, 1, 0
;__Lib_MathDouble.c,377 :: 		
0x01F6	0xF000EF7D  	GOTO        TNORMUN4032
;__Lib_MathDouble.c,379 :: 		
NRM4032C:
;__Lib_MathDouble.c,380 :: 		
0x01FA	0xF002C001  	MOVFF       R1, R2
;__Lib_MathDouble.c,381 :: 		
0x01FE	0x6A01      	CLRF        R1, 0
;__Lib_MathDouble.c,382 :: 		
0x0200	0x0E00      	MOVLW       0
;__Lib_MathDouble.c,383 :: 		
0x0202	0x860E      	BSF         R14, 3, 0
;__Lib_MathDouble.c,384 :: 		
0x0204	0x6402      	CPFSGT      R2, 0
;__Lib_MathDouble.c,385 :: 		
0x0206	0xF001EF2D  	GOTO        NRM40JPRES032
;__Lib_MathDouble.c,388 :: 		
0x020A	0x0EF0      	MOVLW       240
;__Lib_MathDouble.c,389 :: 		
0x020C	0x1402      	ANDWF       R2, 0, 0
;__Lib_MathDouble.c,390 :: 		
0x020E	0xA4D8      	BTFSS       STATUS, 2, 0
;__Lib_MathDouble.c,391 :: 		
0x0210	0xF001EF0C  	GOTO        NORM4032C
;__Lib_MathDouble.c,392 :: 		
0x0214	0x3A02      	SWAPF       R2, 1, 0
;__Lib_MathDouble.c,394 :: 		
0x0216	0x840E      	BSF         R14, 2, 0
;__Lib_MathDouble.c,396 :: 		
NORM4032C:
;__Lib_MathDouble.c,397 :: 		
0x0218	0x90D8      	BCF         STATUS, 0, 0
;__Lib_MathDouble.c,399 :: 		
0x021A	0xBE02      	BTFSC       R2, 7, 0
;__Lib_MathDouble.c,400 :: 		
0x021C	0xF000EF7D  	GOTO        TNORMUN4032
;__Lib_MathDouble.c,401 :: 		
0x0220	0x3602      	RLCF        R2, 1, 0
;__Lib_MathDouble.c,402 :: 		
0x0222	0x2A0E      	INCF        R14, 1, 0
;__Lib_MathDouble.c,403 :: 		
0x0224	0xBE02      	BTFSC       R2, 7, 0
;__Lib_MathDouble.c,404 :: 		
0x0226	0xF000EF7D  	GOTO        TNORMUN4032
;__Lib_MathDouble.c,405 :: 		
0x022A	0x3602      	RLCF        R2, 1, 0
;__Lib_MathDouble.c,406 :: 		
0x022C	0x2A0E      	INCF        R14, 1, 0
;__Lib_MathDouble.c,407 :: 		
0x022E	0xBE02      	BTFSC       R2, 7, 0
;__Lib_MathDouble.c,408 :: 		
0x0230	0xF000EF7D  	GOTO        TNORMUN4032
;__Lib_MathDouble.c,409 :: 		
0x0234	0x3602      	RLCF        R2, 1, 0
;__Lib_MathDouble.c,410 :: 		
0x0236	0x2A0E      	INCF        R14, 1, 0
;__Lib_MathDouble.c,411 :: 		
0x0238	0xF000EF7D  	GOTO        TNORMUN4032
;__Lib_MathDouble.c,413 :: 		
NRM40JPSETFUN32:
;__Lib_MathDouble.c,414 :: 		
0x023C	0x0E01      	MOVLW       1
;__Lib_MathDouble.c,415 :: 		
0x023E	0x6E0C      	MOVWF       R12, 0
;__Lib_MathDouble.c,417 :: 		
0x0240	0xDEFD      	RCALL       _SETFUN32
;__Lib_MathDouble.c,419 :: 		
0x0242	0xF001EF30  	GOTO        NRM40EEE
;__Lib_MathDouble.c,420 :: 		
NRM40JPFIXSIGN32:
;__Lib_MathDouble.c,421 :: 		
0x0246	0x0E02      	MOVLW       2
;__Lib_MathDouble.c,422 :: 		
0x0248	0x6E0C      	MOVWF       R12, 0
;__Lib_MathDouble.c,424 :: 		
0x024A	0xDEF4      	RCALL       _FIXSIGN32
;__Lib_MathDouble.c,426 :: 		
0x024C	0xF001EF30  	GOTO        NRM40EEE
;__Lib_MathDouble.c,427 :: 		
NRM40JPSETFOV32:
;__Lib_MathDouble.c,428 :: 		
0x0250	0x0E04      	MOVLW       4
;__Lib_MathDouble.c,429 :: 		
0x0252	0x6E0C      	MOVWF       R12, 0
;__Lib_MathDouble.c,431 :: 		
0x0254	0xDEE3      	RCALL       _SETFOV32
;__Lib_MathDouble.c,433 :: 		
0x0256	0xF001EF30  	GOTO        NRM40EEE
;__Lib_MathDouble.c,434 :: 		
NRM40JPRES032:
;__Lib_MathDouble.c,435 :: 		
0x025A	0x0E08      	MOVLW       8
;__Lib_MathDouble.c,436 :: 		
0x025C	0x6E0C      	MOVWF       R12, 0
;__Lib_MathDouble.c,438 :: 		
0x025E	0xDEFB      	RCALL       _RES032
;__Lib_MathDouble.c,440 :: 		
NRM40EEE:
;__Lib_MathDouble.c,448 :: 		
L_end_NRM4032:
0x0260	0x0012      	RETURN      0
; end of _NRM4032
_SPI1_Write:
;__Lib_SPI_c345.c,78 :: 		
;__Lib_SPI_c345.c,81 :: 		
0x0262	0xFFC9C024  	MOVFF       FARG_SPI1_Write_data_, SSPBUF
;__Lib_SPI_c345.c,82 :: 		
L_SPI1_Write8:
0x0266	0xB0C7      	BTFSC       SSPSTAT, 0 
0x0268	0xD002      	BRA         L_SPI1_Write9
;__Lib_SPI_c345.c,83 :: 		
0x026A	0x0000      	NOP
0x026C	0xD7FC      	BRA         L_SPI1_Write8
L_SPI1_Write9:
;__Lib_SPI_c345.c,84 :: 		
0x026E	0xF000CFC9  	MOVFF       SSPBUF, R0
;__Lib_SPI_c345.c,86 :: 		
L_end_SPI1_Write:
0x0272	0x0012      	RETURN      0
; end of _SPI1_Write
_SPI1_Init:
;__Lib_SPI_c345.c,23 :: 		
;__Lib_SPI_c345.c,24 :: 		
0x0274	0x0EFF      	MOVLW       _SPI1_Read
0x0276	0x6E19      	MOVWF       _SPI_Rd_Ptr 
0x0278	0x0EFF      	MOVLW       hi_addr(_SPI1_Read)
0x027A	0x6E1A      	MOVWF       _SPI_Rd_Ptr+1 
0x027C	0x0EFF      	MOVLW       FARG_SPI1_Read_buffer
0x027E	0x6E1B      	MOVWF       _SPI_Rd_Ptr+2 
0x0280	0x0EFF      	MOVLW       hi_addr(FARG_SPI1_Read_buffer)
0x0282	0x6E1C      	MOVWF       _SPI_Rd_Ptr+3 
;__Lib_SPI_c345.c,25 :: 		
0x0284	0x0E62      	MOVLW       _SPI1_Write
0x0286	0x6E15      	MOVWF       _SPI_Wr_Ptr 
0x0288	0x0E02      	MOVLW       hi_addr(_SPI1_Write)
0x028A	0x6E16      	MOVWF       _SPI_Wr_Ptr+1 
0x028C	0x0E24      	MOVLW       FARG_SPI1_Write_data_
0x028E	0x6E17      	MOVWF       _SPI_Wr_Ptr+2 
0x0290	0x0E00      	MOVLW       hi_addr(FARG_SPI1_Write_data_)
0x0292	0x6E18      	MOVWF       _SPI_Wr_Ptr+3 
;__Lib_SPI_c345.c,27 :: 		
0x0294	0x9A94      	BCF         TRISC5_bit, BitPos(TRISC5_bit+0) 
;__Lib_SPI_c345.c,28 :: 		
0x0296	0x9694      	BCF         TRISC3_bit, BitPos(TRISC3_bit+0) 
;__Lib_SPI_c345.c,29 :: 		
0x0298	0x8894      	BSF         TRISC4_bit, BitPos(TRISC4_bit+0) 
;__Lib_SPI_c345.c,31 :: 		
0x029A	0x6AC6      	CLRF        SSPCON1 
;__Lib_SPI_c345.c,32 :: 		
0x029C	0x0E40      	MOVLW       64
0x029E	0x6EC7      	MOVWF       SSPSTAT 
;__Lib_SPI_c345.c,33 :: 		
0x02A0	0x8AC6      	BSF         SSPCON1, 5 
;__Lib_SPI_c345.c,35 :: 		
L_end_SPI1_Init:
0x02A2	0x0012      	RETURN      0
; end of _SPI1_Init
_double2int:
;__Lib_MathDouble.c,1897 :: 		
;__Lib_MathDouble.c,1906 :: 		
0x02A4	0x6A0B      	CLRF        R11, 0
;__Lib_MathDouble.c,1907 :: 		
0x02A6	0x5003      	MOVF        R3, 0, 0
;__Lib_MathDouble.c,1908 :: 		
0x02A8	0xB4D8      	BTFSC       STATUS, 2, 0
;__Lib_MathDouble.c,1909 :: 		
0x02AA	0xF001EF98  	GOTO        IRES016
;__Lib_MathDouble.c,1910 :: 		
0x02AE	0x5002      	MOVF        R2, 0, 0
;__Lib_MathDouble.c,1911 :: 		
0x02B0	0x6E0A      	MOVWF       R10, 0
;__Lib_MathDouble.c,1912 :: 		
0x02B2	0x8E02      	BSF         R2, 7, 0
;__Lib_MathDouble.c,1914 :: 		
0x02B4	0x0E8E      	MOVLW       142
;__Lib_MathDouble.c,1915 :: 		
0x02B6	0x5E03      	SUBWF       R3, 1, 0
;__Lib_MathDouble.c,1916 :: 		
0x02B8	0xAE03      	BTFSS       R3, 7, 0
;__Lib_MathDouble.c,1917 :: 		
0x02BA	0xF001EF9C  	GOTO        SETIOV16
;__Lib_MathDouble.c,1918 :: 		
0x02BE	0x6C03      	NEGF        R3, 0
;__Lib_MathDouble.c,1920 :: 		
0x02C0	0x0E08      	MOVLW       8
;__Lib_MathDouble.c,1921 :: 		
0x02C2	0x5C03      	SUBWF       R3, 0, 0
;__Lib_MathDouble.c,1922 :: 		
0x02C4	0xA0D8      	BTFSS       STATUS, 0, 0
;__Lib_MathDouble.c,1923 :: 		
0x02C6	0xF001EF77  	GOTO        TSHIFT3216
;__Lib_MathDouble.c,1924 :: 		
0x02CA	0x6E03      	MOVWF       R3, 0
;__Lib_MathDouble.c,1925 :: 		
0x02CC	0x3601      	RLCF        R1, 1, 0
;__Lib_MathDouble.c,1926 :: 		
0x02CE	0xF001C002  	MOVFF       R2, R1
;__Lib_MathDouble.c,1927 :: 		
0x02D2	0x6A02      	CLRF        R2, 0
;__Lib_MathDouble.c,1929 :: 		
0x02D4	0x0E08      	MOVLW       8
;__Lib_MathDouble.c,1930 :: 		
0x02D6	0x5C03      	SUBWF       R3, 0, 0
;__Lib_MathDouble.c,1931 :: 		
0x02D8	0xA0D8      	BTFSS       STATUS, 0, 0
;__Lib_MathDouble.c,1932 :: 		
0x02DA	0xF001EF77  	GOTO        TSHIFT3216
;__Lib_MathDouble.c,1933 :: 		
0x02DE	0x6E03      	MOVWF       R3, 0
;__Lib_MathDouble.c,1934 :: 		
0x02E0	0x3601      	RLCF        R1, 1, 0
;__Lib_MathDouble.c,1935 :: 		
0x02E2	0x6A01      	CLRF        R1, 0
;__Lib_MathDouble.c,1937 :: 		
0x02E4	0x5003      	MOVF        R3, 0, 0
;__Lib_MathDouble.c,1938 :: 		
0x02E6	0xA4D8      	BTFSS       STATUS, 2, 0
;__Lib_MathDouble.c,1939 :: 		
0x02E8	0x90D8      	BCF         STATUS, 0, 0
;__Lib_MathDouble.c,1940 :: 		
0x02EA	0xF001EF81  	GOTO        SHIFT3216OK
;__Lib_MathDouble.c,1941 :: 		
TSHIFT3216:
;__Lib_MathDouble.c,1942 :: 		
0x02EE	0x5003      	MOVF        R3, 0, 0
;__Lib_MathDouble.c,1943 :: 		
0x02F0	0xB4D8      	BTFSC       STATUS, 2, 0
;__Lib_MathDouble.c,1944 :: 		
0x02F2	0xF001EF81  	GOTO        SHIFT3216OK
;__Lib_MathDouble.c,1945 :: 		
SHIFT3216:
;__Lib_MathDouble.c,1946 :: 		
0x02F6	0x90D8      	BCF         STATUS, 0, 0
;__Lib_MathDouble.c,1947 :: 		
0x02F8	0x3202      	RRCF        R2, 1, 0
;__Lib_MathDouble.c,1948 :: 		
0x02FA	0x3201      	RRCF        R1, 1, 0
;__Lib_MathDouble.c,1949 :: 		
0x02FC	0x2E03      	DECFSZ      R3, 1, 0
;__Lib_MathDouble.c,1950 :: 		
0x02FE	0xF001EF7B  	GOTO        SHIFT3216
;__Lib_MathDouble.c,1951 :: 		
SHIFT3216OK:
;__Lib_MathDouble.c,1952 :: 		
0x0302	0xBC0B      	BTFSC       R11, 6, 0
;__Lib_MathDouble.c,1953 :: 		
0x0304	0xA001      	BTFSS       R1, 0, 0
;__Lib_MathDouble.c,1954 :: 		
0x0306	0xF001EF8E  	GOTO        INT3216OK
;__Lib_MathDouble.c,1955 :: 		
0x030A	0xA0D8      	BTFSS       STATUS, 0, 0
;__Lib_MathDouble.c,1956 :: 		
0x030C	0xF001EF8E  	GOTO        INT3216OK
;__Lib_MathDouble.c,1957 :: 		
0x0310	0x2A01      	INCF        R1, 1, 0
;__Lib_MathDouble.c,1958 :: 		
0x0312	0xB4D8      	BTFSC       STATUS, 2, 0
;__Lib_MathDouble.c,1959 :: 		
0x0314	0x2A02      	INCF        R2, 1, 0
;__Lib_MathDouble.c,1960 :: 		
0x0316	0xBE02      	BTFSC       R2, 7, 0
;__Lib_MathDouble.c,1961 :: 		
0x0318	0xF001EFAB  	GOTO        JPJSETIOV3224
;__Lib_MathDouble.c,1962 :: 		
INT3216OK:
;__Lib_MathDouble.c,1963 :: 		
0x031C	0xAE0A      	BTFSS       R10, 7, 0
;__Lib_MathDouble.c,1964 :: 		
0x031E	0xF001EFB0  	GOTO        INT3216EOK
;__Lib_MathDouble.c,1966 :: 		
0x0322	0x1E02      	COMF        R2, 1, 0
;__Lib_MathDouble.c,1967 :: 		
0x0324	0x1E01      	COMF        R1, 1, 0
;__Lib_MathDouble.c,1968 :: 		
0x0326	0x2A01      	INCF        R1, 1, 0
;__Lib_MathDouble.c,1969 :: 		
0x0328	0xB4D8      	BTFSC       STATUS, 2, 0
;__Lib_MathDouble.c,1970 :: 		
0x032A	0x2A02      	INCF        R2, 1, 0
;__Lib_MathDouble.c,1971 :: 		
0x032C	0xF001EFB0  	GOTO        INT3216EOK
;__Lib_MathDouble.c,1973 :: 		
IRES016:
;__Lib_MathDouble.c,1974 :: 		
0x0330	0x6A02      	CLRF        R2, 0
;__Lib_MathDouble.c,1975 :: 		
0x0332	0x6A01      	CLRF        R1, 0
;__Lib_MathDouble.c,1976 :: 		
0x0334	0xF001EFB0  	GOTO        INT3216EOK
;__Lib_MathDouble.c,1977 :: 		
SETIOV16:
;__Lib_MathDouble.c,1978 :: 		
0x0338	0x800B      	BSF         R11, 0, 0
;__Lib_MathDouble.c,1979 :: 		
0x033A	0xAE0B      	BTFSS       R11, 7, 0
;__Lib_MathDouble.c,1980 :: 		
0x033C	0xF001EFB4  	GOTO        INT3216EER
;__Lib_MathDouble.c,1982 :: 		
0x0340	0x6A02      	CLRF        R2, 0
;__Lib_MathDouble.c,1983 :: 		
0x0342	0xAE0A      	BTFSS       R10, 7, 0
;__Lib_MathDouble.c,1984 :: 		
0x0344	0xF001EFB4  	GOTO        INT3216EER
;__Lib_MathDouble.c,1985 :: 		
0x0348	0x0EFF      	MOVLW       255
;__Lib_MathDouble.c,1986 :: 		
0x034A	0x6E02      	MOVWF       R2, 0
;__Lib_MathDouble.c,1987 :: 		
0x034C	0x6E01      	MOVWF       R1, 0
;__Lib_MathDouble.c,1988 :: 		
0x034E	0x360A      	RLCF        R10, 1, 0
;__Lib_MathDouble.c,1989 :: 		
0x0350	0x3202      	RRCF        R2, 1, 0
;__Lib_MathDouble.c,1990 :: 		
0x0352	0xF001EFB4  	GOTO        INT3216EER
;__Lib_MathDouble.c,1992 :: 		
JPJSETIOV3224:
;__Lib_MathDouble.c,1993 :: 		
0x0356	0x0E01      	MOVLW       1
;__Lib_MathDouble.c,1994 :: 		
0x0358	0x6E0C      	MOVWF       R12, 0
;__Lib_MathDouble.c,1996 :: 		
0x035A	0xDE84      	RCALL       _SETIOV3224
;__Lib_MathDouble.c,1998 :: 		
0x035C	0xF001EFB6  	GOTO        INT3216EEE
;__Lib_MathDouble.c,1999 :: 		
INT3216EOK:
;__Lib_MathDouble.c,2000 :: 		
0x0360	0x0E00      	MOVLW       0
;__Lib_MathDouble.c,2001 :: 		
0x0362	0x6E0C      	MOVWF       R12, 0
;__Lib_MathDouble.c,2002 :: 		
0x0364	0xF001EFB6  	GOTO        INT3216EEE
;__Lib_MathDouble.c,2003 :: 		
INT3216EER:
;__Lib_MathDouble.c,2004 :: 		
0x0368	0x0EFF      	MOVLW       255
;__Lib_MathDouble.c,2005 :: 		
0x036A	0x6E0C      	MOVWF       R12, 0
;__Lib_MathDouble.c,2006 :: 		
INT3216EEE:
;__Lib_MathDouble.c,2007 :: 		
0x036C	0x5001      	MOVF        R1, 0, 0
;__Lib_MathDouble.c,2008 :: 		
0x036E	0x6E00      	MOVWF       R0, 0
;__Lib_MathDouble.c,2009 :: 		
0x0370	0x5002      	MOVF        R2, 0, 0
;__Lib_MathDouble.c,2010 :: 		
0x0372	0x6E01      	MOVWF       R1, 0
;__Lib_MathDouble.c,2015 :: 		
L_end_double2int:
0x0374	0x0012      	RETURN      0
; end of _double2int
_Add_32x32_FP:
;__Lib_MathDouble.c,563 :: 		
;__Lib_MathDouble.c,578 :: 		
0x0376	0x5002      	MOVF        R2, 0, 0
;__Lib_MathDouble.c,579 :: 		
0x0378	0x1806      	XORWF       R6, 0, 0
;__Lib_MathDouble.c,580 :: 		
0x037A	0x6E0E      	MOVWF       R14, 0
;__Lib_MathDouble.c,582 :: 		
0x037C	0x6A08      	CLRF        R8, 0
;__Lib_MathDouble.c,583 :: 		
0x037E	0x6A09      	CLRF        R9, 0
;__Lib_MathDouble.c,584 :: 		
0x0380	0x6A0B      	CLRF        R11, 0
;__Lib_MathDouble.c,586 :: 		
0x0382	0x5003      	MOVF        R3, 0, 0
;__Lib_MathDouble.c,587 :: 		
0x0384	0x6407      	CPFSGT      R7, 0
;__Lib_MathDouble.c,588 :: 		
0x0386	0xF002EFAE  	GOTO        USEA32
;__Lib_MathDouble.c,591 :: 		
0x038A	0x5006      	MOVF        R6, 0, 0
;__Lib_MathDouble.c,592 :: 		
0x038C	0x6E0A      	MOVWF       R10, 0
;__Lib_MathDouble.c,593 :: 		
0x038E	0x8E06      	BSF         R6, 7, 0
;__Lib_MathDouble.c,594 :: 		
0x0390	0x8E02      	BSF         R2, 7, 0
;__Lib_MathDouble.c,596 :: 		
0x0392	0x5003      	MOVF        R3, 0, 0
;__Lib_MathDouble.c,597 :: 		
0x0394	0x6E0B      	MOVWF       R11, 0
;__Lib_MathDouble.c,598 :: 		
0x0396	0x5007      	MOVF        R7, 0, 0
;__Lib_MathDouble.c,599 :: 		
0x0398	0x6E03      	MOVWF       R3, 0
;__Lib_MathDouble.c,601 :: 		
0x039A	0x0E00      	MOVLW       0
;__Lib_MathDouble.c,602 :: 		
0x039C	0x640B      	CPFSGT      R11, 0
;__Lib_MathDouble.c,603 :: 		
0x039E	0xF001EFFE  	GOTO        BRETURN32
;__Lib_MathDouble.c,604 :: 		
0x03A2	0x500B      	MOVF        R11, 0, 0
;__Lib_MathDouble.c,605 :: 		
0x03A4	0x5E07      	SUBWF       R7, 1, 0
;__Lib_MathDouble.c,606 :: 		
0x03A6	0xB4D8      	BTFSC       STATUS, 2, 0
;__Lib_MathDouble.c,607 :: 		
0x03A8	0xF002EF9F  	GOTO        BLIGNED32
;__Lib_MathDouble.c,609 :: 		
0x03AC	0x0E07      	MOVLW       7
;__Lib_MathDouble.c,610 :: 		
0x03AE	0x6407      	CPFSGT      R7, 0
;__Lib_MathDouble.c,611 :: 		
0x03B0	0xF002EF6D  	GOTO        BNIB32
;__Lib_MathDouble.c,613 :: 		
0x03B4	0x5E07      	SUBWF       R7, 1, 0
;__Lib_MathDouble.c,614 :: 		
0x03B6	0xF008C000  	MOVFF       R0, R8
;__Lib_MathDouble.c,615 :: 		
0x03BA	0xF000C001  	MOVFF       R1, R0
;__Lib_MathDouble.c,616 :: 		
0x03BE	0xF001C002  	MOVFF       R2, R1
;__Lib_MathDouble.c,617 :: 		
0x03C2	0x6A02      	CLRF        R2, 0
;__Lib_MathDouble.c,618 :: 		
0x03C4	0x4E07      	DCFSNZ      R7, 1, 0
;__Lib_MathDouble.c,619 :: 		
0x03C6	0xF002EF9F  	GOTO        BLIGNED32
;__Lib_MathDouble.c,621 :: 		
0x03CA	0x6407      	CPFSGT      R7, 0
;__Lib_MathDouble.c,622 :: 		
0x03CC	0xF002EF42  	GOTO        BNIB32A
;__Lib_MathDouble.c,623 :: 		
0x03D0	0x5E07      	SUBWF       R7, 1, 0
;__Lib_MathDouble.c,624 :: 		
0x03D2	0xF008C000  	MOVFF       R0, R8
;__Lib_MathDouble.c,625 :: 		
0x03D6	0xF000C001  	MOVFF       R1, R0
;__Lib_MathDouble.c,626 :: 		
0x03DA	0x6A01      	CLRF        R1, 0
;__Lib_MathDouble.c,627 :: 		
0x03DC	0x4E07      	DCFSNZ      R7, 1, 0
;__Lib_MathDouble.c,628 :: 		
0x03DE	0xF002EF9F  	GOTO        BLIGNED32
;__Lib_MathDouble.c,630 :: 		
0x03E2	0x6407      	CPFSGT      R7, 0
;__Lib_MathDouble.c,631 :: 		
0x03E4	0xF002EF20  	GOTO        BNIB32B
;__Lib_MathDouble.c,632 :: 		
0x03E8	0x5E07      	SUBWF       R7, 1, 0
;__Lib_MathDouble.c,633 :: 		
0x03EA	0xF008C000  	MOVFF       R0, R8
;__Lib_MathDouble.c,634 :: 		
0x03EE	0x6A00      	CLRF        R0, 0
;__Lib_MathDouble.c,635 :: 		
0x03F0	0x4E07      	DCFSNZ      R7, 1, 0
;__Lib_MathDouble.c,636 :: 		
0x03F2	0xF002EF9F  	GOTO        BLIGNED32
;__Lib_MathDouble.c,638 :: 		
0x03F6	0x6407      	CPFSGT      R7, 0
;__Lib_MathDouble.c,639 :: 		
0x03F8	0xF002EF07  	GOTO        BNIB32C
;__Lib_MathDouble.c,641 :: 		
BRETURN32:
;__Lib_MathDouble.c,642 :: 		
0x03FC	0xF002C00A  	MOVFF       R10, R2
;__Lib_MathDouble.c,643 :: 		
0x0400	0xF001C005  	MOVFF       R5, R1
;__Lib_MathDouble.c,644 :: 		
0x0404	0xF000C004  	MOVFF       R4, R0
;__Lib_MathDouble.c,645 :: 		
0x0408	0x6A08      	CLRF        R8, 0
;__Lib_MathDouble.c,646 :: 		
0x040A	0xF003EFC8  	GOTO        ADDEOK
;__Lib_MathDouble.c,648 :: 		
BNIB32C:
;__Lib_MathDouble.c,649 :: 		
0x040E	0x0E03      	MOVLW       3
;__Lib_MathDouble.c,650 :: 		
0x0410	0x6407      	CPFSGT      R7, 0
;__Lib_MathDouble.c,651 :: 		
0x0412	0xF002EF12  	GOTO        BLOOP32C
;__Lib_MathDouble.c,652 :: 		
0x0416	0x5E07      	SUBWF       R7, 1, 0
;__Lib_MathDouble.c,653 :: 		
0x0418	0x3808      	SWAPF       R8, 0, 0
;__Lib_MathDouble.c,654 :: 		
0x041A	0x0B0F      	ANDLW       15
;__Lib_MathDouble.c,655 :: 		
0x041C	0x6E08      	MOVWF       R8, 0
;__Lib_MathDouble.c,656 :: 		
0x041E	0x4E07      	DCFSNZ      R7, 1, 0
;__Lib_MathDouble.c,657 :: 		
0x0420	0xF002EF9F  	GOTO        BLIGNED32
;__Lib_MathDouble.c,659 :: 		
BLOOP32C:
;__Lib_MathDouble.c,660 :: 		
0x0424	0x90D8      	BCF         STATUS, 0, 0
;__Lib_MathDouble.c,661 :: 		
0x0426	0x3208      	RRCF        R8, 1, 0
;__Lib_MathDouble.c,662 :: 		
0x0428	0x4E07      	DCFSNZ      R7, 1, 0
;__Lib_MathDouble.c,663 :: 		
0x042A	0xF002EF9F  	GOTO        BLIGNED32
;__Lib_MathDouble.c,664 :: 		
0x042E	0x90D8      	BCF         STATUS, 0, 0
;__Lib_MathDouble.c,665 :: 		
0x0430	0x3208      	RRCF        R8, 1, 0
;__Lib_MathDouble.c,666 :: 		
0x0432	0x4E07      	DCFSNZ      R7, 1, 0
;__Lib_MathDouble.c,667 :: 		
0x0434	0xF002EF9F  	GOTO        BLIGNED32
;__Lib_MathDouble.c,668 :: 		
0x0438	0x90D8      	BCF         STATUS, 0, 0
;__Lib_MathDouble.c,669 :: 		
0x043A	0x3208      	RRCF        R8, 1, 0
;__Lib_MathDouble.c,670 :: 		
0x043C	0xF002EF9F  	GOTO        BLIGNED32
;__Lib_MathDouble.c,672 :: 		
BNIB32B:
;__Lib_MathDouble.c,673 :: 		
0x0440	0x0E03      	MOVLW       3
;__Lib_MathDouble.c,674 :: 		
0x0442	0x6407      	CPFSGT      R7, 0
;__Lib_MathDouble.c,675 :: 		
0x0444	0xF002EF31  	GOTO        BLOOP32B
;__Lib_MathDouble.c,676 :: 		
0x0448	0x5E07      	SUBWF       R7, 1, 0
;__Lib_MathDouble.c,677 :: 		
0x044A	0x3808      	SWAPF       R8, 0, 0
;__Lib_MathDouble.c,678 :: 		
0x044C	0x0B0F      	ANDLW       15
;__Lib_MathDouble.c,679 :: 		
0x044E	0x6E08      	MOVWF       R8, 0
;__Lib_MathDouble.c,680 :: 		
0x0450	0x3800      	SWAPF       R0, 0, 0
;__Lib_MathDouble.c,681 :: 		
0x0452	0x0BF0      	ANDLW       240
;__Lib_MathDouble.c,682 :: 		
0x0454	0x2608      	ADDWF       R8, 1, 0
;__Lib_MathDouble.c,683 :: 		
0x0456	0x3800      	SWAPF       R0, 0, 0
;__Lib_MathDouble.c,684 :: 		
0x0458	0x0B0F      	ANDLW       15
;__Lib_MathDouble.c,685 :: 		
0x045A	0x6E00      	MOVWF       R0, 0
;__Lib_MathDouble.c,686 :: 		
0x045C	0x4E07      	DCFSNZ      R7, 1, 0
;__Lib_MathDouble.c,687 :: 		
0x045E	0xF002EF9F  	GOTO        BLIGNED32
;__Lib_MathDouble.c,689 :: 		
BLOOP32B:
;__Lib_MathDouble.c,690 :: 		
0x0462	0x90D8      	BCF         STATUS, 0, 0
;__Lib_MathDouble.c,691 :: 		
0x0464	0x3200      	RRCF        R0, 1, 0
;__Lib_MathDouble.c,692 :: 		
0x0466	0x3208      	RRCF        R8, 1, 0
;__Lib_MathDouble.c,693 :: 		
0x0468	0x4E07      	DCFSNZ      R7, 1, 0
;__Lib_MathDouble.c,694 :: 		
0x046A	0xF002EF9F  	GOTO        BLIGNED32
;__Lib_MathDouble.c,695 :: 		
0x046E	0x90D8      	BCF         STATUS, 0, 0
;__Lib_MathDouble.c,696 :: 		
0x0470	0x3200      	RRCF        R0, 1, 0
;__Lib_MathDouble.c,697 :: 		
0x0472	0x3208      	RRCF        R8, 1, 0
;__Lib_MathDouble.c,698 :: 		
0x0474	0x4E07      	DCFSNZ      R7, 1, 0
;__Lib_MathDouble.c,699 :: 		
0x0476	0xF002EF9F  	GOTO        BLIGNED32
;__Lib_MathDouble.c,700 :: 		
0x047A	0x90D8      	BCF         STATUS, 0, 0
;__Lib_MathDouble.c,701 :: 		
0x047C	0x3200      	RRCF        R0, 1, 0
;__Lib_MathDouble.c,702 :: 		
0x047E	0x3208      	RRCF        R8, 1, 0
;__Lib_MathDouble.c,703 :: 		
0x0480	0xF002EF9F  	GOTO        BLIGNED32
;__Lib_MathDouble.c,705 :: 		
BNIB32A:
;__Lib_MathDouble.c,706 :: 		
0x0484	0x0E03      	MOVLW       3
;__Lib_MathDouble.c,707 :: 		
0x0486	0x6407      	CPFSGT      R7, 0
;__Lib_MathDouble.c,708 :: 		
0x0488	0xF002EF59  	GOTO        BLOOP32A
;__Lib_MathDouble.c,709 :: 		
0x048C	0x5E07      	SUBWF       R7, 1, 0
;__Lib_MathDouble.c,710 :: 		
0x048E	0x3808      	SWAPF       R8, 0, 0
;__Lib_MathDouble.c,711 :: 		
0x0490	0x0B0F      	ANDLW       15
;__Lib_MathDouble.c,712 :: 		
0x0492	0x6E08      	MOVWF       R8, 0
;__Lib_MathDouble.c,713 :: 		
0x0494	0x3800      	SWAPF       R0, 0, 0
;__Lib_MathDouble.c,714 :: 		
0x0496	0x0BF0      	ANDLW       240
;__Lib_MathDouble.c,715 :: 		
0x0498	0x2608      	ADDWF       R8, 1, 0
;__Lib_MathDouble.c,716 :: 		
0x049A	0x3800      	SWAPF       R0, 0, 0
;__Lib_MathDouble.c,717 :: 		
0x049C	0x0B0F      	ANDLW       15
;__Lib_MathDouble.c,718 :: 		
0x049E	0x6E00      	MOVWF       R0, 0
;__Lib_MathDouble.c,719 :: 		
0x04A0	0x3801      	SWAPF       R1, 0, 0
;__Lib_MathDouble.c,720 :: 		
0x04A2	0x0BF0      	ANDLW       240
;__Lib_MathDouble.c,721 :: 		
0x04A4	0x2600      	ADDWF       R0, 1, 0
;__Lib_MathDouble.c,722 :: 		
0x04A6	0x3801      	SWAPF       R1, 0, 0
;__Lib_MathDouble.c,723 :: 		
0x04A8	0x0B0F      	ANDLW       15
;__Lib_MathDouble.c,724 :: 		
0x04AA	0x6E01      	MOVWF       R1, 0
;__Lib_MathDouble.c,725 :: 		
0x04AC	0x4E07      	DCFSNZ      R7, 1, 0
;__Lib_MathDouble.c,726 :: 		
0x04AE	0xF002EF9F  	GOTO        BLIGNED32
;__Lib_MathDouble.c,728 :: 		
BLOOP32A:
;__Lib_MathDouble.c,729 :: 		
0x04B2	0x90D8      	BCF         STATUS, 0, 0
;__Lib_MathDouble.c,730 :: 		
0x04B4	0x3201      	RRCF        R1, 1, 0
;__Lib_MathDouble.c,731 :: 		
0x04B6	0x3200      	RRCF        R0, 1, 0
;__Lib_MathDouble.c,732 :: 		
0x04B8	0x3208      	RRCF        R8, 1, 0
;__Lib_MathDouble.c,733 :: 		
0x04BA	0x4E07      	DCFSNZ      R7, 1, 0
;__Lib_MathDouble.c,734 :: 		
0x04BC	0xF002EF9F  	GOTO        BLIGNED32
;__Lib_MathDouble.c,735 :: 		
0x04C0	0x90D8      	BCF         STATUS, 0, 0
;__Lib_MathDouble.c,736 :: 		
0x04C2	0x3201      	RRCF        R1, 1, 0
;__Lib_MathDouble.c,737 :: 		
0x04C4	0x3200      	RRCF        R0, 1, 0
;__Lib_MathDouble.c,738 :: 		
0x04C6	0x3208      	RRCF        R8, 1, 0
;__Lib_MathDouble.c,739 :: 		
0x04C8	0x4E07      	DCFSNZ      R7, 1, 0
;__Lib_MathDouble.c,740 :: 		
0x04CA	0xF002EF9F  	GOTO        BLIGNED32
;__Lib_MathDouble.c,741 :: 		
0x04CE	0x90D8      	BCF         STATUS, 0, 0
;__Lib_MathDouble.c,742 :: 		
0x04D0	0x3201      	RRCF        R1, 1, 0
;__Lib_MathDouble.c,743 :: 		
0x04D2	0x3200      	RRCF        R0, 1, 0
;__Lib_MathDouble.c,744 :: 		
0x04D4	0x3208      	RRCF        R8, 1, 0
;__Lib_MathDouble.c,745 :: 		
0x04D6	0xF002EF9F  	GOTO        BLIGNED32
;__Lib_MathDouble.c,747 :: 		
BNIB32:
;__Lib_MathDouble.c,748 :: 		
0x04DA	0x0E03      	MOVLW       3
;__Lib_MathDouble.c,749 :: 		
0x04DC	0x6407      	CPFSGT      R7, 0
;__Lib_MathDouble.c,750 :: 		
0x04DE	0xF002EF8A  	GOTO        BLOOP32
;__Lib_MathDouble.c,751 :: 		
0x04E2	0x5E07      	SUBWF       R7, 1, 0
;__Lib_MathDouble.c,752 :: 		
0x04E4	0x3808      	SWAPF       R8, 0, 0
;__Lib_MathDouble.c,753 :: 		
0x04E6	0x0B0F      	ANDLW       15
;__Lib_MathDouble.c,754 :: 		
0x04E8	0x6E08      	MOVWF       R8, 0
;__Lib_MathDouble.c,755 :: 		
0x04EA	0x3800      	SWAPF       R0, 0, 0
;__Lib_MathDouble.c,756 :: 		
0x04EC	0x0BF0      	ANDLW       240
;__Lib_MathDouble.c,757 :: 		
0x04EE	0x2608      	ADDWF       R8, 1, 0
;__Lib_MathDouble.c,758 :: 		
0x04F0	0x3800      	SWAPF       R0, 0, 0
;__Lib_MathDouble.c,759 :: 		
0x04F2	0x0B0F      	ANDLW       15
;__Lib_MathDouble.c,760 :: 		
0x04F4	0x6E00      	MOVWF       R0, 0
;__Lib_MathDouble.c,761 :: 		
0x04F6	0x3801      	SWAPF       R1, 0, 0
;__Lib_MathDouble.c,762 :: 		
0x04F8	0x0BF0      	ANDLW       240
;__Lib_MathDouble.c,763 :: 		
0x04FA	0x2600      	ADDWF       R0, 1, 0
;__Lib_MathDouble.c,764 :: 		
0x04FC	0x3801      	SWAPF       R1, 0, 0
;__Lib_MathDouble.c,765 :: 		
0x04FE	0x0B0F      	ANDLW       15
;__Lib_MathDouble.c,766 :: 		
0x0500	0x6E01      	MOVWF       R1, 0
;__Lib_MathDouble.c,767 :: 		
0x0502	0x3802      	SWAPF       R2, 0, 0
;__Lib_MathDouble.c,768 :: 		
0x0504	0x0BF0      	ANDLW       240
;__Lib_MathDouble.c,769 :: 		
0x0506	0x2601      	ADDWF       R1, 1, 0
;__Lib_MathDouble.c,770 :: 		
0x0508	0x3802      	SWAPF       R2, 0, 0
;__Lib_MathDouble.c,771 :: 		
0x050A	0x0B0F      	ANDLW       15
;__Lib_MathDouble.c,772 :: 		
0x050C	0x6E02      	MOVWF       R2, 0
;__Lib_MathDouble.c,773 :: 		
0x050E	0x4E07      	DCFSNZ      R7, 1, 0
;__Lib_MathDouble.c,774 :: 		
0x0510	0xF002EF9F  	GOTO        BLIGNED32
;__Lib_MathDouble.c,776 :: 		
BLOOP32:
;__Lib_MathDouble.c,777 :: 		
0x0514	0x90D8      	BCF         STATUS, 0, 0
;__Lib_MathDouble.c,778 :: 		
0x0516	0x3202      	RRCF        R2, 1, 0
;__Lib_MathDouble.c,779 :: 		
0x0518	0x3201      	RRCF        R1, 1, 0
;__Lib_MathDouble.c,780 :: 		
0x051A	0x3200      	RRCF        R0, 1, 0
;__Lib_MathDouble.c,781 :: 		
0x051C	0x3208      	RRCF        R8, 1, 0
;__Lib_MathDouble.c,782 :: 		
0x051E	0x4E07      	DCFSNZ      R7, 1, 0
;__Lib_MathDouble.c,783 :: 		
0x0520	0xF002EF9F  	GOTO        BLIGNED32
;__Lib_MathDouble.c,784 :: 		
0x0524	0x90D8      	BCF         STATUS, 0, 0
;__Lib_MathDouble.c,785 :: 		
0x0526	0x3202      	RRCF        R2, 1, 0
;__Lib_MathDouble.c,786 :: 		
0x0528	0x3201      	RRCF        R1, 1, 0
;__Lib_MathDouble.c,787 :: 		
0x052A	0x3200      	RRCF        R0, 1, 0
;__Lib_MathDouble.c,788 :: 		
0x052C	0x3208      	RRCF        R8, 1, 0
;__Lib_MathDouble.c,789 :: 		
0x052E	0x4E07      	DCFSNZ      R7, 1, 0
;__Lib_MathDouble.c,790 :: 		
0x0530	0xF002EF9F  	GOTO        BLIGNED32
;__Lib_MathDouble.c,791 :: 		
0x0534	0x90D8      	BCF         STATUS, 0, 0
;__Lib_MathDouble.c,792 :: 		
0x0536	0x3202      	RRCF        R2, 1, 0
;__Lib_MathDouble.c,793 :: 		
0x0538	0x3201      	RRCF        R1, 1, 0
;__Lib_MathDouble.c,794 :: 		
0x053A	0x3200      	RRCF        R0, 1, 0
;__Lib_MathDouble.c,795 :: 		
0x053C	0x3208      	RRCF        R8, 1, 0
;__Lib_MathDouble.c,797 :: 		
BLIGNED32:
;__Lib_MathDouble.c,798 :: 		
0x053E	0x6A09      	CLRF        R9, 0
;__Lib_MathDouble.c,799 :: 		
0x0540	0x0E00      	MOVLW       0
;__Lib_MathDouble.c,800 :: 		
0x0542	0xAE0E      	BTFSS       R14, 7, 0
;__Lib_MathDouble.c,801 :: 		
0x0544	0xF003EF93  	GOTO        AOK32
;__Lib_MathDouble.c,802 :: 		
0x0548	0x1E08      	COMF        R8, 1, 0
;__Lib_MathDouble.c,803 :: 		
0x054A	0x1E00      	COMF        R0, 1, 0
;__Lib_MathDouble.c,804 :: 		
0x054C	0x1E01      	COMF        R1, 1, 0
;__Lib_MathDouble.c,805 :: 		
0x054E	0x1E02      	COMF        R2, 1, 0
;__Lib_MathDouble.c,806 :: 		
0x0550	0x2A08      	INCF        R8, 1, 0
;__Lib_MathDouble.c,807 :: 		
0x0552	0x2200      	ADDWFC      R0, 1, 0
;__Lib_MathDouble.c,808 :: 		
0x0554	0x2201      	ADDWFC      R1, 1, 0
;__Lib_MathDouble.c,809 :: 		
0x0556	0x2202      	ADDWFC      R2, 1, 0
;__Lib_MathDouble.c,810 :: 		
0x0558	0xF003EF93  	GOTO        AOK32
;__Lib_MathDouble.c,812 :: 		
USEA32:
;__Lib_MathDouble.c,813 :: 		
0x055C	0x5007      	MOVF        R7, 0, 0
;__Lib_MathDouble.c,814 :: 		
0x055E	0xA4D8      	BTFSS       STATUS, 2, 0
;__Lib_MathDouble.c,815 :: 		
0x0560	0xF002EFB4  	GOTO        BNE032
;__Lib_MathDouble.c,816 :: 		
0x0564	0xF003EFC8  	GOTO        ADDEOK
;__Lib_MathDouble.c,818 :: 		
BNE032:
;__Lib_MathDouble.c,819 :: 		
0x0568	0x6A09      	CLRF        R9, 0
;__Lib_MathDouble.c,820 :: 		
0x056A	0xF00AC002  	MOVFF       R2, R10
;__Lib_MathDouble.c,821 :: 		
0x056E	0x8E02      	BSF         R2, 7, 0
;__Lib_MathDouble.c,822 :: 		
0x0570	0x8E06      	BSF         R6, 7, 0
;__Lib_MathDouble.c,824 :: 		
0x0572	0x5007      	MOVF        R7, 0, 0
;__Lib_MathDouble.c,825 :: 		
0x0574	0x5C03      	SUBWF       R3, 0, 0
;__Lib_MathDouble.c,826 :: 		
0x0576	0x6E07      	MOVWF       R7, 0
;__Lib_MathDouble.c,827 :: 		
0x0578	0xB4D8      	BTFSC       STATUS, 2, 0
;__Lib_MathDouble.c,828 :: 		
0x057A	0xF003EF86  	GOTO        ALIGNED32
;__Lib_MathDouble.c,830 :: 		
0x057E	0x0E07      	MOVLW       7
;__Lib_MathDouble.c,831 :: 		
0x0580	0x6407      	CPFSGT      R7, 0
;__Lib_MathDouble.c,832 :: 		
0x0582	0xF003EF54  	GOTO        ANIB32
;__Lib_MathDouble.c,833 :: 		
0x0586	0x5E07      	SUBWF       R7, 1, 0
;__Lib_MathDouble.c,834 :: 		
0x0588	0x5004      	MOVF        R4, 0, 0
;__Lib_MathDouble.c,835 :: 		
0x058A	0x6E09      	MOVWF       R9, 0
;__Lib_MathDouble.c,836 :: 		
0x058C	0x5005      	MOVF        R5, 0, 0
;__Lib_MathDouble.c,837 :: 		
0x058E	0x6E04      	MOVWF       R4, 0
;__Lib_MathDouble.c,838 :: 		
0x0590	0x5006      	MOVF        R6, 0, 0
;__Lib_MathDouble.c,839 :: 		
0x0592	0x6E05      	MOVWF       R5, 0
;__Lib_MathDouble.c,840 :: 		
0x0594	0x6A06      	CLRF        R6, 0
;__Lib_MathDouble.c,841 :: 		
0x0596	0x4E07      	DCFSNZ      R7, 1, 0
;__Lib_MathDouble.c,842 :: 		
0x0598	0xF003EF86  	GOTO        ALIGNED32
;__Lib_MathDouble.c,844 :: 		
0x059C	0x0E07      	MOVLW       7
;__Lib_MathDouble.c,845 :: 		
0x059E	0x6407      	CPFSGT      R7, 0
;__Lib_MathDouble.c,846 :: 		
0x05A0	0xF003EF29  	GOTO        ANIB32A
;__Lib_MathDouble.c,847 :: 		
0x05A4	0x5E07      	SUBWF       R7, 1, 0
;__Lib_MathDouble.c,848 :: 		
0x05A6	0x5004      	MOVF        R4, 0, 0
;__Lib_MathDouble.c,849 :: 		
0x05A8	0x6E09      	MOVWF       R9, 0
;__Lib_MathDouble.c,850 :: 		
0x05AA	0x5005      	MOVF        R5, 0, 0
;__Lib_MathDouble.c,851 :: 		
0x05AC	0x6E04      	MOVWF       R4, 0
;__Lib_MathDouble.c,852 :: 		
0x05AE	0x6A05      	CLRF        R5, 0
;__Lib_MathDouble.c,853 :: 		
0x05B0	0x4E07      	DCFSNZ      R7, 1, 0
;__Lib_MathDouble.c,854 :: 		
0x05B2	0xF003EF86  	GOTO        ALIGNED32
;__Lib_MathDouble.c,856 :: 		
0x05B6	0x0E07      	MOVLW       7
;__Lib_MathDouble.c,857 :: 		
0x05B8	0x6407      	CPFSGT      R7, 0
;__Lib_MathDouble.c,858 :: 		
0x05BA	0xF003EF07  	GOTO        ANIB32B
;__Lib_MathDouble.c,859 :: 		
0x05BE	0x5E07      	SUBWF       R7, 1, 0
;__Lib_MathDouble.c,860 :: 		
0x05C0	0x5004      	MOVF        R4, 0, 0
;__Lib_MathDouble.c,861 :: 		
0x05C2	0x6E09      	MOVWF       R9, 0
;__Lib_MathDouble.c,862 :: 		
0x05C4	0x6A04      	CLRF        R4, 0
;__Lib_MathDouble.c,863 :: 		
0x05C6	0x4E07      	DCFSNZ      R7, 1, 0
;__Lib_MathDouble.c,864 :: 		
0x05C8	0xF003EF86  	GOTO        ALIGNED32
;__Lib_MathDouble.c,866 :: 		
0x05CC	0x0E07      	MOVLW       7
;__Lib_MathDouble.c,867 :: 		
0x05CE	0x6407      	CPFSGT      R7, 0
;__Lib_MathDouble.c,868 :: 		
0x05D0	0xF002EFEE  	GOTO        ANIB32C
;__Lib_MathDouble.c,870 :: 		
0x05D4	0xF002C00A  	MOVFF       R10, R2
;__Lib_MathDouble.c,871 :: 		
0x05D8	0xF003EFC8  	GOTO        ADDEOK
;__Lib_MathDouble.c,873 :: 		
ANIB32C:
;__Lib_MathDouble.c,874 :: 		
0x05DC	0x0E03      	MOVLW       3
;__Lib_MathDouble.c,875 :: 		
0x05DE	0x6407      	CPFSGT      R7, 0
;__Lib_MathDouble.c,876 :: 		
0x05E0	0xF002EFF9  	GOTO        ALOOP32C
;__Lib_MathDouble.c,877 :: 		
0x05E4	0x5E07      	SUBWF       R7, 1, 0
;__Lib_MathDouble.c,878 :: 		
0x05E6	0x3809      	SWAPF       R9, 0, 0
;__Lib_MathDouble.c,879 :: 		
0x05E8	0x0B0F      	ANDLW       15
;__Lib_MathDouble.c,880 :: 		
0x05EA	0x6E09      	MOVWF       R9, 0
;__Lib_MathDouble.c,881 :: 		
0x05EC	0x4E07      	DCFSNZ      R7, 1, 0
;__Lib_MathDouble.c,882 :: 		
0x05EE	0xF003EF86  	GOTO        ALIGNED32
;__Lib_MathDouble.c,884 :: 		
ALOOP32C:
;__Lib_MathDouble.c,885 :: 		
0x05F2	0x90D8      	BCF         STATUS, 0, 0
;__Lib_MathDouble.c,886 :: 		
0x05F4	0x3209      	RRCF        R9, 1, 0
;__Lib_MathDouble.c,887 :: 		
0x05F6	0x4E07      	DCFSNZ      R7, 1, 0
;__Lib_MathDouble.c,888 :: 		
0x05F8	0xF003EF86  	GOTO        ALIGNED32
;__Lib_MathDouble.c,889 :: 		
0x05FC	0x90D8      	BCF         STATUS, 0, 0
;__Lib_MathDouble.c,890 :: 		
0x05FE	0x3209      	RRCF        R9, 1, 0
;__Lib_MathDouble.c,891 :: 		
0x0600	0x4E07      	DCFSNZ      R7, 1, 0
;__Lib_MathDouble.c,892 :: 		
0x0602	0xF003EF86  	GOTO        ALIGNED32
;__Lib_MathDouble.c,893 :: 		
0x0606	0x90D8      	BCF         STATUS, 0, 0
;__Lib_MathDouble.c,894 :: 		
0x0608	0x3209      	RRCF        R9, 1, 0
;__Lib_MathDouble.c,895 :: 		
0x060A	0xF003EF86  	GOTO        ALIGNED32
;__Lib_MathDouble.c,897 :: 		
ANIB32B:
;__Lib_MathDouble.c,898 :: 		
0x060E	0x0E03      	MOVLW       3
;__Lib_MathDouble.c,899 :: 		
0x0610	0x6407      	CPFSGT      R7, 0
;__Lib_MathDouble.c,900 :: 		
0x0612	0xF003EF18  	GOTO        ALOOP32B
;__Lib_MathDouble.c,901 :: 		
0x0616	0x5E07      	SUBWF       R7, 1, 0
;__Lib_MathDouble.c,902 :: 		
0x0618	0x3809      	SWAPF       R9, 0, 0
;__Lib_MathDouble.c,903 :: 		
0x061A	0x0B0F      	ANDLW       15
;__Lib_MathDouble.c,904 :: 		
0x061C	0x6E09      	MOVWF       R9, 0
;__Lib_MathDouble.c,905 :: 		
0x061E	0x3804      	SWAPF       R4, 0, 0
;__Lib_MathDouble.c,906 :: 		
0x0620	0x0BF0      	ANDLW       240
;__Lib_MathDouble.c,907 :: 		
0x0622	0x2609      	ADDWF       R9, 1, 0
;__Lib_MathDouble.c,908 :: 		
0x0624	0x3804      	SWAPF       R4, 0, 0
;__Lib_MathDouble.c,909 :: 		
0x0626	0x0B0F      	ANDLW       15
;__Lib_MathDouble.c,910 :: 		
0x0628	0x6E04      	MOVWF       R4, 0
;__Lib_MathDouble.c,911 :: 		
0x062A	0x4E07      	DCFSNZ      R7, 1, 0
;__Lib_MathDouble.c,912 :: 		
0x062C	0xF003EF86  	GOTO        ALIGNED32
;__Lib_MathDouble.c,914 :: 		
ALOOP32B:
;__Lib_MathDouble.c,915 :: 		
0x0630	0x90D8      	BCF         STATUS, 0, 0
;__Lib_MathDouble.c,916 :: 		
0x0632	0x3204      	RRCF        R4, 1, 0
;__Lib_MathDouble.c,917 :: 		
0x0634	0x3209      	RRCF        R9, 1, 0
;__Lib_MathDouble.c,918 :: 		
0x0636	0x4E07      	DCFSNZ      R7, 1, 0
;__Lib_MathDouble.c,919 :: 		
0x0638	0xF003EF86  	GOTO        ALIGNED32
;__Lib_MathDouble.c,920 :: 		
0x063C	0x90D8      	BCF         STATUS, 0, 0
;__Lib_MathDouble.c,921 :: 		
0x063E	0x3204      	RRCF        R4, 1, 0
;__Lib_MathDouble.c,922 :: 		
0x0640	0x3209      	RRCF        R9, 1, 0
;__Lib_MathDouble.c,923 :: 		
0x0642	0x4E07      	DCFSNZ      R7, 1, 0
;__Lib_MathDouble.c,924 :: 		
0x0644	0xF003EF86  	GOTO        ALIGNED32
;__Lib_MathDouble.c,925 :: 		
0x0648	0x90D8      	BCF         STATUS, 0, 0
;__Lib_MathDouble.c,926 :: 		
0x064A	0x3204      	RRCF        R4, 1, 0
;__Lib_MathDouble.c,927 :: 		
0x064C	0x3209      	RRCF        R9, 1, 0
;__Lib_MathDouble.c,928 :: 		
0x064E	0xF003EF86  	GOTO        ALIGNED32
;__Lib_MathDouble.c,930 :: 		
ANIB32A:
;__Lib_MathDouble.c,931 :: 		
0x0652	0x0E03      	MOVLW       3
;__Lib_MathDouble.c,932 :: 		
0x0654	0x6407      	CPFSGT      R7, 0
;__Lib_MathDouble.c,933 :: 		
0x0656	0xF003EF40  	GOTO        ALOOP32A
;__Lib_MathDouble.c,934 :: 		
0x065A	0x5E07      	SUBWF       R7, 1, 0
;__Lib_MathDouble.c,935 :: 		
0x065C	0x3809      	SWAPF       R9, 0, 0
;__Lib_MathDouble.c,936 :: 		
0x065E	0x0B0F      	ANDLW       15
;__Lib_MathDouble.c,937 :: 		
0x0660	0x6E09      	MOVWF       R9, 0
;__Lib_MathDouble.c,938 :: 		
0x0662	0x3804      	SWAPF       R4, 0, 0
;__Lib_MathDouble.c,939 :: 		
0x0664	0x0BF0      	ANDLW       240
;__Lib_MathDouble.c,940 :: 		
0x0666	0x2609      	ADDWF       R9, 1, 0
;__Lib_MathDouble.c,941 :: 		
0x0668	0x3804      	SWAPF       R4, 0, 0
;__Lib_MathDouble.c,942 :: 		
0x066A	0x0B0F      	ANDLW       15
;__Lib_MathDouble.c,943 :: 		
0x066C	0x6E04      	MOVWF       R4, 0
;__Lib_MathDouble.c,944 :: 		
0x066E	0x3805      	SWAPF       R5, 0, 0
;__Lib_MathDouble.c,945 :: 		
0x0670	0x0BF0      	ANDLW       240
;__Lib_MathDouble.c,946 :: 		
0x0672	0x2604      	ADDWF       R4, 1, 0
;__Lib_MathDouble.c,947 :: 		
0x0674	0x3805      	SWAPF       R5, 0, 0
;__Lib_MathDouble.c,948 :: 		
0x0676	0x0B0F      	ANDLW       15
;__Lib_MathDouble.c,949 :: 		
0x0678	0x6E05      	MOVWF       R5, 0
;__Lib_MathDouble.c,950 :: 		
0x067A	0x4E07      	DCFSNZ      R7, 1, 0
;__Lib_MathDouble.c,951 :: 		
0x067C	0xF003EF86  	GOTO        ALIGNED32
;__Lib_MathDouble.c,953 :: 		
ALOOP32A:
;__Lib_MathDouble.c,954 :: 		
0x0680	0x90D8      	BCF         STATUS, 0, 0
;__Lib_MathDouble.c,955 :: 		
0x0682	0x3205      	RRCF        R5, 1, 0
;__Lib_MathDouble.c,956 :: 		
0x0684	0x3204      	RRCF        R4, 1, 0
;__Lib_MathDouble.c,957 :: 		
0x0686	0x3209      	RRCF        R9, 1, 0
;__Lib_MathDouble.c,958 :: 		
0x0688	0x4E07      	DCFSNZ      R7, 1, 0
;__Lib_MathDouble.c,959 :: 		
0x068A	0xF003EF86  	GOTO        ALIGNED32
;__Lib_MathDouble.c,960 :: 		
0x068E	0x90D8      	BCF         STATUS, 0, 0
;__Lib_MathDouble.c,961 :: 		
0x0690	0x3205      	RRCF        R5, 1, 0
;__Lib_MathDouble.c,962 :: 		
0x0692	0x3204      	RRCF        R4, 1, 0
;__Lib_MathDouble.c,963 :: 		
0x0694	0x3209      	RRCF        R9, 1, 0
;__Lib_MathDouble.c,964 :: 		
0x0696	0x4E07      	DCFSNZ      R7, 1, 0
;__Lib_MathDouble.c,965 :: 		
0x0698	0xF003EF86  	GOTO        ALIGNED32
;__Lib_MathDouble.c,966 :: 		
0x069C	0x90D8      	BCF         STATUS, 0, 0
;__Lib_MathDouble.c,967 :: 		
0x069E	0x3205      	RRCF        R5, 1, 0
;__Lib_MathDouble.c,968 :: 		
0x06A0	0x3204      	RRCF        R4, 1, 0
;__Lib_MathDouble.c,969 :: 		
0x06A2	0x3209      	RRCF        R9, 1, 0
;__Lib_MathDouble.c,970 :: 		
0x06A4	0xF003EF86  	GOTO        ALIGNED32
;__Lib_MathDouble.c,972 :: 		
ANIB32:
;__Lib_MathDouble.c,973 :: 		
0x06A8	0x0E03      	MOVLW       3
;__Lib_MathDouble.c,974 :: 		
0x06AA	0x6407      	CPFSGT      R7, 0
;__Lib_MathDouble.c,975 :: 		
0x06AC	0xF003EF71  	GOTO        ALOOP32
;__Lib_MathDouble.c,976 :: 		
0x06B0	0x5E07      	SUBWF       R7, 1, 0
;__Lib_MathDouble.c,977 :: 		
0x06B2	0x3809      	SWAPF       R9, 0, 0
;__Lib_MathDouble.c,978 :: 		
0x06B4	0x0B0F      	ANDLW       15
;__Lib_MathDouble.c,979 :: 		
0x06B6	0x6E09      	MOVWF       R9, 0
;__Lib_MathDouble.c,980 :: 		
0x06B8	0x3804      	SWAPF       R4, 0, 0
;__Lib_MathDouble.c,981 :: 		
0x06BA	0x0BF0      	ANDLW       240
;__Lib_MathDouble.c,982 :: 		
0x06BC	0x2609      	ADDWF       R9, 1, 0
;__Lib_MathDouble.c,983 :: 		
0x06BE	0x3804      	SWAPF       R4, 0, 0
;__Lib_MathDouble.c,984 :: 		
0x06C0	0x0B0F      	ANDLW       15
;__Lib_MathDouble.c,985 :: 		
0x06C2	0x6E04      	MOVWF       R4, 0
;__Lib_MathDouble.c,986 :: 		
0x06C4	0x3805      	SWAPF       R5, 0, 0
;__Lib_MathDouble.c,987 :: 		
0x06C6	0x0BF0      	ANDLW       240
;__Lib_MathDouble.c,988 :: 		
0x06C8	0x2604      	ADDWF       R4, 1, 0
;__Lib_MathDouble.c,989 :: 		
0x06CA	0x3805      	SWAPF       R5, 0, 0
;__Lib_MathDouble.c,990 :: 		
0x06CC	0x0B0F      	ANDLW       15
;__Lib_MathDouble.c,991 :: 		
0x06CE	0x6E05      	MOVWF       R5, 0
;__Lib_MathDouble.c,992 :: 		
0x06D0	0x3806      	SWAPF       R6, 0, 0
;__Lib_MathDouble.c,993 :: 		
0x06D2	0x0BF0      	ANDLW       240
;__Lib_MathDouble.c,994 :: 		
0x06D4	0x2605      	ADDWF       R5, 1, 0
;__Lib_MathDouble.c,995 :: 		
0x06D6	0x3806      	SWAPF       R6, 0, 0
;__Lib_MathDouble.c,996 :: 		
0x06D8	0x0B0F      	ANDLW       15
;__Lib_MathDouble.c,997 :: 		
0x06DA	0x6E06      	MOVWF       R6, 0
;__Lib_MathDouble.c,998 :: 		
0x06DC	0x4E07      	DCFSNZ      R7, 1, 0
;__Lib_MathDouble.c,999 :: 		
0x06DE	0xF003EF86  	GOTO        ALIGNED32
;__Lib_MathDouble.c,1001 :: 		
ALOOP32:
;__Lib_MathDouble.c,1002 :: 		
0x06E2	0x90D8      	BCF         STATUS, 0, 0
;__Lib_MathDouble.c,1003 :: 		
0x06E4	0x3206      	RRCF        R6, 1, 0
;__Lib_MathDouble.c,1004 :: 		
0x06E6	0x3205      	RRCF        R5, 1, 0
;__Lib_MathDouble.c,1005 :: 		
0x06E8	0x3204      	RRCF        R4, 1, 0
;__Lib_MathDouble.c,1006 :: 		
0x06EA	0x3209      	RRCF        R9, 1, 0
;__Lib_MathDouble.c,1007 :: 		
0x06EC	0x4E07      	DCFSNZ      R7, 1, 0
;__Lib_MathDouble.c,1008 :: 		
0x06EE	0xF003EF86  	GOTO        ALIGNED32
;__Lib_MathDouble.c,1009 :: 		
0x06F2	0x90D8      	BCF         STATUS, 0, 0
;__Lib_MathDouble.c,1010 :: 		
0x06F4	0x3206      	RRCF        R6, 1, 0
;__Lib_MathDouble.c,1011 :: 		
0x06F6	0x3205      	RRCF        R5, 1, 0
;__Lib_MathDouble.c,1012 :: 		
0x06F8	0x3204      	RRCF        R4, 1, 0
;__Lib_MathDouble.c,1013 :: 		
0x06FA	0x3209      	RRCF        R9, 1, 0
;__Lib_MathDouble.c,1014 :: 		
0x06FC	0x4E07      	DCFSNZ      R7, 1, 0
;__Lib_MathDouble.c,1015 :: 		
0x06FE	0xF003EF86  	GOTO        ALIGNED32
;__Lib_MathDouble.c,1016 :: 		
0x0702	0x90D8      	BCF         STATUS, 0, 0
;__Lib_MathDouble.c,1017 :: 		
0x0704	0x3206      	RRCF        R6, 1, 0
;__Lib_MathDouble.c,1018 :: 		
0x0706	0x3205      	RRCF        R5, 1, 0
;__Lib_MathDouble.c,1019 :: 		
0x0708	0x3204      	RRCF        R4, 1, 0
;__Lib_MathDouble.c,1020 :: 		
0x070A	0x3209      	RRCF        R9, 1, 0
;__Lib_MathDouble.c,1022 :: 		
ALIGNED32:
;__Lib_MathDouble.c,1023 :: 		
0x070C	0x6A08      	CLRF        R8, 0
;__Lib_MathDouble.c,1024 :: 		
0x070E	0x0E00      	MOVLW       0
;__Lib_MathDouble.c,1025 :: 		
0x0710	0xAE0E      	BTFSS       R14, 7, 0
;__Lib_MathDouble.c,1026 :: 		
0x0712	0xF003EF93  	GOTO        AOK32
;__Lib_MathDouble.c,1027 :: 		
0x0716	0x1E09      	COMF        R9, 1, 0
;__Lib_MathDouble.c,1028 :: 		
0x0718	0x1E04      	COMF        R4, 1, 0
;__Lib_MathDouble.c,1029 :: 		
0x071A	0x1E05      	COMF        R5, 1, 0
;__Lib_MathDouble.c,1030 :: 		
0x071C	0x1E06      	COMF        R6, 1, 0
;__Lib_MathDouble.c,1031 :: 		
0x071E	0x2A09      	INCF        R9, 1, 0
;__Lib_MathDouble.c,1032 :: 		
0x0720	0x2204      	ADDWFC      R4, 1, 0
;__Lib_MathDouble.c,1033 :: 		
0x0722	0x2205      	ADDWFC      R5, 1, 0
;__Lib_MathDouble.c,1034 :: 		
0x0724	0x2206      	ADDWFC      R6, 1, 0
;__Lib_MathDouble.c,1036 :: 		
AOK32:
;__Lib_MathDouble.c,1037 :: 		
0x0726	0x5009      	MOVF        R9, 0, 0
;__Lib_MathDouble.c,1038 :: 		
0x0728	0x2608      	ADDWF       R8, 1, 0
;__Lib_MathDouble.c,1039 :: 		
0x072A	0x5004      	MOVF        R4, 0, 0
;__Lib_MathDouble.c,1040 :: 		
0x072C	0x2200      	ADDWFC      R0, 1, 0
;__Lib_MathDouble.c,1041 :: 		
0x072E	0x5005      	MOVF        R5, 0, 0
;__Lib_MathDouble.c,1042 :: 		
0x0730	0x2201      	ADDWFC      R1, 1, 0
;__Lib_MathDouble.c,1043 :: 		
0x0732	0x5006      	MOVF        R6, 0, 0
;__Lib_MathDouble.c,1044 :: 		
0x0734	0x2202      	ADDWFC      R2, 1, 0
;__Lib_MathDouble.c,1046 :: 		
0x0736	0xBE0E      	BTFSC       R14, 7, 0
;__Lib_MathDouble.c,1047 :: 		
0x0738	0xF003EFAA  	GOTO        ACOMP32
;__Lib_MathDouble.c,1048 :: 		
0x073C	0xA0D8      	BTFSS       STATUS, 0, 0
;__Lib_MathDouble.c,1049 :: 		
0x073E	0xF003EFB9  	GOTO        ADDJPNRMRND4032
;__Lib_MathDouble.c,1051 :: 		
0x0742	0x3202      	RRCF        R2, 1, 0
;__Lib_MathDouble.c,1052 :: 		
0x0744	0x3201      	RRCF        R1, 1, 0
;__Lib_MathDouble.c,1053 :: 		
0x0746	0x3200      	RRCF        R0, 1, 0
;__Lib_MathDouble.c,1054 :: 		
0x0748	0x3208      	RRCF        R8, 1, 0
;__Lib_MathDouble.c,1055 :: 		
0x074A	0x3E03      	INCFSZ      R3, 1, 0
;__Lib_MathDouble.c,1056 :: 		
0x074C	0xF003EFB9  	GOTO        ADDJPNRMRND4032
;__Lib_MathDouble.c,1057 :: 		
0x0750	0xF003EFC3  	GOTO        ADDJPSETFOV32
;__Lib_MathDouble.c,1059 :: 		
ACOMP32:
;__Lib_MathDouble.c,1060 :: 		
0x0754	0xB0D8      	BTFSC       STATUS, 0, 0
;__Lib_MathDouble.c,1061 :: 		
0x0756	0xF003EFBE  	GOTO        ADDJPNRM4032
;__Lib_MathDouble.c,1062 :: 		
0x075A	0x0E00      	MOVLW       0
;__Lib_MathDouble.c,1063 :: 		
0x075C	0x1E08      	COMF        R8, 1, 0
;__Lib_MathDouble.c,1064 :: 		
0x075E	0x1E00      	COMF        R0, 1, 0
;__Lib_MathDouble.c,1065 :: 		
0x0760	0x1E01      	COMF        R1, 1, 0
;__Lib_MathDouble.c,1066 :: 		
0x0762	0x1E02      	COMF        R2, 1, 0
;__Lib_MathDouble.c,1067 :: 		
0x0764	0x2A08      	INCF        R8, 1, 0
;__Lib_MathDouble.c,1068 :: 		
0x0766	0x2200      	ADDWFC      R0, 1, 0
;__Lib_MathDouble.c,1069 :: 		
0x0768	0x2201      	ADDWFC      R1, 1, 0
;__Lib_MathDouble.c,1070 :: 		
0x076A	0x2202      	ADDWFC      R2, 1, 0
;__Lib_MathDouble.c,1071 :: 		
0x076C	0x7E0A      	BTG         R10, 7, 0
;__Lib_MathDouble.c,1072 :: 		
0x076E	0xF003EFBE  	GOTO        ADDJPNRM4032
;__Lib_MathDouble.c,1074 :: 		
ADDJPNRMRND4032:
;__Lib_MathDouble.c,1075 :: 		
0x0772	0x0E01      	MOVLW       1
;__Lib_MathDouble.c,1076 :: 		
0x0774	0x6E0C      	MOVWF       R12, 0
;__Lib_MathDouble.c,1078 :: 		
0x0776	0xDC84      	RCALL       _NRM4032
;__Lib_MathDouble.c,1080 :: 		
0x0778	0xF003EFCA  	GOTO        ADDEEE
;__Lib_MathDouble.c,1081 :: 		
ADDJPNRM4032:
;__Lib_MathDouble.c,1082 :: 		
0x077C	0x0E02      	MOVLW       2
;__Lib_MathDouble.c,1083 :: 		
0x077E	0x6E0C      	MOVWF       R12, 0
;__Lib_MathDouble.c,1085 :: 		
0x0780	0xDC7F      	RCALL       _NRM4032
;__Lib_MathDouble.c,1087 :: 		
0x0782	0xF003EFCA  	GOTO        ADDEEE
;__Lib_MathDouble.c,1088 :: 		
ADDJPSETFOV32:
;__Lib_MathDouble.c,1089 :: 		
0x0786	0x0E04      	MOVLW       4
;__Lib_MathDouble.c,1090 :: 		
0x0788	0x6E0C      	MOVWF       R12, 0
;__Lib_MathDouble.c,1092 :: 		
0x078A	0xDC48      	RCALL       _SETFOV32
;__Lib_MathDouble.c,1094 :: 		
0x078C	0xF003EFCA  	GOTO        ADDEEE
;__Lib_MathDouble.c,1095 :: 		
ADDEOK:
;__Lib_MathDouble.c,1096 :: 		
0x0790	0x0E00      	MOVLW       0
;__Lib_MathDouble.c,1097 :: 		
0x0792	0x6E0C      	MOVWF       R12, 0
;__Lib_MathDouble.c,1098 :: 		
ADDEEE:
;__Lib_MathDouble.c,1105 :: 		
L_end_Add_32x32_FP:
0x0794	0x0012      	RETURN      0
; end of _Add_32x32_FP
_main:
;p8d.c,1 :: 		void main() {
;p8d.c,2 :: 		char i = 0;
0x0796	0x6A1D      	CLRF        main_i_L0 
0x0798	0x6A1E      	CLRF        main_valor_L0 
0x079A	0x6A1F      	CLRF        main_valor_L0+1 
0x079C	0x6A20      	CLRF        main_valor_L0+2 
0x079E	0x6A21      	CLRF        main_valor_L0+3 
0x07A0	0x6A22      	CLRF        main_D_L0 
0x07A2	0x6A23      	CLRF        main_D_L0+1 
;p8d.c,8 :: 		TRISC.B0 = 0;
0x07A4	0x9094      	BCF         TRISC, 0 
;p8d.c,10 :: 		ADCON1 = 0x07;
0x07A6	0x0E07      	MOVLW       7
0x07A8	0x6EC1      	MOVWF       ADCON1 
;p8d.c,11 :: 		SPI1_Init();
0x07AA	0xDD64      	RCALL       _SPI1_Init
;p8d.c,13 :: 		SPI1_Write(D >> 6); // se envía al DAC el byte alto del paquete de 16 bits.
0x07AC	0x0E06      	MOVLW       6
0x07AE	0x6E02      	MOVWF       R2 
0x07B0	0xF000C022  	MOVFF       main_D_L0, R0
0x07B4	0xF001C023  	MOVFF       main_D_L0+1, R1
0x07B8	0x5002      	MOVF        R2, 0 
L__main13:
0x07BA	0xE007      	BZ          L__main14
0x07BC	0x3201      	RRCF        R1, 1 
0x07BE	0x3200      	RRCF        R0, 1 
0x07C0	0x9E01      	BCF         R1, 7 
0x07C2	0xBC01      	BTFSC       R1, 6 
0x07C4	0x8E01      	BSF         R1, 7 
0x07C6	0x0FFF      	ADDLW       255
0x07C8	0xD7F8      	BRA         L__main13
L__main14:
0x07CA	0xF024C000  	MOVFF       R0, FARG_SPI1_Write_data_
0x07CE	0xDD49      	RCALL       _SPI1_Write
;p8d.c,14 :: 		SPI1_Write(D << 2); // se envía al DAC el byte bajo del paquete de 16 bits.
0x07D0	0xF024C022  	MOVFF       main_D_L0, FARG_SPI1_Write_data_
0x07D4	0x3624      	RLCF        FARG_SPI1_Write_data_, 1 
0x07D6	0x9024      	BCF         FARG_SPI1_Write_data_, 0 
0x07D8	0x3624      	RLCF        FARG_SPI1_Write_data_, 1 
0x07DA	0x9024      	BCF         FARG_SPI1_Write_data_, 0 
0x07DC	0xDD42      	RCALL       _SPI1_Write
;p8d.c,16 :: 		PORTC.B0 = 1;
0x07DE	0x8082      	BSF         PORTC, 0 
;p8d.c,17 :: 		PORTC.B0 = 0;
0x07E0	0x9082      	BCF         PORTC, 0 
;p8d.c,19 :: 		while(1){
L_main0:
;p8d.c,21 :: 		for(i = 0; i < 100; i++){
0x07E2	0x6A1D      	CLRF        main_i_L0 
L_main2:
0x07E4	0x0E64      	MOVLW       100
0x07E6	0x5C1D      	SUBWF       main_i_L0, 0 
0x07E8	0xE241      	BC          L_main3
;p8d.c,22 :: 		SPI1_Write(D >> 6); // se envía al DAC el byte alto del paquete de 16 bits.
0x07EA	0x0E06      	MOVLW       6
0x07EC	0x6E02      	MOVWF       R2 
0x07EE	0xF000C022  	MOVFF       main_D_L0, R0
0x07F2	0xF001C023  	MOVFF       main_D_L0+1, R1
0x07F6	0x5002      	MOVF        R2, 0 
L__main15:
0x07F8	0xE007      	BZ          L__main16
0x07FA	0x3201      	RRCF        R1, 1 
0x07FC	0x3200      	RRCF        R0, 1 
0x07FE	0x9E01      	BCF         R1, 7 
0x0800	0xBC01      	BTFSC       R1, 6 
0x0802	0x8E01      	BSF         R1, 7 
0x0804	0x0FFF      	ADDLW       255
0x0806	0xD7F8      	BRA         L__main15
L__main16:
0x0808	0xF024C000  	MOVFF       R0, FARG_SPI1_Write_data_
0x080C	0xDD2A      	RCALL       _SPI1_Write
;p8d.c,23 :: 		SPI1_Write(D << 2); // se envía al DAC el byte bajo del paquete de 16 bits.
0x080E	0xF024C022  	MOVFF       main_D_L0, FARG_SPI1_Write_data_
0x0812	0x3624      	RLCF        FARG_SPI1_Write_data_, 1 
0x0814	0x9024      	BCF         FARG_SPI1_Write_data_, 0 
0x0816	0x3624      	RLCF        FARG_SPI1_Write_data_, 1 
0x0818	0x9024      	BCF         FARG_SPI1_Write_data_, 0 
0x081A	0xDD23      	RCALL       _SPI1_Write
;p8d.c,24 :: 		PORTC.B0 = 1;
0x081C	0x8082      	BSF         PORTC, 0 
;p8d.c,25 :: 		delay_us(270);
0x081E	0x0EB3      	MOVLW       179
0x0820	0x6E0D      	MOVWF       R13, 0
L_main5:
0x0822	0x2E0D      	DECFSZ      R13, 1, 0
0x0824	0xD7FE      	BRA         L_main5
0x0826	0x0000      	NOP
0x0828	0x0000      	NOP
;p8d.c,26 :: 		valor += 5.12;
0x082A	0xF000C01E  	MOVFF       main_valor_L0, R0
0x082E	0xF001C01F  	MOVFF       main_valor_L0+1, R1
0x0832	0xF002C020  	MOVFF       main_valor_L0+2, R2
0x0836	0xF003C021  	MOVFF       main_valor_L0+3, R3
0x083A	0x0E0A      	MOVLW       10
0x083C	0x6E04      	MOVWF       R4 
0x083E	0x0ED7      	MOVLW       215
0x0840	0x6E05      	MOVWF       R5 
0x0842	0x0E23      	MOVLW       35
0x0844	0x6E06      	MOVWF       R6 
0x0846	0x0E81      	MOVLW       129
0x0848	0x6E07      	MOVWF       R7 
0x084A	0xDD95      	RCALL       _Add_32x32_FP
0x084C	0xF01EC000  	MOVFF       R0, main_valor_L0
0x0850	0xF01FC001  	MOVFF       R1, main_valor_L0+1
0x0854	0xF020C002  	MOVFF       R2, main_valor_L0+2
0x0858	0xF021C003  	MOVFF       R3, main_valor_L0+3
;p8d.c,27 :: 		D = (int)valor;
0x085C	0xDD23      	RCALL       _double2int
0x085E	0xF022C000  	MOVFF       R0, main_D_L0
0x0862	0xF023C001  	MOVFF       R1, main_D_L0+1
;p8d.c,28 :: 		PORTC.B0 = 0;
0x0866	0x9082      	BCF         PORTC, 0 
;p8d.c,21 :: 		for(i = 0; i < 100; i++){
0x0868	0x2A1D      	INCF        main_i_L0, 1 
;p8d.c,29 :: 		}
0x086A	0xD7BC      	BRA         L_main2
L_main3:
;p8d.c,31 :: 		valor = 512;
0x086C	0x0E00      	MOVLW       0
0x086E	0x6E1E      	MOVWF       main_valor_L0 
0x0870	0x0E00      	MOVLW       0
0x0872	0x6E1F      	MOVWF       main_valor_L0+1 
0x0874	0x0E00      	MOVLW       0
0x0876	0x6E20      	MOVWF       main_valor_L0+2 
0x0878	0x0E88      	MOVLW       136
0x087A	0x6E21      	MOVWF       main_valor_L0+3 
;p8d.c,32 :: 		D = 512;
0x087C	0x0E00      	MOVLW       0
0x087E	0x6E22      	MOVWF       main_D_L0 
0x0880	0x0E02      	MOVLW       2
0x0882	0x6E23      	MOVWF       main_D_L0+1 
;p8d.c,34 :: 		SPI1_Write(D >> 6); // se envía al DAC el byte alto del paquete de 16 bits.
0x0884	0x0E06      	MOVLW       6
0x0886	0x6E02      	MOVWF       R2 
0x0888	0xF000C022  	MOVFF       main_D_L0, R0
0x088C	0xF001C023  	MOVFF       main_D_L0+1, R1
0x0890	0x5002      	MOVF        R2, 0 
L__main17:
0x0892	0xE007      	BZ          L__main18
0x0894	0x3201      	RRCF        R1, 1 
0x0896	0x3200      	RRCF        R0, 1 
0x0898	0x9E01      	BCF         R1, 7 
0x089A	0xBC01      	BTFSC       R1, 6 
0x089C	0x8E01      	BSF         R1, 7 
0x089E	0x0FFF      	ADDLW       255
0x08A0	0xD7F8      	BRA         L__main17
L__main18:
0x08A2	0xF024C000  	MOVFF       R0, FARG_SPI1_Write_data_
0x08A6	0xDCDD      	RCALL       _SPI1_Write
;p8d.c,35 :: 		SPI1_Write(D << 2); // se envía al DAC el byte bajo del paquete de 16 bits.
0x08A8	0xF024C022  	MOVFF       main_D_L0, FARG_SPI1_Write_data_
0x08AC	0x3624      	RLCF        FARG_SPI1_Write_data_, 1 
0x08AE	0x9024      	BCF         FARG_SPI1_Write_data_, 0 
0x08B0	0x3624      	RLCF        FARG_SPI1_Write_data_, 1 
0x08B2	0x9024      	BCF         FARG_SPI1_Write_data_, 0 
0x08B4	0xDCD6      	RCALL       _SPI1_Write
;p8d.c,36 :: 		PORTC.B0 = 1;
0x08B6	0x8082      	BSF         PORTC, 0 
;p8d.c,37 :: 		delay_ms(70);
0x08B8	0x0EB6      	MOVLW       182
0x08BA	0x6E0C      	MOVWF       R12, 0
0x08BC	0x0ED0      	MOVLW       208
0x08BE	0x6E0D      	MOVWF       R13, 0
L_main6:
0x08C0	0x2E0D      	DECFSZ      R13, 1, 0
0x08C2	0xD7FE      	BRA         L_main6
0x08C4	0x2E0C      	DECFSZ      R12, 1, 0
0x08C6	0xD7FC      	BRA         L_main6
0x08C8	0x0000      	NOP
;p8d.c,38 :: 		PORTC.B0 = 0;
0x08CA	0x9082      	BCF         PORTC, 0 
;p8d.c,40 :: 		for(i = 0; i < 100; i++){
0x08CC	0x6A1D      	CLRF        main_i_L0 
L_main7:
0x08CE	0x0E64      	MOVLW       100
0x08D0	0x5C1D      	SUBWF       main_i_L0, 0 
0x08D2	0xE241      	BC          L_main8
;p8d.c,41 :: 		SPI1_Write(D >> 6); // se envía al DAC el byte alto del paquete de 16 bits.
0x08D4	0x0E06      	MOVLW       6
0x08D6	0x6E02      	MOVWF       R2 
0x08D8	0xF000C022  	MOVFF       main_D_L0, R0
0x08DC	0xF001C023  	MOVFF       main_D_L0+1, R1
0x08E0	0x5002      	MOVF        R2, 0 
L__main19:
0x08E2	0xE007      	BZ          L__main20
0x08E4	0x3201      	RRCF        R1, 1 
0x08E6	0x3200      	RRCF        R0, 1 
0x08E8	0x9E01      	BCF         R1, 7 
0x08EA	0xBC01      	BTFSC       R1, 6 
0x08EC	0x8E01      	BSF         R1, 7 
0x08EE	0x0FFF      	ADDLW       255
0x08F0	0xD7F8      	BRA         L__main19
L__main20:
0x08F2	0xF024C000  	MOVFF       R0, FARG_SPI1_Write_data_
0x08F6	0xDCB5      	RCALL       _SPI1_Write
;p8d.c,42 :: 		SPI1_Write(D << 2); // se envía al DAC el byte bajo del paquete de 16 bits.
0x08F8	0xF024C022  	MOVFF       main_D_L0, FARG_SPI1_Write_data_
0x08FC	0x3624      	RLCF        FARG_SPI1_Write_data_, 1 
0x08FE	0x9024      	BCF         FARG_SPI1_Write_data_, 0 
0x0900	0x3624      	RLCF        FARG_SPI1_Write_data_, 1 
0x0902	0x9024      	BCF         FARG_SPI1_Write_data_, 0 
0x0904	0xDCAE      	RCALL       _SPI1_Write
;p8d.c,43 :: 		PORTC.B0 = 1;
0x0906	0x8082      	BSF         PORTC, 0 
;p8d.c,44 :: 		PORTC.B0 = 0;
0x0908	0x9082      	BCF         PORTC, 0 
;p8d.c,45 :: 		delay_us(270);
0x090A	0x0EB3      	MOVLW       179
0x090C	0x6E0D      	MOVWF       R13, 0
L_main10:
0x090E	0x2E0D      	DECFSZ      R13, 1, 0
0x0910	0xD7FE      	BRA         L_main10
0x0912	0x0000      	NOP
0x0914	0x0000      	NOP
;p8d.c,46 :: 		valor += 5.12;
0x0916	0xF000C01E  	MOVFF       main_valor_L0, R0
0x091A	0xF001C01F  	MOVFF       main_valor_L0+1, R1
0x091E	0xF002C020  	MOVFF       main_valor_L0+2, R2
0x0922	0xF003C021  	MOVFF       main_valor_L0+3, R3
0x0926	0x0E0A      	MOVLW       10
0x0928	0x6E04      	MOVWF       R4 
0x092A	0x0ED7      	MOVLW       215
0x092C	0x6E05      	MOVWF       R5 
0x092E	0x0E23      	MOVLW       35
0x0930	0x6E06      	MOVWF       R6 
0x0932	0x0E81      	MOVLW       129
0x0934	0x6E07      	MOVWF       R7 
0x0936	0xDD1F      	RCALL       _Add_32x32_FP
0x0938	0xF01EC000  	MOVFF       R0, main_valor_L0
0x093C	0xF01FC001  	MOVFF       R1, main_valor_L0+1
0x0940	0xF020C002  	MOVFF       R2, main_valor_L0+2
0x0944	0xF021C003  	MOVFF       R3, main_valor_L0+3
;p8d.c,47 :: 		D = (int)valor;
0x0948	0xDCAD      	RCALL       _double2int
0x094A	0xF022C000  	MOVFF       R0, main_D_L0
0x094E	0xF023C001  	MOVFF       R1, main_D_L0+1
;p8d.c,40 :: 		for(i = 0; i < 100; i++){
0x0952	0x2A1D      	INCF        main_i_L0, 1 
;p8d.c,48 :: 		}
0x0954	0xD7BC      	BRA         L_main7
L_main8:
;p8d.c,50 :: 		valor = 0;
0x0956	0x6A1E      	CLRF        main_valor_L0 
0x0958	0x6A1F      	CLRF        main_valor_L0+1 
0x095A	0x6A20      	CLRF        main_valor_L0+2 
0x095C	0x6A21      	CLRF        main_valor_L0+3 
;p8d.c,51 :: 		D = 0;
0x095E	0x6A22      	CLRF        main_D_L0 
0x0960	0x6A23      	CLRF        main_D_L0+1 
;p8d.c,52 :: 		PORTC.B0 = 1;
0x0962	0x8082      	BSF         PORTC, 0 
;p8d.c,53 :: 		PORTC.B0 = 0;
0x0964	0x9082      	BCF         PORTC, 0 
;p8d.c,54 :: 		SPI1_Write(D >> 6); // se envía al DAC el byte alto del paquete de 16 bits.
0x0966	0x0E06      	MOVLW       6
0x0968	0x6E02      	MOVWF       R2 
0x096A	0xF000C022  	MOVFF       main_D_L0, R0
0x096E	0xF001C023  	MOVFF       main_D_L0+1, R1
0x0972	0x5002      	MOVF        R2, 0 
L__main21:
0x0974	0xE007      	BZ          L__main22
0x0976	0x3201      	RRCF        R1, 1 
0x0978	0x3200      	RRCF        R0, 1 
0x097A	0x9E01      	BCF         R1, 7 
0x097C	0xBC01      	BTFSC       R1, 6 
0x097E	0x8E01      	BSF         R1, 7 
0x0980	0x0FFF      	ADDLW       255
0x0982	0xD7F8      	BRA         L__main21
L__main22:
0x0984	0xF024C000  	MOVFF       R0, FARG_SPI1_Write_data_
0x0988	0xDC6C      	RCALL       _SPI1_Write
;p8d.c,55 :: 		SPI1_Write(D << 2); // se envía al DAC el byte bajo del paquete de 16 bits.
0x098A	0xF024C022  	MOVFF       main_D_L0, FARG_SPI1_Write_data_
0x098E	0x3624      	RLCF        FARG_SPI1_Write_data_, 1 
0x0990	0x9024      	BCF         FARG_SPI1_Write_data_, 0 
0x0992	0x3624      	RLCF        FARG_SPI1_Write_data_, 1 
0x0994	0x9024      	BCF         FARG_SPI1_Write_data_, 0 
0x0996	0xDC65      	RCALL       _SPI1_Write
;p8d.c,56 :: 		delay_us(56);
0x0998	0x0E25      	MOVLW       37
0x099A	0x6E0D      	MOVWF       R13, 0
L_main11:
0x099C	0x2E0D      	DECFSZ      R13, 1, 0
0x099E	0xD7FE      	BRA         L_main11
;p8d.c,58 :: 		}
0x09A0	0xD720      	BRA         L_main0
;p8d.c,59 :: 		}
L_end_main:
0x09A2	0xD7FF      	BRA         $+0
; end of _main
Symbol List:
//** Routines locations **
//ADDRESS    SIZE    PROCEDURE
//----------------------------------------------
0x001C      [24]    _SETFOV32
0x0034       [8]    _FIXSIGN32
0x003C      [26]    _SETFUN32
0x0056      [14]    _RES032
0x0064      [28]    _SETIOV3224
0x0080     [482]    _NRM4032
0x0262      [18]    _SPI1_Write
0x0274      [48]    _SPI1_Init
0x02A4     [210]    _double2int
0x0376    [1056]    _Add_32x32_FP
0x0796     [526]    _main
//** Variables locations ** 
//ADDRESS    SIZE    VARIABLE
//----------------------------------------------
0x0000       [1]    R0
0x0000       [1]    SPI1_Write_tmp_L0
0x0001       [1]    R1
0x0002       [1]    R2
0x0003       [1]    R3
0x0004       [1]    R4
0x0005       [1]    R5
0x0006       [1]    R6
0x0007       [1]    R7
0x0008       [1]    R8
0x0009       [1]    R9
0x000A       [1]    R10
0x000B       [1]    R11
0x000C       [1]    R12
0x000D       [1]    R13
0x000E       [1]    R14
0x000F       [1]    R15
0x0010       [1]    R16
0x0011       [1]    R17
0x0012       [1]    R18
0x0013       [1]    R19
0x0014       [1]    R20
0x0015       [4]    _SPI_Wr_Ptr
0x0019       [4]    _SPI_Rd_Ptr
0x001D       [1]    main_i_L0
0x001E       [4]    main_valor_L0
0x0022       [2]    main_D_L0
0x0024       [1]    FARG_SPI1_Write_data_
0x0F82       [1]    PORTC
0x0F94       [0]    TRISC5_bit
0x0F94       [0]    TRISC3_bit
0x0F94       [0]    TRISC4_bit
0x0F94       [1]    TRISC
0x0FC1       [1]    ADCON1
0x0FC6       [1]    SSPCON1
0x0FC7       [1]    SSPSTAT
0x0FC9       [1]    SSPBUF
0x0FD8       [1]    STATUS
0x0FD9       [1]    FSR2L
0x0FDA       [1]    FSR2H
0x0FDE       [1]    POSTINC2
0x0FE0       [1]    BSR
0x0FE1       [1]    FSR1L
0x0FE2       [1]    FSR1H
0x0FE4       [1]    PREINC1
0x0FE6       [1]    POSTINC1
0x0FE7       [1]    INDF1
0x0FE8       [1]    WREG
0x0FE9       [1]    FSR0L
0x0FEA       [1]    FSR0H
0x0FEE       [1]    POSTINC0
0x0FF3       [1]    PRODL
0x0FF4       [1]    PRODH
0x0FF5       [1]    TABLAT
0x0FF6       [1]    TBLPTRL
0x0FF7       [1]    TBLPTRH
0x0FF8       [1]    TBLPTRU
